2026-05-01 16:34:13 [INFO    ] main                 ============================================================
2026-05-01 16:34:13 [INFO    ] main                 APK Update Pipeline — Start
2026-05-01 16:34:13 [INFO    ] main                   Repository : nOneCode4u/mixplorer-releases-google
2026-05-01 16:34:13 [INFO    ] main                   Force all  : True
2026-05-01 16:34:13 [INFO    ] main                   Debug      : False
2026-05-01 16:34:13 [INFO    ] main                 ============================================================
2026-05-01 16:34:13 [INFO    ] main                 Workflow state: Running
2026-05-01 16:34:13 [INFO    ] main                 Loaded 0 manual override(s)
2026-05-01 16:34:13 [INFO    ] main                 Previously released apps: ['MiX_Archive', 'MiX_Encrypt', 'MiX_Image', 'MiX_PDF', 'MiX_Player_Codecs', 'MiX_Tagger', 'MiXplorer-v6.70.3']
2026-05-01 16:34:14 [DEBUG   ] drive_client         list_folder(1BfeK39boriHy-9q76eXLLqbCwfV17-Gv): 7 items
2026-05-01 16:34:14 [INFO    ] main                 Drive app folders: ['MiX Archive', 'MiX Encrypt', 'MiX Image', 'MiX PDF', 'MiX Player Codecs', 'MiX Tagger', 'MiXplorer-v6.70.3']
2026-05-01 16:34:14 [INFO    ] main                 ──────────────────────────────────────────────────
2026-05-01 16:34:14 [INFO    ] main                 App: MiX_Archive  (Drive folder: MiX Archive)
2026-05-01 16:34:14 [DEBUG   ] drive_client         list_folder(1HmXsotMG4qYVARm0cPSZdom10_NN5QZw): 4 items
2026-05-01 16:34:14 [INFO    ] main                 Found 4 APK(s): ['MiXArchive_B2602261-arm.apk', 'MiXArchive_B2602262-arm64.apk', 'MiXArchive_B2602263-x86.apk', 'MiXArchive_B2602264-x64.apk']
2026-05-01 16:34:14 [INFO    ] drive_client         Downloading MiXArchive_B2602261-arm.apk (attempt 1/3) …
2026-05-01 16:34:15 [INFO    ] drive_client         Downloaded MiXArchive_B2602261-arm.apk (1,465,566 bytes)
2026-05-01 16:34:15 [INFO    ] drive_client         Downloading MiXArchive_B2602262-arm64.apk (attempt 1/3) …
2026-05-01 16:34:16 [INFO    ] drive_client         Downloaded MiXArchive_B2602262-arm64.apk (1,654,079 bytes)
2026-05-01 16:34:16 [INFO    ] drive_client         Downloading MiXArchive_B2602263-x86.apk (attempt 1/3) …
2026-05-01 16:34:16 [INFO    ] drive_client         Downloaded MiXArchive_B2602263-x86.apk (1,656,499 bytes)
2026-05-01 16:34:16 [INFO    ] drive_client         Downloading MiXArchive_B2602264-x64.apk (attempt 1/3) …
2026-05-01 16:34:17 [INFO    ] drive_client         Downloaded MiXArchive_B2602264-x64.apk (1,698,660 bytes)
2026-05-01 16:34:17 [INFO    ] apk_extractor        Extracting version from MiXArchive_B2602261-arm.apk …
2026-05-01 16:34:17 [DEBUG   ] apk_extractor        [aapt] vn=3.20  vc=2602261  pkg=com.mixplorer.addon.archive
2026-05-01 16:34:17 [WARNING ] apk_extractor        pyaxmlparser error on MiXArchive_B2602261-arm.apk: 'APK' object has no attribute 'get_app_version'
2026-05-01 16:34:17 [WARNING ] apk_extractor        Only 1 of 2 fast methods succeeded for MiXArchive_B2602261-arm.apk. Running tiebreaker.
2026-05-01 16:34:17 [WARNING ] androguard.core.api_specific_resources Requested API level 36 is larger than maximum we have, returning API level 28 instead.
2026-05-01 16:34:17 [DEBUG   ] apk_extractor        [androguard] vn=3.20  vc=2602261  pkg=com.mixplorer.addon.archive
2026-05-01 16:34:17 [DEBUG   ] apk_extractor        arch(MiXArchive_B2602261-arm.apk) = arm  (lib dirs found: {'arm'})
2026-05-01 16:34:17 [INFO    ] apk_extractor        ✓ MiXArchive_B2602261-arm.apk: vn=3.20  vc=2602261  arch=arm  confidence=high  methods=['aapt', 'androguard']
2026-05-01 16:34:17 [INFO    ] apk_extractor        Extracting version from MiXArchive_B2602262-arm64.apk …
2026-05-01 16:34:17 [DEBUG   ] apk_extractor        [aapt] vn=3.20  vc=2602262  pkg=com.mixplorer.addon.archive
2026-05-01 16:34:17 [WARNING ] apk_extractor        pyaxmlparser error on MiXArchive_B2602262-arm64.apk: 'APK' object has no attribute 'get_app_version'
2026-05-01 16:34:17 [WARNING ] apk_extractor        Only 1 of 2 fast methods succeeded for MiXArchive_B2602262-arm64.apk. Running tiebreaker.
2026-05-01 16:34:17 [WARNING ] androguard.core.api_specific_resources Requested API level 36 is larger than maximum we have, returning API level 28 instead.
2026-05-01 16:34:17 [DEBUG   ] apk_extractor        [androguard] vn=3.20  vc=2602262  pkg=com.mixplorer.addon.archive
2026-05-01 16:34:17 [DEBUG   ] apk_extractor        arch(MiXArchive_B2602262-arm64.apk) = arm64  (lib dirs found: {'arm64'})
2026-05-01 16:34:17 [INFO    ] apk_extractor        ✓ MiXArchive_B2602262-arm64.apk: vn=3.20  vc=2602262  arch=arm64  confidence=high  methods=['aapt', 'androguard']
2026-05-01 16:34:17 [INFO    ] apk_extractor        Extracting version from MiXArchive_B2602263-x86.apk …
2026-05-01 16:34:17 [DEBUG   ] apk_extractor        [aapt] vn=3.20  vc=2602263  pkg=com.mixplorer.addon.archive
2026-05-01 16:34:17 [WARNING ] apk_extractor        pyaxmlparser error on MiXArchive_B2602263-x86.apk: 'APK' object has no attribute 'get_app_version'
2026-05-01 16:34:17 [WARNING ] apk_extractor        Only 1 of 2 fast methods succeeded for MiXArchive_B2602263-x86.apk. Running tiebreaker.
2026-05-01 16:34:17 [WARNING ] androguard.core.api_specific_resources Requested API level 36 is larger than maximum we have, returning API level 28 instead.
2026-05-01 16:34:17 [DEBUG   ] apk_extractor        [androguard] vn=3.20  vc=2602263  pkg=com.mixplorer.addon.archive
2026-05-01 16:34:17 [DEBUG   ] apk_extractor        arch(MiXArchive_B2602263-x86.apk) = x86  (lib dirs found: {'x86'})
2026-05-01 16:34:17 [INFO    ] apk_extractor        ✓ MiXArchive_B2602263-x86.apk: vn=3.20  vc=2602263  arch=x86  confidence=high  methods=['aapt', 'androguard']
2026-05-01 16:34:17 [INFO    ] apk_extractor        Extracting version from MiXArchive_B2602264-x64.apk …
2026-05-01 16:34:17 [DEBUG   ] apk_extractor        [aapt] vn=3.20  vc=2602264  pkg=com.mixplorer.addon.archive
2026-05-01 16:34:17 [WARNING ] apk_extractor        pyaxmlparser error on MiXArchive_B2602264-x64.apk: 'APK' object has no attribute 'get_app_version'
2026-05-01 16:34:17 [WARNING ] apk_extractor        Only 1 of 2 fast methods succeeded for MiXArchive_B2602264-x64.apk. Running tiebreaker.
2026-05-01 16:34:17 [WARNING ] androguard.core.api_specific_resources Requested API level 36 is larger than maximum we have, returning API level 28 instead.
2026-05-01 16:34:17 [DEBUG   ] apk_extractor        [androguard] vn=3.20  vc=2602264  pkg=com.mixplorer.addon.archive
2026-05-01 16:34:17 [DEBUG   ] apk_extractor        arch(MiXArchive_B2602264-x64.apk) = x64  (lib dirs found: {'x64'})
2026-05-01 16:34:17 [INFO    ] apk_extractor        ✓ MiXArchive_B2602264-x64.apk: vn=3.20  vc=2602264  arch=x64  confidence=high  methods=['aapt', 'androguard']
2026-05-01 16:34:17 [INFO    ] main                   New version detected: MiX_Archive v3.20
2026-05-01 16:34:17 [DEBUG   ] apk_renamer            MiXArchive_B2602261-arm.apk  →  MiX_Archive_v3.20_B2602261-arm.apk
2026-05-01 16:34:17 [DEBUG   ] apk_renamer            MiXArchive_B2602262-arm64.apk  →  MiX_Archive_v3.20_B2602262-arm64.apk
2026-05-01 16:34:17 [DEBUG   ] apk_renamer            MiXArchive_B2602263-x86.apk  →  MiX_Archive_v3.20_B2602263-x86.apk
2026-05-01 16:34:17 [DEBUG   ] apk_renamer            MiXArchive_B2602264-x64.apk  →  MiX_Archive_v3.20_B2602264-x64.apk
2026-05-01 16:34:17 [INFO    ] main                   Renamed: MiXArchive_B2602261-arm.apk  →  MiX_Archive_v3.20_B2602261-arm.apk
2026-05-01 16:34:17 [INFO    ] main                   Renamed: MiXArchive_B2602262-arm64.apk  →  MiX_Archive_v3.20_B2602262-arm64.apk
2026-05-01 16:34:17 [INFO    ] main                   Renamed: MiXArchive_B2602263-x86.apk  →  MiX_Archive_v3.20_B2602263-x86.apk
2026-05-01 16:34:17 [INFO    ] main                   Renamed: MiXArchive_B2602264-x64.apk  →  MiX_Archive_v3.20_B2602264-x64.apk
2026-05-01 16:34:19 [INFO    ] release_manager      Created release: https://github.com/nOneCode4u/mixplorer-releases-google/releases/tag/MiX_Archive-v3.20
2026-05-01 16:34:19 [INFO    ] release_manager        Uploaded: MiX_Archive_v3.20_B2602261-arm.apk  (1,465,566 bytes)
2026-05-01 16:34:20 [INFO    ] release_manager        Uploaded: MiX_Archive_v3.20_B2602262-arm64.apk  (1,654,079 bytes)
2026-05-01 16:34:21 [INFO    ] release_manager        Uploaded: MiX_Archive_v3.20_B2602263-x86.apk  (1,656,499 bytes)
2026-05-01 16:34:21 [INFO    ] release_manager        Uploaded: MiX_Archive_v3.20_B2602264-x64.apk  (1,698,660 bytes)
2026-05-01 16:34:21 [INFO    ] release_manager      Verification PASSED — all 4 assets confirmed.
2026-05-01 16:34:21 [INFO    ] main                 ✓ Released: MiX_Archive v3.20
2026-05-01 16:34:21 [INFO    ] main                 ──────────────────────────────────────────────────
2026-05-01 16:34:21 [INFO    ] main                 App: MiX_Encrypt  (Drive folder: MiX Encrypt)
2026-05-01 16:34:22 [DEBUG   ] drive_client         list_folder(16JkuWnXk7W4oM5WxCIbZS1U0grnw2BA-): 1 items
2026-05-01 16:34:22 [INFO    ] main                 Found 1 APK(s): ['MiXEncrypt_B2512251-universal.apk']
2026-05-01 16:34:22 [INFO    ] drive_client         Downloading MiXEncrypt_B2512251-universal.apk (attempt 1/3) …
2026-05-01 16:34:22 [INFO    ] drive_client         Downloaded MiXEncrypt_B2512251-universal.apk (57,451 bytes)
2026-05-01 16:34:22 [INFO    ] apk_extractor        Extracting version from MiXEncrypt_B2512251-universal.apk …
2026-05-01 16:34:22 [DEBUG   ] apk_extractor        [aapt] vn=1.0  vc=2512251  pkg=com.mixplorer.addon.encrypt
2026-05-01 16:34:22 [WARNING ] apk_extractor        pyaxmlparser error on MiXEncrypt_B2512251-universal.apk: 'APK' object has no attribute 'get_app_version'
2026-05-01 16:34:22 [WARNING ] apk_extractor        Only 1 of 2 fast methods succeeded for MiXEncrypt_B2512251-universal.apk. Running tiebreaker.
2026-05-01 16:34:22 [WARNING ] androguard.core.api_specific_resources Requested API level 36 is larger than maximum we have, returning API level 28 instead.
2026-05-01 16:34:22 [DEBUG   ] apk_extractor        [androguard] vn=1.0  vc=2512251  pkg=com.mixplorer.addon.encrypt
2026-05-01 16:34:22 [DEBUG   ] apk_extractor        arch(MiXEncrypt_B2512251-universal.apk) = java  (lib dirs found: none)
2026-05-01 16:34:22 [INFO    ] apk_extractor        ✓ MiXEncrypt_B2512251-universal.apk: vn=1.0  vc=2512251  arch=java  confidence=high  methods=['aapt', 'androguard']
2026-05-01 16:34:22 [INFO    ] main                   New version detected: MiX_Encrypt v1.0
2026-05-01 16:34:22 [DEBUG   ] apk_renamer            MiXEncrypt_B2512251-universal.apk  →  MiX_Encrypt_v1.0_B2512251.apk
2026-05-01 16:34:22 [INFO    ] main                   Renamed: MiXEncrypt_B2512251-universal.apk  →  MiX_Encrypt_v1.0_B2512251.apk
2026-05-01 16:34:24 [INFO    ] release_manager      Created release: https://github.com/nOneCode4u/mixplorer-releases-google/releases/tag/MiX_Encrypt-v1.0
2026-05-01 16:34:24 [INFO    ] release_manager        Uploaded: MiX_Encrypt_v1.0_B2512251.apk  (57,451 bytes)
2026-05-01 16:34:24 [INFO    ] release_manager      Verification PASSED — all 1 assets confirmed.
2026-05-01 16:34:24 [INFO    ] main                 ✓ Released: MiX_Encrypt v1.0
2026-05-01 16:34:24 [INFO    ] main                 ──────────────────────────────────────────────────
2026-05-01 16:34:24 [INFO    ] main                 App: MiX_Image  (Drive folder: MiX Image)
2026-05-01 16:34:25 [DEBUG   ] drive_client         list_folder(1UKzlyiBcgRQbh1waaduSLrh4Q8TbTrax): 5 items
2026-05-01 16:34:25 [INFO    ] main                 Found 5 APK(s): ['MiXImage_B2602230.apk', 'MiXImage_B2602231-arm.apk', 'MiXImage_B2602232-arm64.apk', 'MiXImage_B2602233-x86.apk', 'MiXImage_B2602234-x64.apk']
2026-05-01 16:34:25 [INFO    ] drive_client         Downloading MiXImage_B2602230.apk (attempt 1/3) …
2026-05-01 16:34:26 [INFO    ] drive_client         Downloaded MiXImage_B2602230.apk (11,108,649 bytes)
2026-05-01 16:34:26 [INFO    ] drive_client         Downloading MiXImage_B2602231-arm.apk (attempt 1/3) …
2026-05-01 16:34:27 [INFO    ] drive_client         Downloaded MiXImage_B2602231-arm.apk (2,411,016 bytes)
2026-05-01 16:34:27 [INFO    ] drive_client         Downloading MiXImage_B2602232-arm64.apk (attempt 1/3) …
2026-05-01 16:34:27 [INFO    ] drive_client         Downloaded MiXImage_B2602232-arm64.apk (3,146,009 bytes)
2026-05-01 16:34:27 [INFO    ] drive_client         Downloading MiXImage_B2602233-x86.apk (attempt 1/3) …
2026-05-01 16:34:28 [INFO    ] drive_client         Downloaded MiXImage_B2602233-x86.apk (2,630,043 bytes)
2026-05-01 16:34:28 [INFO    ] drive_client         Downloading MiXImage_B2602234-x64.apk (attempt 1/3) …
2026-05-01 16:34:29 [INFO    ] drive_client         Downloaded MiXImage_B2602234-x64.apk (3,370,477 bytes)
2026-05-01 16:34:29 [INFO    ] apk_extractor        Extracting version from MiXImage_B2602230.apk …
2026-05-01 16:34:29 [DEBUG   ] apk_extractor        [aapt] vn=2.16  vc=2602230  pkg=com.mixplorer.addon.image
2026-05-01 16:34:29 [WARNING ] apk_extractor        pyaxmlparser error on MiXImage_B2602230.apk: 'APK' object has no attribute 'get_app_version'
2026-05-01 16:34:29 [WARNING ] apk_extractor        Only 1 of 2 fast methods succeeded for MiXImage_B2602230.apk. Running tiebreaker.
2026-05-01 16:34:29 [WARNING ] androguard.core.api_specific_resources Requested API level 36 is larger than maximum we have, returning API level 28 instead.
2026-05-01 16:34:29 [DEBUG   ] apk_extractor        [androguard] vn=2.16  vc=2602230  pkg=com.mixplorer.addon.image
2026-05-01 16:34:29 [DEBUG   ] apk_extractor        arch(MiXImage_B2602230.apk) = universal  (lib dirs found: {'x64', 'arm64', 'x86', 'arm'})
2026-05-01 16:34:29 [INFO    ] apk_extractor        ✓ MiXImage_B2602230.apk: vn=2.16  vc=2602230  arch=universal  confidence=high  methods=['aapt', 'androguard']
2026-05-01 16:34:29 [INFO    ] apk_extractor        Extracting version from MiXImage_B2602231-arm.apk …
2026-05-01 16:34:29 [DEBUG   ] apk_extractor        [aapt] vn=2.16  vc=2602231  pkg=com.mixplorer.addon.image
2026-05-01 16:34:29 [WARNING ] apk_extractor        pyaxmlparser error on MiXImage_B2602231-arm.apk: 'APK' object has no attribute 'get_app_version'
2026-05-01 16:34:29 [WARNING ] apk_extractor        Only 1 of 2 fast methods succeeded for MiXImage_B2602231-arm.apk. Running tiebreaker.
2026-05-01 16:34:29 [WARNING ] androguard.core.api_specific_resources Requested API level 36 is larger than maximum we have, returning API level 28 instead.
2026-05-01 16:34:29 [DEBUG   ] apk_extractor        [androguard] vn=2.16  vc=2602231  pkg=com.mixplorer.addon.image
2026-05-01 16:34:29 [DEBUG   ] apk_extractor        arch(MiXImage_B2602231-arm.apk) = arm  (lib dirs found: {'arm'})
2026-05-01 16:34:29 [INFO    ] apk_extractor        ✓ MiXImage_B2602231-arm.apk: vn=2.16  vc=2602231  arch=arm  confidence=high  methods=['aapt', 'androguard']
2026-05-01 16:34:29 [INFO    ] apk_extractor        Extracting version from MiXImage_B2602232-arm64.apk …
2026-05-01 16:34:29 [DEBUG   ] apk_extractor        [aapt] vn=2.16  vc=2602232  pkg=com.mixplorer.addon.image
2026-05-01 16:34:29 [WARNING ] apk_extractor        pyaxmlparser error on MiXImage_B2602232-arm64.apk: 'APK' object has no attribute 'get_app_version'
2026-05-01 16:34:29 [WARNING ] apk_extractor        Only 1 of 2 fast methods succeeded for MiXImage_B2602232-arm64.apk. Running tiebreaker.
2026-05-01 16:34:29 [WARNING ] androguard.core.api_specific_resources Requested API level 36 is larger than maximum we have, returning API level 28 instead.
2026-05-01 16:34:29 [DEBUG   ] apk_extractor        [androguard] vn=2.16  vc=2602232  pkg=com.mixplorer.addon.image
2026-05-01 16:34:29 [DEBUG   ] apk_extractor        arch(MiXImage_B2602232-arm64.apk) = arm64  (lib dirs found: {'arm64'})
2026-05-01 16:34:29 [INFO    ] apk_extractor        ✓ MiXImage_B2602232-arm64.apk: vn=2.16  vc=2602232  arch=arm64  confidence=high  methods=['aapt', 'androguard']
2026-05-01 16:34:29 [INFO    ] apk_extractor        Extracting version from MiXImage_B2602233-x86.apk …
2026-05-01 16:34:29 [DEBUG   ] apk_extractor        [aapt] vn=2.16  vc=2602233  pkg=com.mixplorer.addon.image
2026-05-01 16:34:29 [WARNING ] apk_extractor        pyaxmlparser error on MiXImage_B2602233-x86.apk: 'APK' object has no attribute 'get_app_version'
2026-05-01 16:34:29 [WARNING ] apk_extractor        Only 1 of 2 fast methods succeeded for MiXImage_B2602233-x86.apk. Running tiebreaker.
2026-05-01 16:34:29 [WARNING ] androguard.core.api_specific_resources Requested API level 36 is larger than maximum we have, returning API level 28 instead.
2026-05-01 16:34:30 [DEBUG   ] apk_extractor        [androguard] vn=2.16  vc=2602233  pkg=com.mixplorer.addon.image
2026-05-01 16:34:30 [DEBUG   ] apk_extractor        arch(MiXImage_B2602233-x86.apk) = x86  (lib dirs found: {'x86'})
2026-05-01 16:34:30 [INFO    ] apk_extractor        ✓ MiXImage_B2602233-x86.apk: vn=2.16  vc=2602233  arch=x86  confidence=high  methods=['aapt', 'androguard']
2026-05-01 16:34:30 [INFO    ] apk_extractor        Extracting version from MiXImage_B2602234-x64.apk …
2026-05-01 16:34:30 [DEBUG   ] apk_extractor        [aapt] vn=2.16  vc=2602234  pkg=com.mixplorer.addon.image
2026-05-01 16:34:30 [WARNING ] apk_extractor        pyaxmlparser error on MiXImage_B2602234-x64.apk: 'APK' object has no attribute 'get_app_version'
2026-05-01 16:34:30 [WARNING ] apk_extractor        Only 1 of 2 fast methods succeeded for MiXImage_B2602234-x64.apk. Running tiebreaker.
2026-05-01 16:34:30 [WARNING ] androguard.core.api_specific_resources Requested API level 36 is larger than maximum we have, returning API level 28 instead.
2026-05-01 16:34:30 [DEBUG   ] apk_extractor        [androguard] vn=2.16  vc=2602234  pkg=com.mixplorer.addon.image
2026-05-01 16:34:30 [DEBUG   ] apk_extractor        arch(MiXImage_B2602234-x64.apk) = x64  (lib dirs found: {'x64'})
2026-05-01 16:34:30 [INFO    ] apk_extractor        ✓ MiXImage_B2602234-x64.apk: vn=2.16  vc=2602234  arch=x64  confidence=high  methods=['aapt', 'androguard']
2026-05-01 16:34:30 [INFO    ] main                   New version detected: MiX_Image v2.16
2026-05-01 16:34:30 [DEBUG   ] apk_renamer            MiXImage_B2602230.apk  →  MiX_Image_v2.16_B2602230-universal.apk
2026-05-01 16:34:30 [DEBUG   ] apk_renamer            MiXImage_B2602231-arm.apk  →  MiX_Image_v2.16_B2602231-arm.apk
2026-05-01 16:34:30 [DEBUG   ] apk_renamer            MiXImage_B2602232-arm64.apk  →  MiX_Image_v2.16_B2602232-arm64.apk
2026-05-01 16:34:30 [DEBUG   ] apk_renamer            MiXImage_B2602233-x86.apk  →  MiX_Image_v2.16_B2602233-x86.apk
2026-05-01 16:34:30 [DEBUG   ] apk_renamer            MiXImage_B2602234-x64.apk  →  MiX_Image_v2.16_B2602234-x64.apk
2026-05-01 16:34:30 [INFO    ] main                   Renamed: MiXImage_B2602230.apk  →  MiX_Image_v2.16_B2602230-universal.apk
2026-05-01 16:34:30 [INFO    ] main                   Renamed: MiXImage_B2602231-arm.apk  →  MiX_Image_v2.16_B2602231-arm.apk
2026-05-01 16:34:30 [INFO    ] main                   Renamed: MiXImage_B2602232-arm64.apk  →  MiX_Image_v2.16_B2602232-arm64.apk
2026-05-01 16:34:30 [INFO    ] main                   Renamed: MiXImage_B2602233-x86.apk  →  MiX_Image_v2.16_B2602233-x86.apk
2026-05-01 16:34:30 [INFO    ] main                   Renamed: MiXImage_B2602234-x64.apk  →  MiX_Image_v2.16_B2602234-x64.apk
2026-05-01 16:34:31 [INFO    ] release_manager      Created release: https://github.com/nOneCode4u/mixplorer-releases-google/releases/tag/MiX_Image-v2.16
2026-05-01 16:34:32 [INFO    ] release_manager        Uploaded: MiX_Image_v2.16_B2602230-universal.apk  (11,108,649 bytes)
2026-05-01 16:34:33 [INFO    ] release_manager        Uploaded: MiX_Image_v2.16_B2602231-arm.apk  (2,411,016 bytes)
2026-05-01 16:34:33 [INFO    ] release_manager        Uploaded: MiX_Image_v2.16_B2602232-arm64.apk  (3,146,009 bytes)
2026-05-01 16:34:34 [INFO    ] release_manager        Uploaded: MiX_Image_v2.16_B2602233-x86.apk  (2,630,043 bytes)
2026-05-01 16:34:35 [INFO    ] release_manager        Uploaded: MiX_Image_v2.16_B2602234-x64.apk  (3,370,477 bytes)
2026-05-01 16:34:35 [INFO    ] release_manager      Verification PASSED — all 5 assets confirmed.
2026-05-01 16:34:35 [INFO    ] main                 ✓ Released: MiX_Image v2.16
2026-05-01 16:34:35 [INFO    ] main                 ──────────────────────────────────────────────────
2026-05-01 16:34:35 [INFO    ] main                 App: MiX_PDF  (Drive folder: MiX PDF)
2026-05-01 16:34:35 [DEBUG   ] drive_client         list_folder(1cdLK7Mz-7C0gLaYHlhqsMlgpgYDrbsCh): 5 items
2026-05-01 16:34:35 [INFO    ] main                 Found 5 APK(s): ['MiXPDF_B2602260.apk', 'MiXPDF_B2602261-arm.apk', 'MiXPDF_B2602262-arm64.apk', 'MiXPDF_B2602263-x86.apk', 'MiXPDF_B2602264-x64.apk']
2026-05-01 16:34:35 [INFO    ] drive_client         Downloading MiXPDF_B2602260.apk (attempt 1/3) …
2026-05-01 16:34:37 [INFO    ] drive_client         Downloaded MiXPDF_B2602260.apk (10,777,999 bytes)
2026-05-01 16:34:37 [INFO    ] drive_client         Downloading MiXPDF_B2602261-arm.apk (attempt 1/3) …
2026-05-01 16:34:38 [INFO    ] drive_client         Downloaded MiXPDF_B2602261-arm.apk (2,728,354 bytes)
2026-05-01 16:34:38 [INFO    ] drive_client         Downloading MiXPDF_B2602262-arm64.apk (attempt 1/3) …
2026-05-01 16:34:39 [INFO    ] drive_client         Downloaded MiXPDF_B2602262-arm64.apk (2,874,272 bytes)
2026-05-01 16:34:39 [INFO    ] drive_client         Downloading MiXPDF_B2602263-x86.apk (attempt 1/3) …
2026-05-01 16:34:39 [INFO    ] drive_client         Downloaded MiXPDF_B2602263-x86.apk (2,930,346 bytes)
2026-05-01 16:34:39 [INFO    ] drive_client         Downloading MiXPDF_B2602264-x64.apk (attempt 1/3) …
2026-05-01 16:34:40 [INFO    ] drive_client         Downloaded MiXPDF_B2602264-x64.apk (2,927,181 bytes)
2026-05-01 16:34:40 [INFO    ] apk_extractor        Extracting version from MiXPDF_B2602260.apk …
2026-05-01 16:34:40 [DEBUG   ] apk_extractor        [aapt] vn=1.19  vc=2602260  pkg=com.mixplorer.addon.pdf
2026-05-01 16:34:40 [WARNING ] apk_extractor        pyaxmlparser error on MiXPDF_B2602260.apk: 'APK' object has no attribute 'get_app_version'
2026-05-01 16:34:40 [WARNING ] apk_extractor        Only 1 of 2 fast methods succeeded for MiXPDF_B2602260.apk. Running tiebreaker.
2026-05-01 16:34:40 [WARNING ] androguard.core.api_specific_resources Requested API level 36 is larger than maximum we have, returning API level 28 instead.
2026-05-01 16:34:41 [DEBUG   ] apk_extractor        [androguard] vn=1.19  vc=2602260  pkg=com.mixplorer.addon.pdf
2026-05-01 16:34:41 [DEBUG   ] apk_extractor        arch(MiXPDF_B2602260.apk) = universal  (lib dirs found: {'x64', 'arm64', 'x86', 'arm'})
2026-05-01 16:34:41 [INFO    ] apk_extractor        ✓ MiXPDF_B2602260.apk: vn=1.19  vc=2602260  arch=universal  confidence=high  methods=['aapt', 'androguard']
2026-05-01 16:34:41 [INFO    ] apk_extractor        Extracting version from MiXPDF_B2602261-arm.apk …
2026-05-01 16:34:41 [DEBUG   ] apk_extractor        [aapt] vn=1.19  vc=2602261  pkg=com.mixplorer.addon.pdf
2026-05-01 16:34:41 [WARNING ] apk_extractor        pyaxmlparser error on MiXPDF_B2602261-arm.apk: 'APK' object has no attribute 'get_app_version'
2026-05-01 16:34:41 [WARNING ] apk_extractor        Only 1 of 2 fast methods succeeded for MiXPDF_B2602261-arm.apk. Running tiebreaker.
2026-05-01 16:34:41 [WARNING ] androguard.core.api_specific_resources Requested API level 36 is larger than maximum we have, returning API level 28 instead.
2026-05-01 16:34:41 [DEBUG   ] apk_extractor        [androguard] vn=1.19  vc=2602261  pkg=com.mixplorer.addon.pdf
2026-05-01 16:34:41 [DEBUG   ] apk_extractor        arch(MiXPDF_B2602261-arm.apk) = arm  (lib dirs found: {'arm'})
2026-05-01 16:34:41 [INFO    ] apk_extractor        ✓ MiXPDF_B2602261-arm.apk: vn=1.19  vc=2602261  arch=arm  confidence=high  methods=['aapt', 'androguard']
2026-05-01 16:34:41 [INFO    ] apk_extractor        Extracting version from MiXPDF_B2602262-arm64.apk …
2026-05-01 16:34:41 [DEBUG   ] apk_extractor        [aapt] vn=1.19  vc=2602262  pkg=com.mixplorer.addon.pdf
2026-05-01 16:34:41 [WARNING ] apk_extractor        pyaxmlparser error on MiXPDF_B2602262-arm64.apk: 'APK' object has no attribute 'get_app_version'
2026-05-01 16:34:41 [WARNING ] apk_extractor        Only 1 of 2 fast methods succeeded for MiXPDF_B2602262-arm64.apk. Running tiebreaker.
2026-05-01 16:34:41 [WARNING ] androguard.core.api_specific_resources Requested API level 36 is larger than maximum we have, returning API level 28 instead.
2026-05-01 16:34:42 [DEBUG   ] apk_extractor        [androguard] vn=1.19  vc=2602262  pkg=com.mixplorer.addon.pdf
2026-05-01 16:34:42 [DEBUG   ] apk_extractor        arch(MiXPDF_B2602262-arm64.apk) = arm64  (lib dirs found: {'arm64'})
2026-05-01 16:34:42 [INFO    ] apk_extractor        ✓ MiXPDF_B2602262-arm64.apk: vn=1.19  vc=2602262  arch=arm64  confidence=high  methods=['aapt', 'androguard']
2026-05-01 16:34:42 [INFO    ] apk_extractor        Extracting version from MiXPDF_B2602263-x86.apk …
2026-05-01 16:34:42 [DEBUG   ] apk_extractor        [aapt] vn=1.19  vc=2602263  pkg=com.mixplorer.addon.pdf
2026-05-01 16:34:42 [WARNING ] apk_extractor        pyaxmlparser error on MiXPDF_B2602263-x86.apk: 'APK' object has no attribute 'get_app_version'
2026-05-01 16:34:42 [WARNING ] apk_extractor        Only 1 of 2 fast methods succeeded for MiXPDF_B2602263-x86.apk. Running tiebreaker.
2026-05-01 16:34:42 [WARNING ] androguard.core.api_specific_resources Requested API level 36 is larger than maximum we have, returning API level 28 instead.
2026-05-01 16:34:43 [DEBUG   ] apk_extractor        [androguard] vn=1.19  vc=2602263  pkg=com.mixplorer.addon.pdf
2026-05-01 16:34:43 [DEBUG   ] apk_extractor        arch(MiXPDF_B2602263-x86.apk) = x86  (lib dirs found: {'x86'})
2026-05-01 16:34:43 [INFO    ] apk_extractor        ✓ MiXPDF_B2602263-x86.apk: vn=1.19  vc=2602263  arch=x86  confidence=high  methods=['aapt', 'androguard']
2026-05-01 16:34:43 [INFO    ] apk_extractor        Extracting version from MiXPDF_B2602264-x64.apk …
2026-05-01 16:34:43 [DEBUG   ] apk_extractor        [aapt] vn=1.19  vc=2602264  pkg=com.mixplorer.addon.pdf
2026-05-01 16:34:43 [WARNING ] apk_extractor        pyaxmlparser error on MiXPDF_B2602264-x64.apk: 'APK' object has no attribute 'get_app_version'
2026-05-01 16:34:43 [WARNING ] apk_extractor        Only 1 of 2 fast methods succeeded for MiXPDF_B2602264-x64.apk. Running tiebreaker.
2026-05-01 16:34:43 [WARNING ] androguard.core.api_specific_resources Requested API level 36 is larger than maximum we have, returning API level 28 instead.
2026-05-01 16:34:44 [DEBUG   ] apk_extractor        [androguard] vn=1.19  vc=2602264  pkg=com.mixplorer.addon.pdf
2026-05-01 16:34:44 [DEBUG   ] apk_extractor        arch(MiXPDF_B2602264-x64.apk) = x64  (lib dirs found: {'x64'})
2026-05-01 16:34:44 [INFO    ] apk_extractor        ✓ MiXPDF_B2602264-x64.apk: vn=1.19  vc=2602264  arch=x64  confidence=high  methods=['aapt', 'androguard']
2026-05-01 16:34:44 [INFO    ] main                   New version detected: MiX_PDF v1.19
2026-05-01 16:34:44 [DEBUG   ] apk_renamer            MiXPDF_B2602260.apk  →  MiX_PDF_v1.19_B2602260-universal.apk
2026-05-01 16:34:44 [DEBUG   ] apk_renamer            MiXPDF_B2602261-arm.apk  →  MiX_PDF_v1.19_B2602261-arm.apk
2026-05-01 16:34:44 [DEBUG   ] apk_renamer            MiXPDF_B2602262-arm64.apk  →  MiX_PDF_v1.19_B2602262-arm64.apk
2026-05-01 16:34:44 [DEBUG   ] apk_renamer            MiXPDF_B2602263-x86.apk  →  MiX_PDF_v1.19_B2602263-x86.apk
2026-05-01 16:34:44 [DEBUG   ] apk_renamer            MiXPDF_B2602264-x64.apk  →  MiX_PDF_v1.19_B2602264-x64.apk
2026-05-01 16:34:44 [INFO    ] main                   Renamed: MiXPDF_B2602260.apk  →  MiX_PDF_v1.19_B2602260-universal.apk
2026-05-01 16:34:44 [INFO    ] main                   Renamed: MiXPDF_B2602261-arm.apk  →  MiX_PDF_v1.19_B2602261-arm.apk
2026-05-01 16:34:44 [INFO    ] main                   Renamed: MiXPDF_B2602262-arm64.apk  →  MiX_PDF_v1.19_B2602262-arm64.apk
2026-05-01 16:34:44 [INFO    ] main                   Renamed: MiXPDF_B2602263-x86.apk  →  MiX_PDF_v1.19_B2602263-x86.apk
2026-05-01 16:34:44 [INFO    ] main                   Renamed: MiXPDF_B2602264-x64.apk  →  MiX_PDF_v1.19_B2602264-x64.apk
2026-05-01 16:34:44 [INFO    ] release_manager      Created release: https://github.com/nOneCode4u/mixplorer-releases-google/releases/tag/MiX_PDF-v1.19
2026-05-01 16:34:45 [INFO    ] release_manager        Uploaded: MiX_PDF_v1.19_B2602260-universal.apk  (10,777,999 bytes)
2026-05-01 16:34:46 [INFO    ] release_manager        Uploaded: MiX_PDF_v1.19_B2602261-arm.apk  (2,728,354 bytes)
2026-05-01 16:34:47 [INFO    ] release_manager        Uploaded: MiX_PDF_v1.19_B2602262-arm64.apk  (2,874,272 bytes)
2026-05-01 16:34:47 [INFO    ] release_manager        Uploaded: MiX_PDF_v1.19_B2602263-x86.apk  (2,930,346 bytes)
2026-05-01 16:34:48 [INFO    ] release_manager        Uploaded: MiX_PDF_v1.19_B2602264-x64.apk  (2,927,181 bytes)
2026-05-01 16:34:48 [INFO    ] release_manager      Verification PASSED — all 5 assets confirmed.
2026-05-01 16:34:48 [INFO    ] main                 ✓ Released: MiX_PDF v1.19
2026-05-01 16:34:48 [INFO    ] main                 ──────────────────────────────────────────────────
2026-05-01 16:34:48 [INFO    ] main                 App: MiX_Player_Codecs  (Drive folder: MiX Player Codecs)
2026-05-01 16:34:48 [DEBUG   ] drive_client         list_folder(1ws2n74i7XiAoDMqhQjXbzpGRovCV6C2i): 5 items
2026-05-01 16:34:48 [INFO    ] main                 Found 5 APK(s): ['MiXCodecs_B2512131-universal.apk', 'MiXCodecs_B2512132-arm.apk', 'MiXCodecs_B2512133-arm64.apk', 'MiXCodecs_B2512134-x86.apk', 'MiXCodecs_B2512135-x64.apk']
2026-05-01 16:34:48 [INFO    ] drive_client         Downloading MiXCodecs_B2512131-universal.apk (attempt 1/3) …
2026-05-01 16:34:55 [INFO    ] drive_client         Downloaded MiXCodecs_B2512131-universal.apk (82,757,237 bytes)
2026-05-01 16:34:55 [INFO    ] drive_client         Downloading MiXCodecs_B2512132-arm.apk (attempt 1/3) …
2026-05-01 16:34:58 [INFO    ] drive_client         Downloaded MiXCodecs_B2512132-arm.apk (19,743,479 bytes)
2026-05-01 16:34:58 [INFO    ] drive_client         Downloading MiXCodecs_B2512133-arm64.apk (attempt 1/3) …
2026-05-01 16:35:00 [INFO    ] drive_client         Downloaded MiXCodecs_B2512133-arm64.apk (20,651,386 bytes)
2026-05-01 16:35:00 [INFO    ] drive_client         Downloading MiXCodecs_B2512134-x86.apk (attempt 1/3) …
2026-05-01 16:35:04 [INFO    ] drive_client         Downloaded MiXCodecs_B2512134-x86.apk (20,663,863 bytes)
2026-05-01 16:35:04 [INFO    ] drive_client         Downloading MiXCodecs_B2512135-x64.apk (attempt 1/3) …
2026-05-01 16:35:06 [INFO    ] drive_client         Downloaded MiXCodecs_B2512135-x64.apk (21,982,792 bytes)
2026-05-01 16:35:06 [INFO    ] apk_extractor        Extracting version from MiXCodecs_B2512131-universal.apk …
2026-05-01 16:35:06 [DEBUG   ] apk_extractor        [aapt] vn=2.9  vc=2512131  pkg=com.mixplorer.addon.codecs
2026-05-01 16:35:06 [WARNING ] apk_extractor        pyaxmlparser error on MiXCodecs_B2512131-universal.apk: 'APK' object has no attribute 'get_app_version'
2026-05-01 16:35:06 [WARNING ] apk_extractor        Only 1 of 2 fast methods succeeded for MiXCodecs_B2512131-universal.apk. Running tiebreaker.
2026-05-01 16:35:06 [WARNING ] androguard.core.api_specific_resources Requested API level 36 is larger than maximum we have, returning API level 28 instead.
2026-05-01 16:35:07 [DEBUG   ] apk_extractor        [androguard] vn=2.9  vc=2512131  pkg=com.mixplorer.addon.codecs
2026-05-01 16:35:07 [DEBUG   ] apk_extractor        arch(MiXCodecs_B2512131-universal.apk) = universal  (lib dirs found: {'x64', 'arm64', 'x86', 'arm'})
2026-05-01 16:35:07 [INFO    ] apk_extractor        ✓ MiXCodecs_B2512131-universal.apk: vn=2.9  vc=2512131  arch=universal  confidence=high  methods=['aapt', 'androguard']
2026-05-01 16:35:07 [INFO    ] apk_extractor        Extracting version from MiXCodecs_B2512132-arm.apk …
2026-05-01 16:35:07 [DEBUG   ] apk_extractor        [aapt] vn=2.9  vc=2512132  pkg=com.mixplorer.addon.codecs
2026-05-01 16:35:07 [WARNING ] apk_extractor        pyaxmlparser error on MiXCodecs_B2512132-arm.apk: 'APK' object has no attribute 'get_app_version'
2026-05-01 16:35:07 [WARNING ] apk_extractor        Only 1 of 2 fast methods succeeded for MiXCodecs_B2512132-arm.apk. Running tiebreaker.
2026-05-01 16:35:07 [WARNING ] androguard.core.api_specific_resources Requested API level 36 is larger than maximum we have, returning API level 28 instead.
2026-05-01 16:35:07 [DEBUG   ] apk_extractor        [androguard] vn=2.9  vc=2512132  pkg=com.mixplorer.addon.codecs
2026-05-01 16:35:07 [DEBUG   ] apk_extractor        arch(MiXCodecs_B2512132-arm.apk) = arm  (lib dirs found: {'arm'})
2026-05-01 16:35:07 [INFO    ] apk_extractor        ✓ MiXCodecs_B2512132-arm.apk: vn=2.9  vc=2512132  arch=arm  confidence=high  methods=['aapt', 'androguard']
2026-05-01 16:35:07 [INFO    ] apk_extractor        Extracting version from MiXCodecs_B2512133-arm64.apk …
2026-05-01 16:35:07 [DEBUG   ] apk_extractor        [aapt] vn=2.9  vc=2512133  pkg=com.mixplorer.addon.codecs
2026-05-01 16:35:07 [WARNING ] apk_extractor        pyaxmlparser error on MiXCodecs_B2512133-arm64.apk: 'APK' object has no attribute 'get_app_version'
2026-05-01 16:35:07 [WARNING ] apk_extractor        Only 1 of 2 fast methods succeeded for MiXCodecs_B2512133-arm64.apk. Running tiebreaker.
2026-05-01 16:35:07 [WARNING ] androguard.core.api_specific_resources Requested API level 36 is larger than maximum we have, returning API level 28 instead.
2026-05-01 16:35:07 [DEBUG   ] apk_extractor        [androguard] vn=2.9  vc=2512133  pkg=com.mixplorer.addon.codecs
2026-05-01 16:35:07 [DEBUG   ] apk_extractor        arch(MiXCodecs_B2512133-arm64.apk) = arm64  (lib dirs found: {'arm64'})
2026-05-01 16:35:07 [INFO    ] apk_extractor        ✓ MiXCodecs_B2512133-arm64.apk: vn=2.9  vc=2512133  arch=arm64  confidence=high  methods=['aapt', 'androguard']
2026-05-01 16:35:07 [INFO    ] apk_extractor        Extracting version from MiXCodecs_B2512134-x86.apk …
2026-05-01 16:35:07 [DEBUG   ] apk_extractor        [aapt] vn=2.9  vc=2512134  pkg=com.mixplorer.addon.codecs
2026-05-01 16:35:07 [WARNING ] apk_extractor        pyaxmlparser error on MiXCodecs_B2512134-x86.apk: 'APK' object has no attribute 'get_app_version'
2026-05-01 16:35:07 [WARNING ] apk_extractor        Only 1 of 2 fast methods succeeded for MiXCodecs_B2512134-x86.apk. Running tiebreaker.
2026-05-01 16:35:07 [WARNING ] androguard.core.api_specific_resources Requested API level 36 is larger than maximum we have, returning API level 28 instead.
2026-05-01 16:35:07 [DEBUG   ] apk_extractor        [androguard] vn=2.9  vc=2512134  pkg=com.mixplorer.addon.codecs
2026-05-01 16:35:07 [DEBUG   ] apk_extractor        arch(MiXCodecs_B2512134-x86.apk) = x86  (lib dirs found: {'x86'})
2026-05-01 16:35:07 [INFO    ] apk_extractor        ✓ MiXCodecs_B2512134-x86.apk: vn=2.9  vc=2512134  arch=x86  confidence=high  methods=['aapt', 'androguard']
2026-05-01 16:35:07 [INFO    ] apk_extractor        Extracting version from MiXCodecs_B2512135-x64.apk …
2026-05-01 16:35:07 [DEBUG   ] apk_extractor        [aapt] vn=2.9  vc=2512135  pkg=com.mixplorer.addon.codecs
2026-05-01 16:35:07 [WARNING ] apk_extractor        pyaxmlparser error on MiXCodecs_B2512135-x64.apk: 'APK' object has no attribute 'get_app_version'
2026-05-01 16:35:07 [WARNING ] apk_extractor        Only 1 of 2 fast methods succeeded for MiXCodecs_B2512135-x64.apk. Running tiebreaker.
2026-05-01 16:35:07 [WARNING ] androguard.core.api_specific_resources Requested API level 36 is larger than maximum we have, returning API level 28 instead.
2026-05-01 16:35:07 [DEBUG   ] apk_extractor        [androguard] vn=2.9  vc=2512135  pkg=com.mixplorer.addon.codecs
2026-05-01 16:35:07 [DEBUG   ] apk_extractor        arch(MiXCodecs_B2512135-x64.apk) = x64  (lib dirs found: {'x64'})
2026-05-01 16:35:07 [INFO    ] apk_extractor        ✓ MiXCodecs_B2512135-x64.apk: vn=2.9  vc=2512135  arch=x64  confidence=high  methods=['aapt', 'androguard']
2026-05-01 16:35:07 [INFO    ] main                   New version detected: MiX_Player_Codecs v2.9
2026-05-01 16:35:07 [DEBUG   ] apk_renamer            MiXCodecs_B2512131-universal.apk  →  MiX_Player_Codecs_v2.9_B2512131-universal.apk
2026-05-01 16:35:07 [DEBUG   ] apk_renamer            MiXCodecs_B2512132-arm.apk  →  MiX_Player_Codecs_v2.9_B2512132-arm.apk
2026-05-01 16:35:07 [DEBUG   ] apk_renamer            MiXCodecs_B2512133-arm64.apk  →  MiX_Player_Codecs_v2.9_B2512133-arm64.apk
2026-05-01 16:35:07 [DEBUG   ] apk_renamer            MiXCodecs_B2512134-x86.apk  →  MiX_Player_Codecs_v2.9_B2512134-x86.apk
2026-05-01 16:35:07 [DEBUG   ] apk_renamer            MiXCodecs_B2512135-x64.apk  →  MiX_Player_Codecs_v2.9_B2512135-x64.apk
2026-05-01 16:35:07 [INFO    ] main                   Renamed: MiXCodecs_B2512131-universal.apk  →  MiX_Player_Codecs_v2.9_B2512131-universal.apk
2026-05-01 16:35:07 [INFO    ] main                   Renamed: MiXCodecs_B2512132-arm.apk  →  MiX_Player_Codecs_v2.9_B2512132-arm.apk
2026-05-01 16:35:07 [INFO    ] main                   Renamed: MiXCodecs_B2512133-arm64.apk  →  MiX_Player_Codecs_v2.9_B2512133-arm64.apk
2026-05-01 16:35:07 [INFO    ] main                   Renamed: MiXCodecs_B2512134-x86.apk  →  MiX_Player_Codecs_v2.9_B2512134-x86.apk
2026-05-01 16:35:07 [INFO    ] main                   Renamed: MiXCodecs_B2512135-x64.apk  →  MiX_Player_Codecs_v2.9_B2512135-x64.apk
2026-05-01 16:35:08 [INFO    ] release_manager      Created release: https://github.com/nOneCode4u/mixplorer-releases-google/releases/tag/MiX_Player_Codecs-v2.9
2026-05-01 16:35:11 [INFO    ] release_manager        Uploaded: MiX_Player_Codecs_v2.9_B2512131-universal.apk  (82,757,237 bytes)
2026-05-01 16:35:12 [INFO    ] release_manager        Uploaded: MiX_Player_Codecs_v2.9_B2512132-arm.apk  (19,743,479 bytes)
2026-05-01 16:35:14 [INFO    ] release_manager        Uploaded: MiX_Player_Codecs_v2.9_B2512133-arm64.apk  (20,651,386 bytes)
2026-05-01 16:35:15 [INFO    ] release_manager        Uploaded: MiX_Player_Codecs_v2.9_B2512134-x86.apk  (20,663,863 bytes)
2026-05-01 16:35:16 [INFO    ] release_manager        Uploaded: MiX_Player_Codecs_v2.9_B2512135-x64.apk  (21,982,792 bytes)
2026-05-01 16:35:16 [INFO    ] release_manager      Verification PASSED — all 5 assets confirmed.
2026-05-01 16:35:16 [INFO    ] main                 ✓ Released: MiX_Player_Codecs v2.9
2026-05-01 16:35:16 [INFO    ] main                 ──────────────────────────────────────────────────
2026-05-01 16:35:16 [INFO    ] main                 App: MiX_Tagger  (Drive folder: MiX Tagger)
2026-05-01 16:35:17 [DEBUG   ] drive_client         list_folder(1U0-6e9LcJ_o7ImGeTddCcSOCVIW5FR52): 5 items
2026-05-01 16:35:17 [INFO    ] main                 Found 5 APK(s): ['MiXTagger_B2602240.apk', 'MiXTagger_B2602241-arm.apk', 'MiXTagger_B2602242-arm64.apk', 'MiXTagger_B2602243-x86.apk', 'MiXTagger_B2602244-x64.apk']
2026-05-01 16:35:17 [INFO    ] drive_client         Downloading MiXTagger_B2602240.apk (attempt 1/3) …
2026-05-01 16:35:18 [INFO    ] drive_client         Downloaded MiXTagger_B2602240.apk (1,162,024 bytes)
2026-05-01 16:35:18 [INFO    ] drive_client         Downloading MiXTagger_B2602241-arm.apk (attempt 1/3) …
2026-05-01 16:35:18 [INFO    ] drive_client         Downloaded MiXTagger_B2602241-arm.apk (890,840 bytes)
2026-05-01 16:35:18 [INFO    ] drive_client         Downloading MiXTagger_B2602242-arm64.apk (attempt 1/3) …
2026-05-01 16:35:19 [INFO    ] drive_client         Downloaded MiXTagger_B2602242-arm64.apk (918,185 bytes)
2026-05-01 16:35:19 [INFO    ] drive_client         Downloading MiXTagger_B2602243-x86.apk (attempt 1/3) …
2026-05-01 16:35:20 [INFO    ] drive_client         Downloaded MiXTagger_B2602243-x86.apk (906,073 bytes)
2026-05-01 16:35:20 [INFO    ] drive_client         Downloading MiXTagger_B2602244-x64.apk (attempt 1/3) …
2026-05-01 16:35:21 [INFO    ] drive_client         Downloaded MiXTagger_B2602244-x64.apk (921,268 bytes)
2026-05-01 16:35:21 [INFO    ] apk_extractor        Extracting version from MiXTagger_B2602240.apk …
2026-05-01 16:35:21 [DEBUG   ] apk_extractor        [aapt] vn=1.11  vc=2602240  pkg=com.mixplorer.addon.tagger
2026-05-01 16:35:21 [WARNING ] apk_extractor        pyaxmlparser error on MiXTagger_B2602240.apk: 'APK' object has no attribute 'get_app_version'
2026-05-01 16:35:21 [WARNING ] apk_extractor        Only 1 of 2 fast methods succeeded for MiXTagger_B2602240.apk. Running tiebreaker.
2026-05-01 16:35:21 [WARNING ] androguard.core.api_specific_resources Requested API level 36 is larger than maximum we have, returning API level 28 instead.
2026-05-01 16:35:24 [DEBUG   ] apk_extractor        [androguard] vn=1.11  vc=2602240  pkg=com.mixplorer.addon.tagger
2026-05-01 16:35:24 [DEBUG   ] apk_extractor        arch(MiXTagger_B2602240.apk) = universal  (lib dirs found: {'x64', 'arm64', 'x86', 'arm'})
2026-05-01 16:35:24 [INFO    ] apk_extractor        ✓ MiXTagger_B2602240.apk: vn=1.11  vc=2602240  arch=universal  confidence=high  methods=['aapt', 'androguard']
2026-05-01 16:35:24 [INFO    ] apk_extractor        Extracting version from MiXTagger_B2602241-arm.apk …
2026-05-01 16:35:24 [DEBUG   ] apk_extractor        [aapt] vn=1.11  vc=2602241  pkg=com.mixplorer.addon.tagger
2026-05-01 16:35:24 [WARNING ] apk_extractor        pyaxmlparser error on MiXTagger_B2602241-arm.apk: 'APK' object has no attribute 'get_app_version'
2026-05-01 16:35:24 [WARNING ] apk_extractor        Only 1 of 2 fast methods succeeded for MiXTagger_B2602241-arm.apk. Running tiebreaker.
2026-05-01 16:35:24 [WARNING ] androguard.core.api_specific_resources Requested API level 36 is larger than maximum we have, returning API level 28 instead.
2026-05-01 16:35:27 [DEBUG   ] apk_extractor        [androguard] vn=1.11  vc=2602241  pkg=com.mixplorer.addon.tagger
2026-05-01 16:35:27 [DEBUG   ] apk_extractor        arch(MiXTagger_B2602241-arm.apk) = arm  (lib dirs found: {'arm'})
2026-05-01 16:35:27 [INFO    ] apk_extractor        ✓ MiXTagger_B2602241-arm.apk: vn=1.11  vc=2602241  arch=arm  confidence=high  methods=['aapt', 'androguard']
2026-05-01 16:35:27 [INFO    ] apk_extractor        Extracting version from MiXTagger_B2602242-arm64.apk …
2026-05-01 16:35:27 [DEBUG   ] apk_extractor        [aapt] vn=1.11  vc=2602242  pkg=com.mixplorer.addon.tagger
2026-05-01 16:35:27 [WARNING ] apk_extractor        pyaxmlparser error on MiXTagger_B2602242-arm64.apk: 'APK' object has no attribute 'get_app_version'
2026-05-01 16:35:27 [WARNING ] apk_extractor        Only 1 of 2 fast methods succeeded for MiXTagger_B2602242-arm64.apk. Running tiebreaker.
2026-05-01 16:35:28 [WARNING ] androguard.core.api_specific_resources Requested API level 36 is larger than maximum we have, returning API level 28 instead.
2026-05-01 16:35:31 [DEBUG   ] apk_extractor        [androguard] vn=1.11  vc=2602242  pkg=com.mixplorer.addon.tagger
2026-05-01 16:35:31 [DEBUG   ] apk_extractor        arch(MiXTagger_B2602242-arm64.apk) = arm64  (lib dirs found: {'arm64'})
2026-05-01 16:35:31 [INFO    ] apk_extractor        ✓ MiXTagger_B2602242-arm64.apk: vn=1.11  vc=2602242  arch=arm64  confidence=high  methods=['aapt', 'androguard']
2026-05-01 16:35:31 [INFO    ] apk_extractor        Extracting version from MiXTagger_B2602243-x86.apk …
2026-05-01 16:35:31 [DEBUG   ] apk_extractor        [aapt] vn=1.11  vc=2602243  pkg=com.mixplorer.addon.tagger
2026-05-01 16:35:31 [WARNING ] apk_extractor        pyaxmlparser error on MiXTagger_B2602243-x86.apk: 'APK' object has no attribute 'get_app_version'
2026-05-01 16:35:31 [WARNING ] apk_extractor        Only 1 of 2 fast methods succeeded for MiXTagger_B2602243-x86.apk. Running tiebreaker.
2026-05-01 16:35:31 [WARNING ] androguard.core.api_specific_resources Requested API level 36 is larger than maximum we have, returning API level 28 instead.
2026-05-01 16:35:35 [DEBUG   ] apk_extractor        [androguard] vn=1.11  vc=2602243  pkg=com.mixplorer.addon.tagger
2026-05-01 16:35:35 [DEBUG   ] apk_extractor        arch(MiXTagger_B2602243-x86.apk) = x86  (lib dirs found: {'x86'})
2026-05-01 16:35:35 [INFO    ] apk_extractor        ✓ MiXTagger_B2602243-x86.apk: vn=1.11  vc=2602243  arch=x86  confidence=high  methods=['aapt', 'androguard']
2026-05-01 16:35:35 [INFO    ] apk_extractor        Extracting version from MiXTagger_B2602244-x64.apk …
2026-05-01 16:35:35 [DEBUG   ] apk_extractor        [aapt] vn=1.11  vc=2602244  pkg=com.mixplorer.addon.tagger
2026-05-01 16:35:35 [WARNING ] apk_extractor        pyaxmlparser error on MiXTagger_B2602244-x64.apk: 'APK' object has no attribute 'get_app_version'
2026-05-01 16:35:35 [WARNING ] apk_extractor        Only 1 of 2 fast methods succeeded for MiXTagger_B2602244-x64.apk. Running tiebreaker.
2026-05-01 16:35:35 [WARNING ] androguard.core.api_specific_resources Requested API level 36 is larger than maximum we have, returning API level 28 instead.
2026-05-01 16:35:38 [DEBUG   ] apk_extractor        [androguard] vn=1.11  vc=2602244  pkg=com.mixplorer.addon.tagger
2026-05-01 16:35:38 [DEBUG   ] apk_extractor        arch(MiXTagger_B2602244-x64.apk) = x64  (lib dirs found: {'x64'})
2026-05-01 16:35:38 [INFO    ] apk_extractor        ✓ MiXTagger_B2602244-x64.apk: vn=1.11  vc=2602244  arch=x64  confidence=high  methods=['aapt', 'androguard']
2026-05-01 16:35:38 [INFO    ] main                   New version detected: MiX_Tagger v1.11
2026-05-01 16:35:38 [DEBUG   ] apk_renamer            MiXTagger_B2602240.apk  →  MiX_Tagger_v1.11_B2602240-universal.apk
2026-05-01 16:35:38 [DEBUG   ] apk_renamer            MiXTagger_B2602241-arm.apk  →  MiX_Tagger_v1.11_B2602241-arm.apk
2026-05-01 16:35:38 [DEBUG   ] apk_renamer            MiXTagger_B2602242-arm64.apk  →  MiX_Tagger_v1.11_B2602242-arm64.apk
2026-05-01 16:35:38 [DEBUG   ] apk_renamer            MiXTagger_B2602243-x86.apk  →  MiX_Tagger_v1.11_B2602243-x86.apk
2026-05-01 16:35:38 [DEBUG   ] apk_renamer            MiXTagger_B2602244-x64.apk  →  MiX_Tagger_v1.11_B2602244-x64.apk
2026-05-01 16:35:38 [INFO    ] main                   Renamed: MiXTagger_B2602240.apk  →  MiX_Tagger_v1.11_B2602240-universal.apk
2026-05-01 16:35:38 [INFO    ] main                   Renamed: MiXTagger_B2602241-arm.apk  →  MiX_Tagger_v1.11_B2602241-arm.apk
2026-05-01 16:35:38 [INFO    ] main                   Renamed: MiXTagger_B2602242-arm64.apk  →  MiX_Tagger_v1.11_B2602242-arm64.apk
2026-05-01 16:35:38 [INFO    ] main                   Renamed: MiXTagger_B2602243-x86.apk  →  MiX_Tagger_v1.11_B2602243-x86.apk
2026-05-01 16:35:38 [INFO    ] main                   Renamed: MiXTagger_B2602244-x64.apk  →  MiX_Tagger_v1.11_B2602244-x64.apk
2026-05-01 16:35:39 [INFO    ] release_manager      Created release: https://github.com/nOneCode4u/mixplorer-releases-google/releases/tag/MiX_Tagger-v1.11
2026-05-01 16:35:40 [INFO    ] release_manager        Uploaded: MiX_Tagger_v1.11_B2602240-universal.apk  (1,162,024 bytes)
2026-05-01 16:35:40 [INFO    ] release_manager        Uploaded: MiX_Tagger_v1.11_B2602241-arm.apk  (890,840 bytes)
2026-05-01 16:35:41 [INFO    ] release_manager        Uploaded: MiX_Tagger_v1.11_B2602242-arm64.apk  (918,185 bytes)
2026-05-01 16:35:41 [INFO    ] release_manager        Uploaded: MiX_Tagger_v1.11_B2602243-x86.apk  (906,073 bytes)
2026-05-01 16:35:42 [INFO    ] release_manager        Uploaded: MiX_Tagger_v1.11_B2602244-x64.apk  (921,268 bytes)
2026-05-01 16:35:42 [INFO    ] release_manager      Verification PASSED — all 5 assets confirmed.
2026-05-01 16:35:42 [INFO    ] main                 ✓ Released: MiX_Tagger v1.11
2026-05-01 16:35:42 [INFO    ] main                 ──────────────────────────────────────────────────
2026-05-01 16:35:42 [INFO    ] main                 App: MiXplorer-v6.70.3  (Drive folder: MiXplorer-v6.70.3)
2026-05-01 16:35:43 [DEBUG   ] drive_client         list_folder(1VQTQFTUVPKGVCtKROq5J_R7CyJLDTLto): 5 items
2026-05-01 16:35:43 [INFO    ] main                 Found 5 APK(s): ['MiXplorer_v6.70.3_B26022810.apk', 'MiXplorer_v6.70.3_B26022811-arm.apk', 'MiXplorer_v6.70.3_B26022812-arm64.apk', 'MiXplorer_v6.70.3_B26022813-x86.apk', 'MiXplorer_v6.70.3_B26022814-x64.apk']
2026-05-01 16:35:43 [INFO    ] drive_client         Downloading MiXplorer_v6.70.3_B26022810.apk (attempt 1/3) …
2026-05-01 16:35:45 [INFO    ] drive_client         Downloaded MiXplorer_v6.70.3_B26022810.apk (7,987,201 bytes)
2026-05-01 16:35:45 [INFO    ] drive_client         Downloading MiXplorer_v6.70.3_B26022811-arm.apk (attempt 1/3) …
2026-05-01 16:35:46 [INFO    ] drive_client         Downloaded MiXplorer_v6.70.3_B26022811-arm.apk (4,985,410 bytes)
2026-05-01 16:35:46 [INFO    ] drive_client         Downloading MiXplorer_v6.70.3_B26022812-arm64.apk (attempt 1/3) …
2026-05-01 16:35:48 [INFO    ] drive_client         Downloaded MiXplorer_v6.70.3_B26022812-arm64.apk (5,055,131 bytes)
2026-05-01 16:35:48 [INFO    ] drive_client         Downloading MiXplorer_v6.70.3_B26022813-x86.apk (attempt 1/3) …
2026-05-01 16:35:50 [INFO    ] drive_client         Downloaded MiXplorer_v6.70.3_B26022813-x86.apk (5,151,722 bytes)
2026-05-01 16:35:50 [INFO    ] drive_client         Downloading MiXplorer_v6.70.3_B26022814-x64.apk (attempt 1/3) …
2026-05-01 16:35:51 [INFO    ] drive_client         Downloaded MiXplorer_v6.70.3_B26022814-x64.apk (5,150,442 bytes)
2026-05-01 16:35:51 [INFO    ] apk_extractor        Extracting version from MiXplorer_v6.70.3_B26022810.apk …
2026-05-01 16:35:51 [DEBUG   ] apk_extractor        [aapt] vn=6.70.3  vc=26022810  pkg=com.mixplorer
2026-05-01 16:35:51 [WARNING ] apk_extractor        pyaxmlparser error on MiXplorer_v6.70.3_B26022810.apk: 'APK' object has no attribute 'get_app_version'
2026-05-01 16:35:51 [WARNING ] apk_extractor        Only 1 of 2 fast methods succeeded for MiXplorer_v6.70.3_B26022810.apk. Running tiebreaker.
2026-05-01 16:35:51 [WARNING ] androguard.core.api_specific_resources Requested API level 36 is larger than maximum we have, returning API level 28 instead.
2026-05-01 16:36:04 [DEBUG   ] apk_extractor        [androguard] vn=6.70.3  vc=26022810  pkg=com.mixplorer
2026-05-01 16:36:04 [DEBUG   ] apk_extractor        arch(MiXplorer_v6.70.3_B26022810.apk) = universal  (lib dirs found: {'x64', 'arm64', 'x86', 'arm'})
2026-05-01 16:36:04 [INFO    ] apk_extractor        ✓ MiXplorer_v6.70.3_B26022810.apk: vn=6.70.3  vc=26022810  arch=universal  confidence=high  methods=['aapt', 'androguard']
2026-05-01 16:36:04 [INFO    ] apk_extractor        Extracting version from MiXplorer_v6.70.3_B26022811-arm.apk …
2026-05-01 16:36:04 [DEBUG   ] apk_extractor        [aapt] vn=6.70.3  vc=26022811  pkg=com.mixplorer
2026-05-01 16:36:04 [WARNING ] apk_extractor        pyaxmlparser error on MiXplorer_v6.70.3_B26022811-arm.apk: 'APK' object has no attribute 'get_app_version'
2026-05-01 16:36:04 [WARNING ] apk_extractor        Only 1 of 2 fast methods succeeded for MiXplorer_v6.70.3_B26022811-arm.apk. Running tiebreaker.
2026-05-01 16:36:05 [WARNING ] androguard.core.api_specific_resources Requested API level 36 is larger than maximum we have, returning API level 28 instead.
2026-05-01 16:36:18 [DEBUG   ] apk_extractor        [androguard] vn=6.70.3  vc=26022811  pkg=com.mixplorer
2026-05-01 16:36:18 [DEBUG   ] apk_extractor        arch(MiXplorer_v6.70.3_B26022811-arm.apk) = arm  (lib dirs found: {'arm'})
2026-05-01 16:36:18 [INFO    ] apk_extractor        ✓ MiXplorer_v6.70.3_B26022811-arm.apk: vn=6.70.3  vc=26022811  arch=arm  confidence=high  methods=['aapt', 'androguard']
2026-05-01 16:36:18 [INFO    ] apk_extractor        Extracting version from MiXplorer_v6.70.3_B26022812-arm64.apk …
2026-05-01 16:36:18 [DEBUG   ] apk_extractor        [aapt] vn=6.70.3  vc=26022812  pkg=com.mixplorer
2026-05-01 16:36:18 [WARNING ] apk_extractor        pyaxmlparser error on MiXplorer_v6.70.3_B26022812-arm64.apk: 'APK' object has no attribute 'get_app_version'
2026-05-01 16:36:18 [WARNING ] apk_extractor        Only 1 of 2 fast methods succeeded for MiXplorer_v6.70.3_B26022812-arm64.apk. Running tiebreaker.
2026-05-01 16:36:18 [WARNING ] androguard.core.api_specific_resources Requested API level 36 is larger than maximum we have, returning API level 28 instead.
2026-05-01 16:36:32 [DEBUG   ] apk_extractor        [androguard] vn=6.70.3  vc=26022812  pkg=com.mixplorer
2026-05-01 16:36:32 [DEBUG   ] apk_extractor        arch(MiXplorer_v6.70.3_B26022812-arm64.apk) = arm64  (lib dirs found: {'arm64'})
2026-05-01 16:36:32 [INFO    ] apk_extractor        ✓ MiXplorer_v6.70.3_B26022812-arm64.apk: vn=6.70.3  vc=26022812  arch=arm64  confidence=high  methods=['aapt', 'androguard']
2026-05-01 16:36:32 [INFO    ] apk_extractor        Extracting version from MiXplorer_v6.70.3_B26022813-x86.apk …
2026-05-01 16:36:32 [DEBUG   ] apk_extractor        [aapt] vn=6.70.3  vc=26022813  pkg=com.mixplorer
2026-05-01 16:36:32 [WARNING ] apk_extractor        pyaxmlparser error on MiXplorer_v6.70.3_B26022813-x86.apk: 'APK' object has no attribute 'get_app_version'
2026-05-01 16:36:32 [WARNING ] apk_extractor        Only 1 of 2 fast methods succeeded for MiXplorer_v6.70.3_B26022813-x86.apk. Running tiebreaker.
2026-05-01 16:36:32 [WARNING ] androguard.core.api_specific_resources Requested API level 36 is larger than maximum we have, returning API level 28 instead.
2026-05-01 16:36:45 [DEBUG   ] apk_extractor        [androguard] vn=6.70.3  vc=26022813  pkg=com.mixplorer
2026-05-01 16:36:45 [DEBUG   ] apk_extractor        arch(MiXplorer_v6.70.3_B26022813-x86.apk) = x86  (lib dirs found: {'x86'})
2026-05-01 16:36:45 [INFO    ] apk_extractor        ✓ MiXplorer_v6.70.3_B26022813-x86.apk: vn=6.70.3  vc=26022813  arch=x86  confidence=high  methods=['aapt', 'androguard']
2026-05-01 16:36:45 [INFO    ] apk_extractor        Extracting version from MiXplorer_v6.70.3_B26022814-x64.apk …
2026-05-01 16:36:45 [DEBUG   ] apk_extractor        [aapt] vn=6.70.3  vc=26022814  pkg=com.mixplorer
2026-05-01 16:36:46 [WARNING ] apk_extractor        pyaxmlparser error on MiXplorer_v6.70.3_B26022814-x64.apk: 'APK' object has no attribute 'get_app_version'
2026-05-01 16:36:46 [WARNING ] apk_extractor        Only 1 of 2 fast methods succeeded for MiXplorer_v6.70.3_B26022814-x64.apk. Running tiebreaker.
2026-05-01 16:36:46 [WARNING ] androguard.core.api_specific_resources Requested API level 36 is larger than maximum we have, returning API level 28 instead.
2026-05-01 16:37:00 [DEBUG   ] apk_extractor        [androguard] vn=6.70.3  vc=26022814  pkg=com.mixplorer
2026-05-01 16:37:00 [DEBUG   ] apk_extractor        arch(MiXplorer_v6.70.3_B26022814-x64.apk) = x64  (lib dirs found: {'x64'})
2026-05-01 16:37:00 [INFO    ] apk_extractor        ✓ MiXplorer_v6.70.3_B26022814-x64.apk: vn=6.70.3  vc=26022814  arch=x64  confidence=high  methods=['aapt', 'androguard']
2026-05-01 16:37:00 [INFO    ] main                   New version detected: MiXplorer-v6.70.3 v6.70.3
2026-05-01 16:37:00 [DEBUG   ] apk_renamer            MiXplorer_v6.70.3_B26022810.apk  →  MiXplorer-v6.70.3_v6.70.3_B26022810-universal.apk
2026-05-01 16:37:00 [DEBUG   ] apk_renamer            MiXplorer_v6.70.3_B26022811-arm.apk  →  MiXplorer-v6.70.3_v6.70.3_B26022811-arm.apk
2026-05-01 16:37:00 [DEBUG   ] apk_renamer            MiXplorer_v6.70.3_B26022812-arm64.apk  →  MiXplorer-v6.70.3_v6.70.3_B26022812-arm64.apk
2026-05-01 16:37:00 [DEBUG   ] apk_renamer            MiXplorer_v6.70.3_B26022813-x86.apk  →  MiXplorer-v6.70.3_v6.70.3_B26022813-x86.apk
2026-05-01 16:37:00 [DEBUG   ] apk_renamer            MiXplorer_v6.70.3_B26022814-x64.apk  →  MiXplorer-v6.70.3_v6.70.3_B26022814-x64.apk
2026-05-01 16:37:00 [INFO    ] main                   Renamed: MiXplorer_v6.70.3_B26022810.apk  →  MiXplorer-v6.70.3_v6.70.3_B26022810-universal.apk
2026-05-01 16:37:00 [INFO    ] main                   Renamed: MiXplorer_v6.70.3_B26022811-arm.apk  →  MiXplorer-v6.70.3_v6.70.3_B26022811-arm.apk
2026-05-01 16:37:00 [INFO    ] main                   Renamed: MiXplorer_v6.70.3_B26022812-arm64.apk  →  MiXplorer-v6.70.3_v6.70.3_B26022812-arm64.apk
2026-05-01 16:37:00 [INFO    ] main                   Renamed: MiXplorer_v6.70.3_B26022813-x86.apk  →  MiXplorer-v6.70.3_v6.70.3_B26022813-x86.apk
2026-05-01 16:37:00 [INFO    ] main                   Renamed: MiXplorer_v6.70.3_B26022814-x64.apk  →  MiXplorer-v6.70.3_v6.70.3_B26022814-x64.apk
2026-05-01 16:37:01 [INFO    ] release_manager      Created release: https://github.com/nOneCode4u/mixplorer-releases-google/releases/tag/MiXplorer-v6.70.3-v6.70.3
2026-05-01 16:37:02 [INFO    ] release_manager        Uploaded: MiXplorer-v6.70.3_v6.70.3_B26022810-universal.apk  (7,987,201 bytes)
2026-05-01 16:37:02 [INFO    ] release_manager        Uploaded: MiXplorer-v6.70.3_v6.70.3_B26022811-arm.apk  (4,985,410 bytes)
2026-05-01 16:37:03 [INFO    ] release_manager        Uploaded: MiXplorer-v6.70.3_v6.70.3_B26022812-arm64.apk  (5,055,131 bytes)
2026-05-01 16:37:04 [INFO    ] release_manager        Uploaded: MiXplorer-v6.70.3_v6.70.3_B26022813-x86.apk  (5,151,722 bytes)
2026-05-01 16:37:05 [INFO    ] release_manager        Uploaded: MiXplorer-v6.70.3_v6.70.3_B26022814-x64.apk  (5,150,442 bytes)
2026-05-01 16:37:05 [INFO    ] release_manager      Verification PASSED — all 5 assets confirmed.
2026-05-01 16:37:05 [INFO    ] main                 ✓ Released: MiXplorer-v6.70.3 v6.70.3
2026-05-01 16:37:05 [INFO    ] main                 ============================================================
2026-05-01 16:37:05 [INFO    ] main                 Pipeline complete — Released=7  Skipped=0  Failed=0
2026-05-01 16:37:05 [INFO    ] main                 Results: {'MiX_Archive': 'released', 'MiX_Encrypt': 'released', 'MiX_Image': 'released', 'MiX_PDF': 'released', 'MiX_Player_Codecs': 'released', 'MiX_Tagger': 'released', 'MiXplorer-v6.70.3': 'released'}
2026-05-01 16:37:05 [INFO    ] main                 ============================================================
2026-05-01 16:37:05 [INFO    ] state_manager        State → Running  |  Success
