2026-05-02 05:51:31 [INFO    ] main                 ============================================================
2026-05-02 05:51:31 [INFO    ] main                 APK Update Pipeline — Start
2026-05-02 05:51:31 [INFO    ] main                   Repository : nOneCode4u/mixplorer-google-drive
2026-05-02 05:51:31 [INFO    ] main                   Force all  : False
2026-05-02 05:51:31 [INFO    ] main                   Debug      : False
2026-05-02 05:51:31 [INFO    ] main                 ============================================================
2026-05-02 05:51:31 [INFO    ] main                 Workflow state: Running
2026-05-02 05:51:31 [INFO    ] main                 Loaded 0 manual override(s)
2026-05-02 05:51:31 [INFO    ] main                 Previously released: ['MiX_Archive', 'MiX_Encrypt', 'MiX_Image', 'MiX_PDF', 'MiX_Player_Codecs', 'MiX_Tagger', 'MiXplorer-v6.70.3']
2026-05-02 05:51:32 [DEBUG   ] drive_client         list_folder(1BfeK39boriHy-9q76eXLLqbCwfV17-Gv): 7 items
2026-05-02 05:51:32 [INFO    ] main                 Drive folders found: ['MiX Archive', 'MiX Encrypt', 'MiX Image', 'MiX PDF', 'MiX Player Codecs', 'MiX Tagger', 'MiXplorer-v6.70.3']
2026-05-02 05:51:32 [INFO    ] main                 Auto-mapped: 'MiX Archive' → 'MiX_Archive'
2026-05-02 05:51:32 [DEBUG   ] apk_renamer          Saved rename map (8 entries)
2026-05-02 05:51:32 [INFO    ] release_manager      Issue #9 created: https://github.com/nOneCode4u/mixplorer-google-drive/issues/9
2026-05-02 05:51:32 [INFO    ] main                 Auto-mapped: 'MiX Encrypt' → 'MiX_Encrypt'
2026-05-02 05:51:32 [DEBUG   ] apk_renamer          Saved rename map (9 entries)
2026-05-02 05:51:32 [INFO    ] release_manager      Issue #10 created: https://github.com/nOneCode4u/mixplorer-google-drive/issues/10
2026-05-02 05:51:32 [INFO    ] main                 Auto-mapped: 'MiX Image' → 'MiX_Image'
2026-05-02 05:51:32 [DEBUG   ] apk_renamer          Saved rename map (10 entries)
2026-05-02 05:51:33 [INFO    ] release_manager      Issue #11 created: https://github.com/nOneCode4u/mixplorer-google-drive/issues/11
2026-05-02 05:51:33 [INFO    ] main                 Auto-mapped: 'MiX PDF' → 'MiX_PDF'
2026-05-02 05:51:33 [DEBUG   ] apk_renamer          Saved rename map (11 entries)
2026-05-02 05:51:33 [INFO    ] release_manager      Issue #12 created: https://github.com/nOneCode4u/mixplorer-google-drive/issues/12
2026-05-02 05:51:33 [INFO    ] main                 Auto-mapped: 'MiX Player Codecs' → 'MiX_Codecs'
2026-05-02 05:51:33 [DEBUG   ] apk_renamer          Saved rename map (12 entries)
2026-05-02 05:51:33 [INFO    ] release_manager      Issue #13 created: https://github.com/nOneCode4u/mixplorer-google-drive/issues/13
2026-05-02 05:51:33 [INFO    ] main                 Auto-mapped: 'MiX Tagger' → 'MiX_Tagger'
2026-05-02 05:51:33 [DEBUG   ] apk_renamer          Saved rename map (13 entries)
2026-05-02 05:51:34 [INFO    ] release_manager      Issue #14 created: https://github.com/nOneCode4u/mixplorer-google-drive/issues/14
2026-05-02 05:51:34 [INFO    ] main                 Auto-mapped: 'MiXplorer-v6.70.3' → 'MiXplorer'
2026-05-02 05:51:34 [DEBUG   ] apk_renamer          Saved rename map (14 entries)
2026-05-02 05:51:34 [INFO    ] release_manager      Issue #15 created: https://github.com/nOneCode4u/mixplorer-google-drive/issues/15
2026-05-02 05:51:34 [INFO    ] main                 ──────────────────────────────────────────────────
2026-05-02 05:51:34 [INFO    ] main                 App: MiX_Archive  (Drive folder: MiX Archive)
2026-05-02 05:51:34 [DEBUG   ] drive_client         list_folder(1HmXsotMG4qYVARm0cPSZdom10_NN5QZw): 4 items
2026-05-02 05:51:34 [INFO    ] main                 Found 4 APK(s): ['MiXArchive_B2602261-arm.apk', 'MiXArchive_B2602262-arm64.apk', 'MiXArchive_B2602263-x86.apk', 'MiXArchive_B2602264-x64.apk']
2026-05-02 05:51:34 [INFO    ] drive_client         Downloading MiXArchive_B2602261-arm.apk (attempt 1/3) …
2026-05-02 05:51:35 [INFO    ] drive_client         Downloaded MiXArchive_B2602261-arm.apk (1,465,566 bytes)
2026-05-02 05:51:35 [INFO    ] drive_client         Downloading MiXArchive_B2602262-arm64.apk (attempt 1/3) …
2026-05-02 05:51:35 [INFO    ] drive_client         Downloaded MiXArchive_B2602262-arm64.apk (1,654,079 bytes)
2026-05-02 05:51:35 [INFO    ] drive_client         Downloading MiXArchive_B2602263-x86.apk (attempt 1/3) …
2026-05-02 05:51:36 [INFO    ] drive_client         Downloaded MiXArchive_B2602263-x86.apk (1,656,499 bytes)
2026-05-02 05:51:36 [INFO    ] drive_client         Downloading MiXArchive_B2602264-x64.apk (attempt 1/3) …
2026-05-02 05:51:36 [INFO    ] drive_client         Downloaded MiXArchive_B2602264-x64.apk (1,698,660 bytes)
2026-05-02 05:51:36 [INFO    ] apk_extractor        Extracting version from MiXArchive_B2602261-arm.apk …
2026-05-02 05:51:36 [DEBUG   ] apk_extractor        [aapt] vn=3.20  vc=2602261  pkg=com.mixplorer.addon.archive
2026-05-02 05:51:37 [WARNING ] apk_extractor        pyaxmlparser error on MiXArchive_B2602261-arm.apk: 'APK' object has no attribute 'get_app_version'
2026-05-02 05:51:37 [WARNING ] apk_extractor        Only 1 of 2 fast methods succeeded for MiXArchive_B2602261-arm.apk. Running tiebreaker.
2026-05-02 05:51:37 [WARNING ] androguard.core.api_specific_resources Requested API level 36 is larger than maximum we have, returning API level 28 instead.
2026-05-02 05:51:37 [DEBUG   ] apk_extractor        [androguard] vn=3.20  vc=2602261  pkg=com.mixplorer.addon.archive
2026-05-02 05:51:37 [DEBUG   ] apk_extractor        arch(MiXArchive_B2602261-arm.apk) = arm  (lib dirs found: {'arm'})
2026-05-02 05:51:37 [INFO    ] apk_extractor        ✓ MiXArchive_B2602261-arm.apk: vn=3.20  vc=2602261  arch=arm  confidence=high  methods=['aapt', 'androguard']
2026-05-02 05:51:37 [INFO    ] apk_extractor        Extracting version from MiXArchive_B2602262-arm64.apk …
2026-05-02 05:51:37 [DEBUG   ] apk_extractor        [aapt] vn=3.20  vc=2602262  pkg=com.mixplorer.addon.archive
2026-05-02 05:51:37 [WARNING ] apk_extractor        pyaxmlparser error on MiXArchive_B2602262-arm64.apk: 'APK' object has no attribute 'get_app_version'
2026-05-02 05:51:37 [WARNING ] apk_extractor        Only 1 of 2 fast methods succeeded for MiXArchive_B2602262-arm64.apk. Running tiebreaker.
2026-05-02 05:51:37 [WARNING ] androguard.core.api_specific_resources Requested API level 36 is larger than maximum we have, returning API level 28 instead.
2026-05-02 05:51:37 [DEBUG   ] apk_extractor        [androguard] vn=3.20  vc=2602262  pkg=com.mixplorer.addon.archive
2026-05-02 05:51:37 [DEBUG   ] apk_extractor        arch(MiXArchive_B2602262-arm64.apk) = arm64  (lib dirs found: {'arm64'})
2026-05-02 05:51:37 [INFO    ] apk_extractor        ✓ MiXArchive_B2602262-arm64.apk: vn=3.20  vc=2602262  arch=arm64  confidence=high  methods=['aapt', 'androguard']
2026-05-02 05:51:37 [INFO    ] apk_extractor        Extracting version from MiXArchive_B2602263-x86.apk …
2026-05-02 05:51:37 [DEBUG   ] apk_extractor        [aapt] vn=3.20  vc=2602263  pkg=com.mixplorer.addon.archive
2026-05-02 05:51:37 [WARNING ] apk_extractor        pyaxmlparser error on MiXArchive_B2602263-x86.apk: 'APK' object has no attribute 'get_app_version'
2026-05-02 05:51:37 [WARNING ] apk_extractor        Only 1 of 2 fast methods succeeded for MiXArchive_B2602263-x86.apk. Running tiebreaker.
2026-05-02 05:51:37 [WARNING ] androguard.core.api_specific_resources Requested API level 36 is larger than maximum we have, returning API level 28 instead.
2026-05-02 05:51:37 [DEBUG   ] apk_extractor        [androguard] vn=3.20  vc=2602263  pkg=com.mixplorer.addon.archive
2026-05-02 05:51:37 [DEBUG   ] apk_extractor        arch(MiXArchive_B2602263-x86.apk) = x86  (lib dirs found: {'x86'})
2026-05-02 05:51:37 [INFO    ] apk_extractor        ✓ MiXArchive_B2602263-x86.apk: vn=3.20  vc=2602263  arch=x86  confidence=high  methods=['aapt', 'androguard']
2026-05-02 05:51:37 [INFO    ] apk_extractor        Extracting version from MiXArchive_B2602264-x64.apk …
2026-05-02 05:51:37 [DEBUG   ] apk_extractor        [aapt] vn=3.20  vc=2602264  pkg=com.mixplorer.addon.archive
2026-05-02 05:51:37 [WARNING ] apk_extractor        pyaxmlparser error on MiXArchive_B2602264-x64.apk: 'APK' object has no attribute 'get_app_version'
2026-05-02 05:51:37 [WARNING ] apk_extractor        Only 1 of 2 fast methods succeeded for MiXArchive_B2602264-x64.apk. Running tiebreaker.
2026-05-02 05:51:37 [WARNING ] androguard.core.api_specific_resources Requested API level 36 is larger than maximum we have, returning API level 28 instead.
2026-05-02 05:51:37 [DEBUG   ] apk_extractor        [androguard] vn=3.20  vc=2602264  pkg=com.mixplorer.addon.archive
2026-05-02 05:51:37 [DEBUG   ] apk_extractor        arch(MiXArchive_B2602264-x64.apk) = x64  (lib dirs found: {'x64'})
2026-05-02 05:51:37 [INFO    ] apk_extractor        ✓ MiXArchive_B2602264-x64.apk: vn=3.20  vc=2602264  arch=x64  confidence=high  methods=['aapt', 'androguard']
2026-05-02 05:51:37 [INFO    ] main                   MiX_Archive v3.20 already released — nothing to do.
2026-05-02 05:51:37 [INFO    ] main                 ○ No update: MiX_Archive
2026-05-02 05:51:37 [INFO    ] main                 ──────────────────────────────────────────────────
2026-05-02 05:51:37 [INFO    ] main                 App: MiX_Encrypt  (Drive folder: MiX Encrypt)
2026-05-02 05:51:37 [DEBUG   ] drive_client         list_folder(16JkuWnXk7W4oM5WxCIbZS1U0grnw2BA-): 1 items
2026-05-02 05:51:37 [INFO    ] main                 Found 1 APK(s): ['MiXEncrypt_B2512251-universal.apk']
2026-05-02 05:51:37 [INFO    ] drive_client         Downloading MiXEncrypt_B2512251-universal.apk (attempt 1/3) …
2026-05-02 05:51:38 [INFO    ] drive_client         Downloaded MiXEncrypt_B2512251-universal.apk (57,451 bytes)
2026-05-02 05:51:38 [INFO    ] apk_extractor        Extracting version from MiXEncrypt_B2512251-universal.apk …
2026-05-02 05:51:38 [DEBUG   ] apk_extractor        [aapt] vn=1.0  vc=2512251  pkg=com.mixplorer.addon.encrypt
2026-05-02 05:51:38 [WARNING ] apk_extractor        pyaxmlparser error on MiXEncrypt_B2512251-universal.apk: 'APK' object has no attribute 'get_app_version'
2026-05-02 05:51:38 [WARNING ] apk_extractor        Only 1 of 2 fast methods succeeded for MiXEncrypt_B2512251-universal.apk. Running tiebreaker.
2026-05-02 05:51:38 [WARNING ] androguard.core.api_specific_resources Requested API level 36 is larger than maximum we have, returning API level 28 instead.
2026-05-02 05:51:38 [DEBUG   ] apk_extractor        [androguard] vn=1.0  vc=2512251  pkg=com.mixplorer.addon.encrypt
2026-05-02 05:51:38 [DEBUG   ] apk_extractor        arch(MiXEncrypt_B2512251-universal.apk) = java  (lib dirs found: none)
2026-05-02 05:51:38 [INFO    ] apk_extractor        ✓ MiXEncrypt_B2512251-universal.apk: vn=1.0  vc=2512251  arch=java  confidence=high  methods=['aapt', 'androguard']
2026-05-02 05:51:38 [INFO    ] main                   MiX_Encrypt v1.0 already released — nothing to do.
2026-05-02 05:51:38 [INFO    ] main                 ○ No update: MiX_Encrypt
2026-05-02 05:51:38 [INFO    ] main                 ──────────────────────────────────────────────────
2026-05-02 05:51:38 [INFO    ] main                 App: MiX_Image  (Drive folder: MiX Image)
2026-05-02 05:51:38 [DEBUG   ] drive_client         list_folder(1UKzlyiBcgRQbh1waaduSLrh4Q8TbTrax): 5 items
2026-05-02 05:51:38 [INFO    ] main                 Found 5 APK(s): ['MiXImage_B2602230.apk', 'MiXImage_B2602231-arm.apk', 'MiXImage_B2602232-arm64.apk', 'MiXImage_B2602233-x86.apk', 'MiXImage_B2602234-x64.apk']
2026-05-02 05:51:38 [INFO    ] drive_client         Downloading MiXImage_B2602230.apk (attempt 1/3) …
2026-05-02 05:51:40 [INFO    ] drive_client         Downloaded MiXImage_B2602230.apk (11,108,649 bytes)
2026-05-02 05:51:40 [INFO    ] drive_client         Downloading MiXImage_B2602231-arm.apk (attempt 1/3) …
2026-05-02 05:51:40 [INFO    ] drive_client         Downloaded MiXImage_B2602231-arm.apk (2,411,016 bytes)
2026-05-02 05:51:40 [INFO    ] drive_client         Downloading MiXImage_B2602232-arm64.apk (attempt 1/3) …
2026-05-02 05:51:41 [INFO    ] drive_client         Downloaded MiXImage_B2602232-arm64.apk (3,146,009 bytes)
2026-05-02 05:51:41 [INFO    ] drive_client         Downloading MiXImage_B2602233-x86.apk (attempt 1/3) …
2026-05-02 05:51:42 [INFO    ] drive_client         Downloaded MiXImage_B2602233-x86.apk (2,630,043 bytes)
2026-05-02 05:51:42 [INFO    ] drive_client         Downloading MiXImage_B2602234-x64.apk (attempt 1/3) …
2026-05-02 05:51:43 [INFO    ] drive_client         Downloaded MiXImage_B2602234-x64.apk (3,370,477 bytes)
2026-05-02 05:51:43 [INFO    ] apk_extractor        Extracting version from MiXImage_B2602230.apk …
2026-05-02 05:51:43 [DEBUG   ] apk_extractor        [aapt] vn=2.16  vc=2602230  pkg=com.mixplorer.addon.image
2026-05-02 05:51:43 [WARNING ] apk_extractor        pyaxmlparser error on MiXImage_B2602230.apk: 'APK' object has no attribute 'get_app_version'
2026-05-02 05:51:43 [WARNING ] apk_extractor        Only 1 of 2 fast methods succeeded for MiXImage_B2602230.apk. Running tiebreaker.
2026-05-02 05:51:43 [WARNING ] androguard.core.api_specific_resources Requested API level 36 is larger than maximum we have, returning API level 28 instead.
2026-05-02 05:51:43 [DEBUG   ] apk_extractor        [androguard] vn=2.16  vc=2602230  pkg=com.mixplorer.addon.image
2026-05-02 05:51:43 [DEBUG   ] apk_extractor        arch(MiXImage_B2602230.apk) = universal  (lib dirs found: {'x86', 'x64', 'arm', 'arm64'})
2026-05-02 05:51:43 [INFO    ] apk_extractor        ✓ MiXImage_B2602230.apk: vn=2.16  vc=2602230  arch=universal  confidence=high  methods=['aapt', 'androguard']
2026-05-02 05:51:43 [INFO    ] apk_extractor        Extracting version from MiXImage_B2602231-arm.apk …
2026-05-02 05:51:43 [DEBUG   ] apk_extractor        [aapt] vn=2.16  vc=2602231  pkg=com.mixplorer.addon.image
2026-05-02 05:51:43 [WARNING ] apk_extractor        pyaxmlparser error on MiXImage_B2602231-arm.apk: 'APK' object has no attribute 'get_app_version'
2026-05-02 05:51:43 [WARNING ] apk_extractor        Only 1 of 2 fast methods succeeded for MiXImage_B2602231-arm.apk. Running tiebreaker.
2026-05-02 05:51:43 [WARNING ] androguard.core.api_specific_resources Requested API level 36 is larger than maximum we have, returning API level 28 instead.
2026-05-02 05:51:43 [DEBUG   ] apk_extractor        [androguard] vn=2.16  vc=2602231  pkg=com.mixplorer.addon.image
2026-05-02 05:51:43 [DEBUG   ] apk_extractor        arch(MiXImage_B2602231-arm.apk) = arm  (lib dirs found: {'arm'})
2026-05-02 05:51:43 [INFO    ] apk_extractor        ✓ MiXImage_B2602231-arm.apk: vn=2.16  vc=2602231  arch=arm  confidence=high  methods=['aapt', 'androguard']
2026-05-02 05:51:43 [INFO    ] apk_extractor        Extracting version from MiXImage_B2602232-arm64.apk …
2026-05-02 05:51:43 [DEBUG   ] apk_extractor        [aapt] vn=2.16  vc=2602232  pkg=com.mixplorer.addon.image
2026-05-02 05:51:43 [WARNING ] apk_extractor        pyaxmlparser error on MiXImage_B2602232-arm64.apk: 'APK' object has no attribute 'get_app_version'
2026-05-02 05:51:43 [WARNING ] apk_extractor        Only 1 of 2 fast methods succeeded for MiXImage_B2602232-arm64.apk. Running tiebreaker.
2026-05-02 05:51:43 [WARNING ] androguard.core.api_specific_resources Requested API level 36 is larger than maximum we have, returning API level 28 instead.
2026-05-02 05:51:43 [DEBUG   ] apk_extractor        [androguard] vn=2.16  vc=2602232  pkg=com.mixplorer.addon.image
2026-05-02 05:51:43 [DEBUG   ] apk_extractor        arch(MiXImage_B2602232-arm64.apk) = arm64  (lib dirs found: {'arm64'})
2026-05-02 05:51:43 [INFO    ] apk_extractor        ✓ MiXImage_B2602232-arm64.apk: vn=2.16  vc=2602232  arch=arm64  confidence=high  methods=['aapt', 'androguard']
2026-05-02 05:51:43 [INFO    ] apk_extractor        Extracting version from MiXImage_B2602233-x86.apk …
2026-05-02 05:51:43 [DEBUG   ] apk_extractor        [aapt] vn=2.16  vc=2602233  pkg=com.mixplorer.addon.image
2026-05-02 05:51:43 [WARNING ] apk_extractor        pyaxmlparser error on MiXImage_B2602233-x86.apk: 'APK' object has no attribute 'get_app_version'
2026-05-02 05:51:43 [WARNING ] apk_extractor        Only 1 of 2 fast methods succeeded for MiXImage_B2602233-x86.apk. Running tiebreaker.
2026-05-02 05:51:43 [WARNING ] androguard.core.api_specific_resources Requested API level 36 is larger than maximum we have, returning API level 28 instead.
2026-05-02 05:51:44 [DEBUG   ] apk_extractor        [androguard] vn=2.16  vc=2602233  pkg=com.mixplorer.addon.image
2026-05-02 05:51:44 [DEBUG   ] apk_extractor        arch(MiXImage_B2602233-x86.apk) = x86  (lib dirs found: {'x86'})
2026-05-02 05:51:44 [INFO    ] apk_extractor        ✓ MiXImage_B2602233-x86.apk: vn=2.16  vc=2602233  arch=x86  confidence=high  methods=['aapt', 'androguard']
2026-05-02 05:51:44 [INFO    ] apk_extractor        Extracting version from MiXImage_B2602234-x64.apk …
2026-05-02 05:51:44 [DEBUG   ] apk_extractor        [aapt] vn=2.16  vc=2602234  pkg=com.mixplorer.addon.image
2026-05-02 05:51:44 [WARNING ] apk_extractor        pyaxmlparser error on MiXImage_B2602234-x64.apk: 'APK' object has no attribute 'get_app_version'
2026-05-02 05:51:44 [WARNING ] apk_extractor        Only 1 of 2 fast methods succeeded for MiXImage_B2602234-x64.apk. Running tiebreaker.
2026-05-02 05:51:44 [WARNING ] androguard.core.api_specific_resources Requested API level 36 is larger than maximum we have, returning API level 28 instead.
2026-05-02 05:51:44 [DEBUG   ] apk_extractor        [androguard] vn=2.16  vc=2602234  pkg=com.mixplorer.addon.image
2026-05-02 05:51:44 [DEBUG   ] apk_extractor        arch(MiXImage_B2602234-x64.apk) = x64  (lib dirs found: {'x64'})
2026-05-02 05:51:44 [INFO    ] apk_extractor        ✓ MiXImage_B2602234-x64.apk: vn=2.16  vc=2602234  arch=x64  confidence=high  methods=['aapt', 'androguard']
2026-05-02 05:51:44 [INFO    ] main                   MiX_Image v2.16 already released — nothing to do.
2026-05-02 05:51:44 [INFO    ] main                 ○ No update: MiX_Image
2026-05-02 05:51:44 [INFO    ] main                 ──────────────────────────────────────────────────
2026-05-02 05:51:44 [INFO    ] main                 App: MiX_PDF  (Drive folder: MiX PDF)
2026-05-02 05:51:44 [DEBUG   ] drive_client         list_folder(1cdLK7Mz-7C0gLaYHlhqsMlgpgYDrbsCh): 5 items
2026-05-02 05:51:44 [INFO    ] main                 Found 5 APK(s): ['MiXPDF_B2602260.apk', 'MiXPDF_B2602261-arm.apk', 'MiXPDF_B2602262-arm64.apk', 'MiXPDF_B2602263-x86.apk', 'MiXPDF_B2602264-x64.apk']
2026-05-02 05:51:44 [INFO    ] drive_client         Downloading MiXPDF_B2602260.apk (attempt 1/3) …
2026-05-02 05:51:45 [INFO    ] drive_client         Downloaded MiXPDF_B2602260.apk (10,777,999 bytes)
2026-05-02 05:51:45 [INFO    ] drive_client         Downloading MiXPDF_B2602261-arm.apk (attempt 1/3) …
2026-05-02 05:51:46 [INFO    ] drive_client         Downloaded MiXPDF_B2602261-arm.apk (2,728,354 bytes)
2026-05-02 05:51:46 [INFO    ] drive_client         Downloading MiXPDF_B2602262-arm64.apk (attempt 1/3) …
2026-05-02 05:51:47 [INFO    ] drive_client         Downloaded MiXPDF_B2602262-arm64.apk (2,874,272 bytes)
2026-05-02 05:51:47 [INFO    ] drive_client         Downloading MiXPDF_B2602263-x86.apk (attempt 1/3) …
2026-05-02 05:51:48 [INFO    ] drive_client         Downloaded MiXPDF_B2602263-x86.apk (2,930,346 bytes)
2026-05-02 05:51:48 [INFO    ] drive_client         Downloading MiXPDF_B2602264-x64.apk (attempt 1/3) …
2026-05-02 05:51:48 [INFO    ] drive_client         Downloaded MiXPDF_B2602264-x64.apk (2,927,181 bytes)
2026-05-02 05:51:48 [INFO    ] apk_extractor        Extracting version from MiXPDF_B2602260.apk …
2026-05-02 05:51:48 [DEBUG   ] apk_extractor        [aapt] vn=1.19  vc=2602260  pkg=com.mixplorer.addon.pdf
2026-05-02 05:51:48 [WARNING ] apk_extractor        pyaxmlparser error on MiXPDF_B2602260.apk: 'APK' object has no attribute 'get_app_version'
2026-05-02 05:51:48 [WARNING ] apk_extractor        Only 1 of 2 fast methods succeeded for MiXPDF_B2602260.apk. Running tiebreaker.
2026-05-02 05:51:48 [WARNING ] androguard.core.api_specific_resources Requested API level 36 is larger than maximum we have, returning API level 28 instead.
2026-05-02 05:51:49 [DEBUG   ] apk_extractor        [androguard] vn=1.19  vc=2602260  pkg=com.mixplorer.addon.pdf
2026-05-02 05:51:49 [DEBUG   ] apk_extractor        arch(MiXPDF_B2602260.apk) = universal  (lib dirs found: {'x86', 'x64', 'arm', 'arm64'})
2026-05-02 05:51:49 [INFO    ] apk_extractor        ✓ MiXPDF_B2602260.apk: vn=1.19  vc=2602260  arch=universal  confidence=high  methods=['aapt', 'androguard']
2026-05-02 05:51:49 [INFO    ] apk_extractor        Extracting version from MiXPDF_B2602261-arm.apk …
2026-05-02 05:51:49 [DEBUG   ] apk_extractor        [aapt] vn=1.19  vc=2602261  pkg=com.mixplorer.addon.pdf
2026-05-02 05:51:49 [WARNING ] apk_extractor        pyaxmlparser error on MiXPDF_B2602261-arm.apk: 'APK' object has no attribute 'get_app_version'
2026-05-02 05:51:49 [WARNING ] apk_extractor        Only 1 of 2 fast methods succeeded for MiXPDF_B2602261-arm.apk. Running tiebreaker.
2026-05-02 05:51:49 [WARNING ] androguard.core.api_specific_resources Requested API level 36 is larger than maximum we have, returning API level 28 instead.
2026-05-02 05:51:50 [DEBUG   ] apk_extractor        [androguard] vn=1.19  vc=2602261  pkg=com.mixplorer.addon.pdf
2026-05-02 05:51:50 [DEBUG   ] apk_extractor        arch(MiXPDF_B2602261-arm.apk) = arm  (lib dirs found: {'arm'})
2026-05-02 05:51:50 [INFO    ] apk_extractor        ✓ MiXPDF_B2602261-arm.apk: vn=1.19  vc=2602261  arch=arm  confidence=high  methods=['aapt', 'androguard']
2026-05-02 05:51:50 [INFO    ] apk_extractor        Extracting version from MiXPDF_B2602262-arm64.apk …
2026-05-02 05:51:50 [DEBUG   ] apk_extractor        [aapt] vn=1.19  vc=2602262  pkg=com.mixplorer.addon.pdf
2026-05-02 05:51:50 [WARNING ] apk_extractor        pyaxmlparser error on MiXPDF_B2602262-arm64.apk: 'APK' object has no attribute 'get_app_version'
2026-05-02 05:51:50 [WARNING ] apk_extractor        Only 1 of 2 fast methods succeeded for MiXPDF_B2602262-arm64.apk. Running tiebreaker.
2026-05-02 05:51:50 [WARNING ] androguard.core.api_specific_resources Requested API level 36 is larger than maximum we have, returning API level 28 instead.
2026-05-02 05:51:50 [DEBUG   ] apk_extractor        [androguard] vn=1.19  vc=2602262  pkg=com.mixplorer.addon.pdf
2026-05-02 05:51:50 [DEBUG   ] apk_extractor        arch(MiXPDF_B2602262-arm64.apk) = arm64  (lib dirs found: {'arm64'})
2026-05-02 05:51:50 [INFO    ] apk_extractor        ✓ MiXPDF_B2602262-arm64.apk: vn=1.19  vc=2602262  arch=arm64  confidence=high  methods=['aapt', 'androguard']
2026-05-02 05:51:50 [INFO    ] apk_extractor        Extracting version from MiXPDF_B2602263-x86.apk …
2026-05-02 05:51:50 [DEBUG   ] apk_extractor        [aapt] vn=1.19  vc=2602263  pkg=com.mixplorer.addon.pdf
2026-05-02 05:51:50 [WARNING ] apk_extractor        pyaxmlparser error on MiXPDF_B2602263-x86.apk: 'APK' object has no attribute 'get_app_version'
2026-05-02 05:51:50 [WARNING ] apk_extractor        Only 1 of 2 fast methods succeeded for MiXPDF_B2602263-x86.apk. Running tiebreaker.
2026-05-02 05:51:50 [WARNING ] androguard.core.api_specific_resources Requested API level 36 is larger than maximum we have, returning API level 28 instead.
2026-05-02 05:51:51 [DEBUG   ] apk_extractor        [androguard] vn=1.19  vc=2602263  pkg=com.mixplorer.addon.pdf
2026-05-02 05:51:51 [DEBUG   ] apk_extractor        arch(MiXPDF_B2602263-x86.apk) = x86  (lib dirs found: {'x86'})
2026-05-02 05:51:51 [INFO    ] apk_extractor        ✓ MiXPDF_B2602263-x86.apk: vn=1.19  vc=2602263  arch=x86  confidence=high  methods=['aapt', 'androguard']
2026-05-02 05:51:51 [INFO    ] apk_extractor        Extracting version from MiXPDF_B2602264-x64.apk …
2026-05-02 05:51:51 [DEBUG   ] apk_extractor        [aapt] vn=1.19  vc=2602264  pkg=com.mixplorer.addon.pdf
2026-05-02 05:51:51 [WARNING ] apk_extractor        pyaxmlparser error on MiXPDF_B2602264-x64.apk: 'APK' object has no attribute 'get_app_version'
2026-05-02 05:51:51 [WARNING ] apk_extractor        Only 1 of 2 fast methods succeeded for MiXPDF_B2602264-x64.apk. Running tiebreaker.
2026-05-02 05:51:51 [WARNING ] androguard.core.api_specific_resources Requested API level 36 is larger than maximum we have, returning API level 28 instead.
2026-05-02 05:51:52 [DEBUG   ] apk_extractor        [androguard] vn=1.19  vc=2602264  pkg=com.mixplorer.addon.pdf
2026-05-02 05:51:52 [DEBUG   ] apk_extractor        arch(MiXPDF_B2602264-x64.apk) = x64  (lib dirs found: {'x64'})
2026-05-02 05:51:52 [INFO    ] apk_extractor        ✓ MiXPDF_B2602264-x64.apk: vn=1.19  vc=2602264  arch=x64  confidence=high  methods=['aapt', 'androguard']
2026-05-02 05:51:52 [INFO    ] main                   MiX_PDF v1.19 already released — nothing to do.
2026-05-02 05:51:52 [INFO    ] main                 ○ No update: MiX_PDF
2026-05-02 05:51:52 [INFO    ] main                 ──────────────────────────────────────────────────
2026-05-02 05:51:52 [INFO    ] main                 App: MiX_Codecs  (Drive folder: MiX Player Codecs)
2026-05-02 05:51:52 [DEBUG   ] drive_client         list_folder(1ws2n74i7XiAoDMqhQjXbzpGRovCV6C2i): 5 items
2026-05-02 05:51:52 [INFO    ] main                 Found 5 APK(s): ['MiXCodecs_B2512131-universal.apk', 'MiXCodecs_B2512132-arm.apk', 'MiXCodecs_B2512133-arm64.apk', 'MiXCodecs_B2512134-x86.apk', 'MiXCodecs_B2512135-x64.apk']
2026-05-02 05:51:52 [INFO    ] drive_client         Downloading MiXCodecs_B2512131-universal.apk (attempt 1/3) …
2026-05-02 05:51:58 [INFO    ] drive_client         Downloaded MiXCodecs_B2512131-universal.apk (82,757,237 bytes)
2026-05-02 05:51:58 [INFO    ] drive_client         Downloading MiXCodecs_B2512132-arm.apk (attempt 1/3) …
2026-05-02 05:52:01 [INFO    ] drive_client         Downloaded MiXCodecs_B2512132-arm.apk (19,743,479 bytes)
2026-05-02 05:52:01 [INFO    ] drive_client         Downloading MiXCodecs_B2512133-arm64.apk (attempt 1/3) …
2026-05-02 05:52:03 [INFO    ] drive_client         Downloaded MiXCodecs_B2512133-arm64.apk (20,651,386 bytes)
2026-05-02 05:52:03 [INFO    ] drive_client         Downloading MiXCodecs_B2512134-x86.apk (attempt 1/3) …
2026-05-02 05:52:06 [INFO    ] drive_client         Downloaded MiXCodecs_B2512134-x86.apk (20,663,863 bytes)
2026-05-02 05:52:06 [INFO    ] drive_client         Downloading MiXCodecs_B2512135-x64.apk (attempt 1/3) …
2026-05-02 05:52:08 [INFO    ] drive_client         Downloaded MiXCodecs_B2512135-x64.apk (21,982,792 bytes)
2026-05-02 05:52:08 [INFO    ] apk_extractor        Extracting version from MiXCodecs_B2512131-universal.apk …
2026-05-02 05:52:08 [DEBUG   ] apk_extractor        [aapt] vn=2.9  vc=2512131  pkg=com.mixplorer.addon.codecs
2026-05-02 05:52:08 [WARNING ] apk_extractor        pyaxmlparser error on MiXCodecs_B2512131-universal.apk: 'APK' object has no attribute 'get_app_version'
2026-05-02 05:52:08 [WARNING ] apk_extractor        Only 1 of 2 fast methods succeeded for MiXCodecs_B2512131-universal.apk. Running tiebreaker.
2026-05-02 05:52:08 [WARNING ] androguard.core.api_specific_resources Requested API level 36 is larger than maximum we have, returning API level 28 instead.
2026-05-02 05:52:08 [DEBUG   ] apk_extractor        [androguard] vn=2.9  vc=2512131  pkg=com.mixplorer.addon.codecs
2026-05-02 05:52:08 [DEBUG   ] apk_extractor        arch(MiXCodecs_B2512131-universal.apk) = universal  (lib dirs found: {'x86', 'x64', 'arm', 'arm64'})
2026-05-02 05:52:08 [INFO    ] apk_extractor        ✓ MiXCodecs_B2512131-universal.apk: vn=2.9  vc=2512131  arch=universal  confidence=high  methods=['aapt', 'androguard']
2026-05-02 05:52:08 [INFO    ] apk_extractor        Extracting version from MiXCodecs_B2512132-arm.apk …
2026-05-02 05:52:08 [DEBUG   ] apk_extractor        [aapt] vn=2.9  vc=2512132  pkg=com.mixplorer.addon.codecs
2026-05-02 05:52:08 [WARNING ] apk_extractor        pyaxmlparser error on MiXCodecs_B2512132-arm.apk: 'APK' object has no attribute 'get_app_version'
2026-05-02 05:52:08 [WARNING ] apk_extractor        Only 1 of 2 fast methods succeeded for MiXCodecs_B2512132-arm.apk. Running tiebreaker.
2026-05-02 05:52:08 [WARNING ] androguard.core.api_specific_resources Requested API level 36 is larger than maximum we have, returning API level 28 instead.
2026-05-02 05:52:09 [DEBUG   ] apk_extractor        [androguard] vn=2.9  vc=2512132  pkg=com.mixplorer.addon.codecs
2026-05-02 05:52:09 [DEBUG   ] apk_extractor        arch(MiXCodecs_B2512132-arm.apk) = arm  (lib dirs found: {'arm'})
2026-05-02 05:52:09 [INFO    ] apk_extractor        ✓ MiXCodecs_B2512132-arm.apk: vn=2.9  vc=2512132  arch=arm  confidence=high  methods=['aapt', 'androguard']
2026-05-02 05:52:09 [INFO    ] apk_extractor        Extracting version from MiXCodecs_B2512133-arm64.apk …
2026-05-02 05:52:09 [DEBUG   ] apk_extractor        [aapt] vn=2.9  vc=2512133  pkg=com.mixplorer.addon.codecs
2026-05-02 05:52:09 [WARNING ] apk_extractor        pyaxmlparser error on MiXCodecs_B2512133-arm64.apk: 'APK' object has no attribute 'get_app_version'
2026-05-02 05:52:09 [WARNING ] apk_extractor        Only 1 of 2 fast methods succeeded for MiXCodecs_B2512133-arm64.apk. Running tiebreaker.
2026-05-02 05:52:09 [WARNING ] androguard.core.api_specific_resources Requested API level 36 is larger than maximum we have, returning API level 28 instead.
2026-05-02 05:52:09 [DEBUG   ] apk_extractor        [androguard] vn=2.9  vc=2512133  pkg=com.mixplorer.addon.codecs
2026-05-02 05:52:09 [DEBUG   ] apk_extractor        arch(MiXCodecs_B2512133-arm64.apk) = arm64  (lib dirs found: {'arm64'})
2026-05-02 05:52:09 [INFO    ] apk_extractor        ✓ MiXCodecs_B2512133-arm64.apk: vn=2.9  vc=2512133  arch=arm64  confidence=high  methods=['aapt', 'androguard']
2026-05-02 05:52:09 [INFO    ] apk_extractor        Extracting version from MiXCodecs_B2512134-x86.apk …
2026-05-02 05:52:09 [DEBUG   ] apk_extractor        [aapt] vn=2.9  vc=2512134  pkg=com.mixplorer.addon.codecs
2026-05-02 05:52:09 [WARNING ] apk_extractor        pyaxmlparser error on MiXCodecs_B2512134-x86.apk: 'APK' object has no attribute 'get_app_version'
2026-05-02 05:52:09 [WARNING ] apk_extractor        Only 1 of 2 fast methods succeeded for MiXCodecs_B2512134-x86.apk. Running tiebreaker.
2026-05-02 05:52:09 [WARNING ] androguard.core.api_specific_resources Requested API level 36 is larger than maximum we have, returning API level 28 instead.
2026-05-02 05:52:09 [DEBUG   ] apk_extractor        [androguard] vn=2.9  vc=2512134  pkg=com.mixplorer.addon.codecs
2026-05-02 05:52:09 [DEBUG   ] apk_extractor        arch(MiXCodecs_B2512134-x86.apk) = x86  (lib dirs found: {'x86'})
2026-05-02 05:52:09 [INFO    ] apk_extractor        ✓ MiXCodecs_B2512134-x86.apk: vn=2.9  vc=2512134  arch=x86  confidence=high  methods=['aapt', 'androguard']
2026-05-02 05:52:09 [INFO    ] apk_extractor        Extracting version from MiXCodecs_B2512135-x64.apk …
2026-05-02 05:52:09 [DEBUG   ] apk_extractor        [aapt] vn=2.9  vc=2512135  pkg=com.mixplorer.addon.codecs
2026-05-02 05:52:09 [WARNING ] apk_extractor        pyaxmlparser error on MiXCodecs_B2512135-x64.apk: 'APK' object has no attribute 'get_app_version'
2026-05-02 05:52:09 [WARNING ] apk_extractor        Only 1 of 2 fast methods succeeded for MiXCodecs_B2512135-x64.apk. Running tiebreaker.
2026-05-02 05:52:09 [WARNING ] androguard.core.api_specific_resources Requested API level 36 is larger than maximum we have, returning API level 28 instead.
2026-05-02 05:52:09 [DEBUG   ] apk_extractor        [androguard] vn=2.9  vc=2512135  pkg=com.mixplorer.addon.codecs
2026-05-02 05:52:09 [DEBUG   ] apk_extractor        arch(MiXCodecs_B2512135-x64.apk) = x64  (lib dirs found: {'x64'})
2026-05-02 05:52:09 [INFO    ] apk_extractor        ✓ MiXCodecs_B2512135-x64.apk: vn=2.9  vc=2512135  arch=x64  confidence=high  methods=['aapt', 'androguard']
2026-05-02 05:52:09 [INFO    ] main                   New version detected: MiX_Codecs v2.9
2026-05-02 05:52:09 [DEBUG   ] apk_renamer            MiXCodecs_B2512131-universal.apk  →  MiX_Codecs_v2.9_B2512131-universal.apk
2026-05-02 05:52:09 [DEBUG   ] apk_renamer            MiXCodecs_B2512132-arm.apk  →  MiX_Codecs_v2.9_B2512132-arm.apk
2026-05-02 05:52:09 [DEBUG   ] apk_renamer            MiXCodecs_B2512133-arm64.apk  →  MiX_Codecs_v2.9_B2512133-arm64.apk
2026-05-02 05:52:09 [DEBUG   ] apk_renamer            MiXCodecs_B2512134-x86.apk  →  MiX_Codecs_v2.9_B2512134-x86.apk
2026-05-02 05:52:09 [DEBUG   ] apk_renamer            MiXCodecs_B2512135-x64.apk  →  MiX_Codecs_v2.9_B2512135-x64.apk
2026-05-02 05:52:09 [INFO    ] main                   Renamed: MiXCodecs_B2512131-universal.apk  →  MiX_Codecs_v2.9_B2512131-universal.apk
2026-05-02 05:52:09 [INFO    ] main                   Renamed: MiXCodecs_B2512132-arm.apk  →  MiX_Codecs_v2.9_B2512132-arm.apk
2026-05-02 05:52:09 [INFO    ] main                   Renamed: MiXCodecs_B2512133-arm64.apk  →  MiX_Codecs_v2.9_B2512133-arm64.apk
2026-05-02 05:52:09 [INFO    ] main                   Renamed: MiXCodecs_B2512134-x86.apk  →  MiX_Codecs_v2.9_B2512134-x86.apk
2026-05-02 05:52:09 [INFO    ] main                   Renamed: MiXCodecs_B2512135-x64.apk  →  MiX_Codecs_v2.9_B2512135-x64.apk
2026-05-02 05:52:09 [INFO    ] changelog_fetcher    No structured changelog found on XDA for v2.9 — using fallback
2026-05-02 05:52:10 [INFO    ] release_manager      Created release: https://github.com/nOneCode4u/mixplorer-google-drive/releases/tag/MiX_Codecs_v2.9
2026-05-02 05:52:13 [INFO    ] release_manager        Uploaded: MiX_Codecs_v2.9_B2512131-universal.apk  (82,757,237 bytes)
2026-05-02 05:52:14 [INFO    ] release_manager        Uploaded: MiX_Codecs_v2.9_B2512132-arm.apk  (19,743,479 bytes)
2026-05-02 05:52:16 [INFO    ] release_manager        Uploaded: MiX_Codecs_v2.9_B2512133-arm64.apk  (20,651,386 bytes)
2026-05-02 05:52:17 [INFO    ] release_manager        Uploaded: MiX_Codecs_v2.9_B2512134-x86.apk  (20,663,863 bytes)
2026-05-02 05:52:18 [INFO    ] release_manager        Uploaded: MiX_Codecs_v2.9_B2512135-x64.apk  (21,982,792 bytes)
2026-05-02 05:52:18 [INFO    ] release_manager      Verification PASSED — all 5 assets confirmed.
2026-05-02 05:52:18 [INFO    ] main                 ✓ Released: MiX_Codecs v2.9
2026-05-02 05:52:18 [INFO    ] main                 ──────────────────────────────────────────────────
2026-05-02 05:52:18 [INFO    ] main                 App: MiX_Tagger  (Drive folder: MiX Tagger)
2026-05-02 05:52:19 [DEBUG   ] drive_client         list_folder(1U0-6e9LcJ_o7ImGeTddCcSOCVIW5FR52): 5 items
2026-05-02 05:52:19 [INFO    ] main                 Found 5 APK(s): ['MiXTagger_B2602240.apk', 'MiXTagger_B2602241-arm.apk', 'MiXTagger_B2602242-arm64.apk', 'MiXTagger_B2602243-x86.apk', 'MiXTagger_B2602244-x64.apk']
2026-05-02 05:52:19 [INFO    ] drive_client         Downloading MiXTagger_B2602240.apk (attempt 1/3) …
2026-05-02 05:52:19 [INFO    ] drive_client         Downloaded MiXTagger_B2602240.apk (1,162,024 bytes)
2026-05-02 05:52:19 [INFO    ] drive_client         Downloading MiXTagger_B2602241-arm.apk (attempt 1/3) …
2026-05-02 05:52:20 [INFO    ] drive_client         Downloaded MiXTagger_B2602241-arm.apk (890,840 bytes)
2026-05-02 05:52:20 [INFO    ] drive_client         Downloading MiXTagger_B2602242-arm64.apk (attempt 1/3) …
2026-05-02 05:52:21 [INFO    ] drive_client         Downloaded MiXTagger_B2602242-arm64.apk (918,185 bytes)
2026-05-02 05:52:21 [INFO    ] drive_client         Downloading MiXTagger_B2602243-x86.apk (attempt 1/3) …
2026-05-02 05:52:22 [INFO    ] drive_client         Downloaded MiXTagger_B2602243-x86.apk (906,073 bytes)
2026-05-02 05:52:22 [INFO    ] drive_client         Downloading MiXTagger_B2602244-x64.apk (attempt 1/3) …
2026-05-02 05:52:23 [INFO    ] drive_client         Downloaded MiXTagger_B2602244-x64.apk (921,268 bytes)
2026-05-02 05:52:23 [INFO    ] apk_extractor        Extracting version from MiXTagger_B2602240.apk …
2026-05-02 05:52:23 [DEBUG   ] apk_extractor        [aapt] vn=1.11  vc=2602240  pkg=com.mixplorer.addon.tagger
2026-05-02 05:52:23 [WARNING ] apk_extractor        pyaxmlparser error on MiXTagger_B2602240.apk: 'APK' object has no attribute 'get_app_version'
2026-05-02 05:52:23 [WARNING ] apk_extractor        Only 1 of 2 fast methods succeeded for MiXTagger_B2602240.apk. Running tiebreaker.
2026-05-02 05:52:23 [WARNING ] androguard.core.api_specific_resources Requested API level 36 is larger than maximum we have, returning API level 28 instead.
2026-05-02 05:52:26 [DEBUG   ] apk_extractor        [androguard] vn=1.11  vc=2602240  pkg=com.mixplorer.addon.tagger
2026-05-02 05:52:26 [DEBUG   ] apk_extractor        arch(MiXTagger_B2602240.apk) = universal  (lib dirs found: {'x86', 'x64', 'arm', 'arm64'})
2026-05-02 05:52:26 [INFO    ] apk_extractor        ✓ MiXTagger_B2602240.apk: vn=1.11  vc=2602240  arch=universal  confidence=high  methods=['aapt', 'androguard']
2026-05-02 05:52:26 [INFO    ] apk_extractor        Extracting version from MiXTagger_B2602241-arm.apk …
2026-05-02 05:52:26 [DEBUG   ] apk_extractor        [aapt] vn=1.11  vc=2602241  pkg=com.mixplorer.addon.tagger
2026-05-02 05:52:26 [WARNING ] apk_extractor        pyaxmlparser error on MiXTagger_B2602241-arm.apk: 'APK' object has no attribute 'get_app_version'
2026-05-02 05:52:26 [WARNING ] apk_extractor        Only 1 of 2 fast methods succeeded for MiXTagger_B2602241-arm.apk. Running tiebreaker.
2026-05-02 05:52:26 [WARNING ] androguard.core.api_specific_resources Requested API level 36 is larger than maximum we have, returning API level 28 instead.
2026-05-02 05:52:29 [DEBUG   ] apk_extractor        [androguard] vn=1.11  vc=2602241  pkg=com.mixplorer.addon.tagger
2026-05-02 05:52:29 [DEBUG   ] apk_extractor        arch(MiXTagger_B2602241-arm.apk) = arm  (lib dirs found: {'arm'})
2026-05-02 05:52:29 [INFO    ] apk_extractor        ✓ MiXTagger_B2602241-arm.apk: vn=1.11  vc=2602241  arch=arm  confidence=high  methods=['aapt', 'androguard']
2026-05-02 05:52:29 [INFO    ] apk_extractor        Extracting version from MiXTagger_B2602242-arm64.apk …
2026-05-02 05:52:29 [DEBUG   ] apk_extractor        [aapt] vn=1.11  vc=2602242  pkg=com.mixplorer.addon.tagger
2026-05-02 05:52:29 [WARNING ] apk_extractor        pyaxmlparser error on MiXTagger_B2602242-arm64.apk: 'APK' object has no attribute 'get_app_version'
2026-05-02 05:52:29 [WARNING ] apk_extractor        Only 1 of 2 fast methods succeeded for MiXTagger_B2602242-arm64.apk. Running tiebreaker.
2026-05-02 05:52:29 [WARNING ] androguard.core.api_specific_resources Requested API level 36 is larger than maximum we have, returning API level 28 instead.
2026-05-02 05:52:32 [DEBUG   ] apk_extractor        [androguard] vn=1.11  vc=2602242  pkg=com.mixplorer.addon.tagger
2026-05-02 05:52:32 [DEBUG   ] apk_extractor        arch(MiXTagger_B2602242-arm64.apk) = arm64  (lib dirs found: {'arm64'})
2026-05-02 05:52:32 [INFO    ] apk_extractor        ✓ MiXTagger_B2602242-arm64.apk: vn=1.11  vc=2602242  arch=arm64  confidence=high  methods=['aapt', 'androguard']
2026-05-02 05:52:32 [INFO    ] apk_extractor        Extracting version from MiXTagger_B2602243-x86.apk …
2026-05-02 05:52:32 [DEBUG   ] apk_extractor        [aapt] vn=1.11  vc=2602243  pkg=com.mixplorer.addon.tagger
2026-05-02 05:52:32 [WARNING ] apk_extractor        pyaxmlparser error on MiXTagger_B2602243-x86.apk: 'APK' object has no attribute 'get_app_version'
2026-05-02 05:52:32 [WARNING ] apk_extractor        Only 1 of 2 fast methods succeeded for MiXTagger_B2602243-x86.apk. Running tiebreaker.
2026-05-02 05:52:32 [WARNING ] androguard.core.api_specific_resources Requested API level 36 is larger than maximum we have, returning API level 28 instead.
2026-05-02 05:52:36 [DEBUG   ] apk_extractor        [androguard] vn=1.11  vc=2602243  pkg=com.mixplorer.addon.tagger
2026-05-02 05:52:36 [DEBUG   ] apk_extractor        arch(MiXTagger_B2602243-x86.apk) = x86  (lib dirs found: {'x86'})
2026-05-02 05:52:36 [INFO    ] apk_extractor        ✓ MiXTagger_B2602243-x86.apk: vn=1.11  vc=2602243  arch=x86  confidence=high  methods=['aapt', 'androguard']
2026-05-02 05:52:36 [INFO    ] apk_extractor        Extracting version from MiXTagger_B2602244-x64.apk …
2026-05-02 05:52:36 [DEBUG   ] apk_extractor        [aapt] vn=1.11  vc=2602244  pkg=com.mixplorer.addon.tagger
2026-05-02 05:52:36 [WARNING ] apk_extractor        pyaxmlparser error on MiXTagger_B2602244-x64.apk: 'APK' object has no attribute 'get_app_version'
2026-05-02 05:52:36 [WARNING ] apk_extractor        Only 1 of 2 fast methods succeeded for MiXTagger_B2602244-x64.apk. Running tiebreaker.
2026-05-02 05:52:36 [WARNING ] androguard.core.api_specific_resources Requested API level 36 is larger than maximum we have, returning API level 28 instead.
2026-05-02 05:52:39 [DEBUG   ] apk_extractor        [androguard] vn=1.11  vc=2602244  pkg=com.mixplorer.addon.tagger
2026-05-02 05:52:39 [DEBUG   ] apk_extractor        arch(MiXTagger_B2602244-x64.apk) = x64  (lib dirs found: {'x64'})
2026-05-02 05:52:39 [INFO    ] apk_extractor        ✓ MiXTagger_B2602244-x64.apk: vn=1.11  vc=2602244  arch=x64  confidence=high  methods=['aapt', 'androguard']
2026-05-02 05:52:39 [INFO    ] main                   MiX_Tagger v1.11 already released — nothing to do.
2026-05-02 05:52:39 [INFO    ] main                 ○ No update: MiX_Tagger
2026-05-02 05:52:39 [INFO    ] main                 ──────────────────────────────────────────────────
2026-05-02 05:52:39 [INFO    ] main                 App: MiXplorer  (Drive folder: MiXplorer-v6.70.3)
2026-05-02 05:52:39 [DEBUG   ] drive_client         list_folder(1VQTQFTUVPKGVCtKROq5J_R7CyJLDTLto): 5 items
2026-05-02 05:52:39 [INFO    ] main                 Found 5 APK(s): ['MiXplorer_v6.70.3_B26022810.apk', 'MiXplorer_v6.70.3_B26022811-arm.apk', 'MiXplorer_v6.70.3_B26022812-arm64.apk', 'MiXplorer_v6.70.3_B26022813-x86.apk', 'MiXplorer_v6.70.3_B26022814-x64.apk']
2026-05-02 05:52:39 [INFO    ] drive_client         Downloading MiXplorer_v6.70.3_B26022810.apk (attempt 1/3) …
2026-05-02 05:52:41 [INFO    ] drive_client         Downloaded MiXplorer_v6.70.3_B26022810.apk (7,987,201 bytes)
2026-05-02 05:52:41 [INFO    ] drive_client         Downloading MiXplorer_v6.70.3_B26022811-arm.apk (attempt 1/3) …
2026-05-02 05:52:43 [INFO    ] drive_client         Downloaded MiXplorer_v6.70.3_B26022811-arm.apk (4,985,410 bytes)
2026-05-02 05:52:43 [INFO    ] drive_client         Downloading MiXplorer_v6.70.3_B26022812-arm64.apk (attempt 1/3) …
2026-05-02 05:52:44 [INFO    ] drive_client         Downloaded MiXplorer_v6.70.3_B26022812-arm64.apk (5,055,131 bytes)
2026-05-02 05:52:44 [INFO    ] drive_client         Downloading MiXplorer_v6.70.3_B26022813-x86.apk (attempt 1/3) …
2026-05-02 05:52:46 [INFO    ] drive_client         Downloaded MiXplorer_v6.70.3_B26022813-x86.apk (5,151,722 bytes)
2026-05-02 05:52:46 [INFO    ] drive_client         Downloading MiXplorer_v6.70.3_B26022814-x64.apk (attempt 1/3) …
2026-05-02 05:52:47 [INFO    ] drive_client         Downloaded MiXplorer_v6.70.3_B26022814-x64.apk (5,150,442 bytes)
2026-05-02 05:52:47 [INFO    ] apk_extractor        Extracting version from MiXplorer_v6.70.3_B26022810.apk …
2026-05-02 05:52:47 [DEBUG   ] apk_extractor        [aapt] vn=6.70.3  vc=26022810  pkg=com.mixplorer
2026-05-02 05:52:47 [WARNING ] apk_extractor        pyaxmlparser error on MiXplorer_v6.70.3_B26022810.apk: 'APK' object has no attribute 'get_app_version'
2026-05-02 05:52:47 [WARNING ] apk_extractor        Only 1 of 2 fast methods succeeded for MiXplorer_v6.70.3_B26022810.apk. Running tiebreaker.
2026-05-02 05:52:47 [WARNING ] androguard.core.api_specific_resources Requested API level 36 is larger than maximum we have, returning API level 28 instead.
2026-05-02 05:53:00 [DEBUG   ] apk_extractor        [androguard] vn=6.70.3  vc=26022810  pkg=com.mixplorer
2026-05-02 05:53:00 [DEBUG   ] apk_extractor        arch(MiXplorer_v6.70.3_B26022810.apk) = universal  (lib dirs found: {'x86', 'x64', 'arm', 'arm64'})
2026-05-02 05:53:00 [INFO    ] apk_extractor        ✓ MiXplorer_v6.70.3_B26022810.apk: vn=6.70.3  vc=26022810  arch=universal  confidence=high  methods=['aapt', 'androguard']
2026-05-02 05:53:00 [INFO    ] apk_extractor        Extracting version from MiXplorer_v6.70.3_B26022811-arm.apk …
2026-05-02 05:53:00 [DEBUG   ] apk_extractor        [aapt] vn=6.70.3  vc=26022811  pkg=com.mixplorer
2026-05-02 05:53:00 [WARNING ] apk_extractor        pyaxmlparser error on MiXplorer_v6.70.3_B26022811-arm.apk: 'APK' object has no attribute 'get_app_version'
2026-05-02 05:53:00 [WARNING ] apk_extractor        Only 1 of 2 fast methods succeeded for MiXplorer_v6.70.3_B26022811-arm.apk. Running tiebreaker.
2026-05-02 05:53:00 [WARNING ] androguard.core.api_specific_resources Requested API level 36 is larger than maximum we have, returning API level 28 instead.
2026-05-02 05:53:13 [DEBUG   ] apk_extractor        [androguard] vn=6.70.3  vc=26022811  pkg=com.mixplorer
2026-05-02 05:53:13 [DEBUG   ] apk_extractor        arch(MiXplorer_v6.70.3_B26022811-arm.apk) = arm  (lib dirs found: {'arm'})
2026-05-02 05:53:13 [INFO    ] apk_extractor        ✓ MiXplorer_v6.70.3_B26022811-arm.apk: vn=6.70.3  vc=26022811  arch=arm  confidence=high  methods=['aapt', 'androguard']
2026-05-02 05:53:13 [INFO    ] apk_extractor        Extracting version from MiXplorer_v6.70.3_B26022812-arm64.apk …
2026-05-02 05:53:13 [DEBUG   ] apk_extractor        [aapt] vn=6.70.3  vc=26022812  pkg=com.mixplorer
2026-05-02 05:53:13 [WARNING ] apk_extractor        pyaxmlparser error on MiXplorer_v6.70.3_B26022812-arm64.apk: 'APK' object has no attribute 'get_app_version'
2026-05-02 05:53:13 [WARNING ] apk_extractor        Only 1 of 2 fast methods succeeded for MiXplorer_v6.70.3_B26022812-arm64.apk. Running tiebreaker.
2026-05-02 05:53:13 [WARNING ] androguard.core.api_specific_resources Requested API level 36 is larger than maximum we have, returning API level 28 instead.
2026-05-02 05:53:25 [DEBUG   ] apk_extractor        [androguard] vn=6.70.3  vc=26022812  pkg=com.mixplorer
2026-05-02 05:53:25 [DEBUG   ] apk_extractor        arch(MiXplorer_v6.70.3_B26022812-arm64.apk) = arm64  (lib dirs found: {'arm64'})
2026-05-02 05:53:25 [INFO    ] apk_extractor        ✓ MiXplorer_v6.70.3_B26022812-arm64.apk: vn=6.70.3  vc=26022812  arch=arm64  confidence=high  methods=['aapt', 'androguard']
2026-05-02 05:53:25 [INFO    ] apk_extractor        Extracting version from MiXplorer_v6.70.3_B26022813-x86.apk …
2026-05-02 05:53:25 [DEBUG   ] apk_extractor        [aapt] vn=6.70.3  vc=26022813  pkg=com.mixplorer
2026-05-02 05:53:25 [WARNING ] apk_extractor        pyaxmlparser error on MiXplorer_v6.70.3_B26022813-x86.apk: 'APK' object has no attribute 'get_app_version'
2026-05-02 05:53:25 [WARNING ] apk_extractor        Only 1 of 2 fast methods succeeded for MiXplorer_v6.70.3_B26022813-x86.apk. Running tiebreaker.
2026-05-02 05:53:25 [WARNING ] androguard.core.api_specific_resources Requested API level 36 is larger than maximum we have, returning API level 28 instead.
2026-05-02 05:53:38 [DEBUG   ] apk_extractor        [androguard] vn=6.70.3  vc=26022813  pkg=com.mixplorer
2026-05-02 05:53:38 [DEBUG   ] apk_extractor        arch(MiXplorer_v6.70.3_B26022813-x86.apk) = x86  (lib dirs found: {'x86'})
2026-05-02 05:53:38 [INFO    ] apk_extractor        ✓ MiXplorer_v6.70.3_B26022813-x86.apk: vn=6.70.3  vc=26022813  arch=x86  confidence=high  methods=['aapt', 'androguard']
2026-05-02 05:53:38 [INFO    ] apk_extractor        Extracting version from MiXplorer_v6.70.3_B26022814-x64.apk …
2026-05-02 05:53:38 [DEBUG   ] apk_extractor        [aapt] vn=6.70.3  vc=26022814  pkg=com.mixplorer
2026-05-02 05:53:38 [WARNING ] apk_extractor        pyaxmlparser error on MiXplorer_v6.70.3_B26022814-x64.apk: 'APK' object has no attribute 'get_app_version'
2026-05-02 05:53:38 [WARNING ] apk_extractor        Only 1 of 2 fast methods succeeded for MiXplorer_v6.70.3_B26022814-x64.apk. Running tiebreaker.
2026-05-02 05:53:38 [WARNING ] androguard.core.api_specific_resources Requested API level 36 is larger than maximum we have, returning API level 28 instead.
2026-05-02 05:53:52 [DEBUG   ] apk_extractor        [androguard] vn=6.70.3  vc=26022814  pkg=com.mixplorer
2026-05-02 05:53:52 [DEBUG   ] apk_extractor        arch(MiXplorer_v6.70.3_B26022814-x64.apk) = x64  (lib dirs found: {'x64'})
2026-05-02 05:53:52 [INFO    ] apk_extractor        ✓ MiXplorer_v6.70.3_B26022814-x64.apk: vn=6.70.3  vc=26022814  arch=x64  confidence=high  methods=['aapt', 'androguard']
2026-05-02 05:53:52 [INFO    ] main                   New version detected: MiXplorer v6.70.3
2026-05-02 05:53:52 [DEBUG   ] apk_renamer            MiXplorer_v6.70.3_B26022810.apk  →  MiXplorer_v6.70.3_B26022810-universal.apk
2026-05-02 05:53:52 [DEBUG   ] apk_renamer            MiXplorer_v6.70.3_B26022811-arm.apk  →  MiXplorer_v6.70.3_B26022811-arm.apk
2026-05-02 05:53:52 [DEBUG   ] apk_renamer            MiXplorer_v6.70.3_B26022812-arm64.apk  →  MiXplorer_v6.70.3_B26022812-arm64.apk
2026-05-02 05:53:52 [DEBUG   ] apk_renamer            MiXplorer_v6.70.3_B26022813-x86.apk  →  MiXplorer_v6.70.3_B26022813-x86.apk
2026-05-02 05:53:52 [DEBUG   ] apk_renamer            MiXplorer_v6.70.3_B26022814-x64.apk  →  MiXplorer_v6.70.3_B26022814-x64.apk
2026-05-02 05:53:52 [INFO    ] main                   Renamed: MiXplorer_v6.70.3_B26022810.apk  →  MiXplorer_v6.70.3_B26022810-universal.apk
2026-05-02 05:53:52 [ERROR   ] main                 Unexpected error for MiXplorer: PosixPath('/tmp/apk_update_5koqtrfo/MiXplorer/MiXplorer_v6.70.3_B26022811-arm.apk') and PosixPath('/tmp/apk_update_5koqtrfo/MiXplorer/MiXplorer_v6.70.3_B26022811-arm.apk') are the same file
Traceback (most recent call last):
  File "/home/runner/work/mixplorer-google-drive/mixplorer-google-drive/scripts/main.py", line 470, in main
    ok, release_info = process_app(
                       ^^^^^^^^^^^^
  File "/home/runner/work/mixplorer-google-drive/mixplorer-google-drive/scripts/main.py", line 328, in process_app
    shutil.copy2(src, dst)
  File "/opt/hostedtoolcache/Python/3.11.15/x64/lib/python3.11/shutil.py", line 448, in copy2
    copyfile(src, dst, follow_symlinks=follow_symlinks)
  File "/opt/hostedtoolcache/Python/3.11.15/x64/lib/python3.11/shutil.py", line 236, in copyfile
    raise SameFileError("{!r} and {!r} are the same file".format(src, dst))
shutil.SameFileError: PosixPath('/tmp/apk_update_5koqtrfo/MiXplorer/MiXplorer_v6.70.3_B26022811-arm.apk') and PosixPath('/tmp/apk_update_5koqtrfo/MiXplorer/MiXplorer_v6.70.3_B26022811-arm.apk') are the same file
2026-05-02 05:53:52 [INFO    ] state_manager        State → Error  |  Unexpected error in MiXplorer
2026-05-02 05:53:52 [INFO    ] release_manager      Issue #16 created: https://github.com/nOneCode4u/mixplorer-google-drive/issues/16
2026-05-02 05:53:52 [INFO    ] main                 ============================================================
2026-05-02 05:53:52 [INFO    ] main                 Pipeline complete — Released=1  Skipped=5  Failed=1
2026-05-02 05:53:52 [INFO    ] main                 Results: {'MiX_Archive': 'no_update', 'MiX_Encrypt': 'no_update', 'MiX_Image': 'no_update', 'MiX_PDF': 'no_update', 'MiX_Codecs': 'released', 'MiX_Tagger': 'no_update', 'MiXplorer': 'exception'}
2026-05-02 05:53:52 [INFO    ] main                 ============================================================
