2026-05-01 11:07:15 [INFO    ] main                 ============================================================
2026-05-01 11:07:15 [INFO    ] main                 APK Update Pipeline — Start
2026-05-01 11:07:15 [INFO    ] main                   Repository : nOneCode4u/mixplorer-releases-google
2026-05-01 11:07:15 [INFO    ] main                   Force all  : False
2026-05-01 11:07:15 [INFO    ] main                   Debug      : True
2026-05-01 11:07:15 [INFO    ] main                 ============================================================
2026-05-01 11:07:15 [INFO    ] main                 Workflow state: Running
2026-05-01 11:07:15 [INFO    ] main                 Loaded 0 manual override(s)
2026-05-01 11:07:15 [INFO    ] main                 Previously released apps: []
2026-05-01 11:07:16 [DEBUG   ] drive_client         list_folder(1BfeK39boriHy-9q76eXLLqbCwfV17-Gv): 7 items
2026-05-01 11:07:16 [INFO    ] main                 Drive app folders: ['MiX Archive', 'MiX Encrypt', 'MiX Image', 'MiX PDF', 'MiX Player Codecs', 'MiX Tagger', 'MiXplorer-v6.70.3']
2026-05-01 11:07:16 [INFO    ] main                 Auto-mapped new folder: 'MiX Archive' → 'MiX_Archive'
2026-05-01 11:07:16 [DEBUG   ] apk_renamer          Saved rename map (9 entries)
2026-05-01 11:07:17 [INFO    ] release_manager      Issue #1 created: https://github.com/nOneCode4u/mixplorer-releases-google/issues/1
2026-05-01 11:07:17 [INFO    ] main                 Auto-mapped new folder: 'MiX Encrypt' → 'MiX_Encrypt'
2026-05-01 11:07:17 [DEBUG   ] apk_renamer          Saved rename map (10 entries)
2026-05-01 11:07:18 [INFO    ] release_manager      Issue #2 created: https://github.com/nOneCode4u/mixplorer-releases-google/issues/2
2026-05-01 11:07:18 [INFO    ] main                 Auto-mapped new folder: 'MiX Image' → 'MiX_Image'
2026-05-01 11:07:18 [DEBUG   ] apk_renamer          Saved rename map (11 entries)
2026-05-01 11:07:18 [INFO    ] release_manager      Issue #3 created: https://github.com/nOneCode4u/mixplorer-releases-google/issues/3
2026-05-01 11:07:18 [INFO    ] main                 Auto-mapped new folder: 'MiX PDF' → 'MiX_PDF'
2026-05-01 11:07:18 [DEBUG   ] apk_renamer          Saved rename map (12 entries)
2026-05-01 11:07:18 [INFO    ] release_manager      Issue #4 created: https://github.com/nOneCode4u/mixplorer-releases-google/issues/4
2026-05-01 11:07:18 [INFO    ] main                 Auto-mapped new folder: 'MiX Player Codecs' → 'MiX_Player_Codecs'
2026-05-01 11:07:18 [DEBUG   ] apk_renamer          Saved rename map (13 entries)
2026-05-01 11:07:19 [INFO    ] release_manager      Issue #5 created: https://github.com/nOneCode4u/mixplorer-releases-google/issues/5
2026-05-01 11:07:19 [INFO    ] main                 Auto-mapped new folder: 'MiX Tagger' → 'MiX_Tagger'
2026-05-01 11:07:19 [DEBUG   ] apk_renamer          Saved rename map (14 entries)
2026-05-01 11:07:19 [INFO    ] release_manager      Issue #6 created: https://github.com/nOneCode4u/mixplorer-releases-google/issues/6
2026-05-01 11:07:19 [INFO    ] main                 Auto-mapped new folder: 'MiXplorer-v6.70.3' → 'MiXplorer-v6.70.3'
2026-05-01 11:07:19 [DEBUG   ] apk_renamer          Saved rename map (15 entries)
2026-05-01 11:07:20 [INFO    ] release_manager      Issue #7 created: https://github.com/nOneCode4u/mixplorer-releases-google/issues/7
2026-05-01 11:07:20 [INFO    ] main                 ──────────────────────────────────────────────────
2026-05-01 11:07:20 [INFO    ] main                 App: MiX_Archive  (Drive folder: MiX Archive)
2026-05-01 11:07:20 [DEBUG   ] drive_client         list_folder(1HmXsotMG4qYVARm0cPSZdom10_NN5QZw): 4 items
2026-05-01 11:07:20 [INFO    ] main                 Found 4 APK(s): ['MiXArchive_B2602261-arm.apk', 'MiXArchive_B2602262-arm64.apk', 'MiXArchive_B2602263-x86.apk', 'MiXArchive_B2602264-x64.apk']
2026-05-01 11:07:20 [INFO    ] drive_client         Downloading MiXArchive_B2602261-arm.apk (attempt 1/3) …
2026-05-01 11:07:21 [INFO    ] drive_client         Downloaded MiXArchive_B2602261-arm.apk (1,465,566 bytes)
2026-05-01 11:07:21 [INFO    ] drive_client         Downloading MiXArchive_B2602262-arm64.apk (attempt 1/3) …
2026-05-01 11:07:21 [INFO    ] drive_client         Downloaded MiXArchive_B2602262-arm64.apk (1,654,079 bytes)
2026-05-01 11:07:21 [INFO    ] drive_client         Downloading MiXArchive_B2602263-x86.apk (attempt 1/3) …
2026-05-01 11:07:22 [INFO    ] drive_client         Downloaded MiXArchive_B2602263-x86.apk (1,656,499 bytes)
2026-05-01 11:07:22 [INFO    ] drive_client         Downloading MiXArchive_B2602264-x64.apk (attempt 1/3) …
2026-05-01 11:07:23 [INFO    ] drive_client         Downloaded MiXArchive_B2602264-x64.apk (1,698,660 bytes)
2026-05-01 11:07:23 [INFO    ] apk_extractor        Extracting version from MiXArchive_B2602261-arm.apk …
2026-05-01 11:07:23 [DEBUG   ] apk_extractor        [aapt] vn=3.20  vc=2602261  pkg=com.mixplorer.addon.archive
2026-05-01 11:07:23 [WARNING ] apk_extractor        pyaxmlparser error on MiXArchive_B2602261-arm.apk: 'APK' object has no attribute 'get_app_version'
2026-05-01 11:07:23 [WARNING ] apk_extractor        Only 1 of 2 fast methods succeeded for MiXArchive_B2602261-arm.apk. Running tiebreaker.
2026-05-01 11:07:23 [WARNING ] androguard.core.api_specific_resources Requested API level 36 is larger than maximum we have, returning API level 28 instead.
2026-05-01 11:07:23 [DEBUG   ] apk_extractor        [androguard] vn=3.20  vc=2602261  pkg=com.mixplorer.addon.archive
2026-05-01 11:07:23 [DEBUG   ] apk_extractor        arch(MiXArchive_B2602261-arm.apk) = arm  (lib dirs found: {'arm'})
2026-05-01 11:07:23 [INFO    ] apk_extractor        ✓ MiXArchive_B2602261-arm.apk: vn=3.20  vc=2602261  arch=arm  confidence=high  methods=['aapt', 'androguard']
2026-05-01 11:07:23 [INFO    ] apk_extractor        Extracting version from MiXArchive_B2602262-arm64.apk …
2026-05-01 11:07:23 [DEBUG   ] apk_extractor        [aapt] vn=3.20  vc=2602262  pkg=com.mixplorer.addon.archive
2026-05-01 11:07:23 [WARNING ] apk_extractor        pyaxmlparser error on MiXArchive_B2602262-arm64.apk: 'APK' object has no attribute 'get_app_version'
2026-05-01 11:07:23 [WARNING ] apk_extractor        Only 1 of 2 fast methods succeeded for MiXArchive_B2602262-arm64.apk. Running tiebreaker.
2026-05-01 11:07:23 [WARNING ] androguard.core.api_specific_resources Requested API level 36 is larger than maximum we have, returning API level 28 instead.
2026-05-01 11:07:23 [DEBUG   ] apk_extractor        [androguard] vn=3.20  vc=2602262  pkg=com.mixplorer.addon.archive
2026-05-01 11:07:23 [DEBUG   ] apk_extractor        arch(MiXArchive_B2602262-arm64.apk) = arm64  (lib dirs found: {'arm64'})
2026-05-01 11:07:23 [INFO    ] apk_extractor        ✓ MiXArchive_B2602262-arm64.apk: vn=3.20  vc=2602262  arch=arm64  confidence=high  methods=['aapt', 'androguard']
2026-05-01 11:07:23 [INFO    ] apk_extractor        Extracting version from MiXArchive_B2602263-x86.apk …
2026-05-01 11:07:23 [DEBUG   ] apk_extractor        [aapt] vn=3.20  vc=2602263  pkg=com.mixplorer.addon.archive
2026-05-01 11:07:23 [WARNING ] apk_extractor        pyaxmlparser error on MiXArchive_B2602263-x86.apk: 'APK' object has no attribute 'get_app_version'
2026-05-01 11:07:23 [WARNING ] apk_extractor        Only 1 of 2 fast methods succeeded for MiXArchive_B2602263-x86.apk. Running tiebreaker.
2026-05-01 11:07:23 [WARNING ] androguard.core.api_specific_resources Requested API level 36 is larger than maximum we have, returning API level 28 instead.
2026-05-01 11:07:23 [DEBUG   ] apk_extractor        [androguard] vn=3.20  vc=2602263  pkg=com.mixplorer.addon.archive
2026-05-01 11:07:23 [DEBUG   ] apk_extractor        arch(MiXArchive_B2602263-x86.apk) = x86  (lib dirs found: {'x86'})
2026-05-01 11:07:23 [INFO    ] apk_extractor        ✓ MiXArchive_B2602263-x86.apk: vn=3.20  vc=2602263  arch=x86  confidence=high  methods=['aapt', 'androguard']
2026-05-01 11:07:23 [INFO    ] apk_extractor        Extracting version from MiXArchive_B2602264-x64.apk …
2026-05-01 11:07:23 [DEBUG   ] apk_extractor        [aapt] vn=3.20  vc=2602264  pkg=com.mixplorer.addon.archive
2026-05-01 11:07:23 [WARNING ] apk_extractor        pyaxmlparser error on MiXArchive_B2602264-x64.apk: 'APK' object has no attribute 'get_app_version'
2026-05-01 11:07:23 [WARNING ] apk_extractor        Only 1 of 2 fast methods succeeded for MiXArchive_B2602264-x64.apk. Running tiebreaker.
2026-05-01 11:07:23 [WARNING ] androguard.core.api_specific_resources Requested API level 36 is larger than maximum we have, returning API level 28 instead.
2026-05-01 11:07:24 [DEBUG   ] apk_extractor        [androguard] vn=3.20  vc=2602264  pkg=com.mixplorer.addon.archive
2026-05-01 11:07:24 [DEBUG   ] apk_extractor        arch(MiXArchive_B2602264-x64.apk) = x64  (lib dirs found: {'x64'})
2026-05-01 11:07:24 [INFO    ] apk_extractor        ✓ MiXArchive_B2602264-x64.apk: vn=3.20  vc=2602264  arch=x64  confidence=high  methods=['aapt', 'androguard']
2026-05-01 11:07:24 [INFO    ] main                   New version detected: MiX_Archive v3.20
2026-05-01 11:07:24 [DEBUG   ] apk_renamer            MiXArchive_B2602261-arm.apk  →  MiX_Archive_v3.20_B2602261-arm.apk
2026-05-01 11:07:24 [DEBUG   ] apk_renamer            MiXArchive_B2602262-arm64.apk  →  MiX_Archive_v3.20_B2602262-arm64.apk
2026-05-01 11:07:24 [DEBUG   ] apk_renamer            MiXArchive_B2602263-x86.apk  →  MiX_Archive_v3.20_B2602263-x86.apk
2026-05-01 11:07:24 [DEBUG   ] apk_renamer            MiXArchive_B2602264-x64.apk  →  MiX_Archive_v3.20_B2602264-x64.apk
2026-05-01 11:07:24 [INFO    ] main                   Renamed: MiXArchive_B2602261-arm.apk  →  MiX_Archive_v3.20_B2602261-arm.apk
2026-05-01 11:07:24 [INFO    ] main                   Renamed: MiXArchive_B2602262-arm64.apk  →  MiX_Archive_v3.20_B2602262-arm64.apk
2026-05-01 11:07:24 [INFO    ] main                   Renamed: MiXArchive_B2602263-x86.apk  →  MiX_Archive_v3.20_B2602263-x86.apk
2026-05-01 11:07:24 [INFO    ] main                   Renamed: MiXArchive_B2602264-x64.apk  →  MiX_Archive_v3.20_B2602264-x64.apk
2026-05-01 11:07:25 [INFO    ] release_manager      Created release: https://github.com/nOneCode4u/mixplorer-releases-google/releases/tag/MiX_Archive-v3.20
2026-05-01 11:07:25 [INFO    ] release_manager        Uploaded: MiX_Archive_v3.20_B2602261-arm.apk  (1,465,566 bytes)
2026-05-01 11:07:26 [INFO    ] release_manager        Uploaded: MiX_Archive_v3.20_B2602262-arm64.apk  (1,654,079 bytes)
2026-05-01 11:07:27 [INFO    ] release_manager        Uploaded: MiX_Archive_v3.20_B2602263-x86.apk  (1,656,499 bytes)
2026-05-01 11:07:27 [INFO    ] release_manager        Uploaded: MiX_Archive_v3.20_B2602264-x64.apk  (1,698,660 bytes)
2026-05-01 11:07:28 [INFO    ] release_manager      Verification PASSED — all 4 assets confirmed.
2026-05-01 11:07:28 [INFO    ] main                 ✓ Released: MiX_Archive v3.20
2026-05-01 11:07:28 [INFO    ] main                 ──────────────────────────────────────────────────
2026-05-01 11:07:28 [INFO    ] main                 App: MiX_Encrypt  (Drive folder: MiX Encrypt)
2026-05-01 11:07:28 [DEBUG   ] drive_client         list_folder(16JkuWnXk7W4oM5WxCIbZS1U0grnw2BA-): 1 items
2026-05-01 11:07:28 [INFO    ] main                 Found 1 APK(s): ['MiXEncrypt_B2512251-universal.apk']
2026-05-01 11:07:28 [INFO    ] drive_client         Downloading MiXEncrypt_B2512251-universal.apk (attempt 1/3) …
2026-05-01 11:07:28 [INFO    ] drive_client         Downloaded MiXEncrypt_B2512251-universal.apk (57,451 bytes)
2026-05-01 11:07:28 [INFO    ] apk_extractor        Extracting version from MiXEncrypt_B2512251-universal.apk …
2026-05-01 11:07:28 [DEBUG   ] apk_extractor        [aapt] vn=1.0  vc=2512251  pkg=com.mixplorer.addon.encrypt
2026-05-01 11:07:28 [WARNING ] apk_extractor        pyaxmlparser error on MiXEncrypt_B2512251-universal.apk: 'APK' object has no attribute 'get_app_version'
2026-05-01 11:07:28 [WARNING ] apk_extractor        Only 1 of 2 fast methods succeeded for MiXEncrypt_B2512251-universal.apk. Running tiebreaker.
2026-05-01 11:07:28 [WARNING ] androguard.core.api_specific_resources Requested API level 36 is larger than maximum we have, returning API level 28 instead.
2026-05-01 11:07:28 [DEBUG   ] apk_extractor        [androguard] vn=1.0  vc=2512251  pkg=com.mixplorer.addon.encrypt
2026-05-01 11:07:28 [DEBUG   ] apk_extractor        arch(MiXEncrypt_B2512251-universal.apk) = java  (lib dirs found: none)
2026-05-01 11:07:28 [INFO    ] apk_extractor        ✓ MiXEncrypt_B2512251-universal.apk: vn=1.0  vc=2512251  arch=java  confidence=high  methods=['aapt', 'androguard']
2026-05-01 11:07:28 [INFO    ] main                   New version detected: MiX_Encrypt v1.0
2026-05-01 11:07:28 [DEBUG   ] apk_renamer            MiXEncrypt_B2512251-universal.apk  →  MiX_Encrypt_v1.0_B2512251.apk
2026-05-01 11:07:28 [INFO    ] main                   Renamed: MiXEncrypt_B2512251-universal.apk  →  MiX_Encrypt_v1.0_B2512251.apk
2026-05-01 11:07:29 [INFO    ] release_manager      Created release: https://github.com/nOneCode4u/mixplorer-releases-google/releases/tag/MiX_Encrypt-v1.0
2026-05-01 11:07:30 [INFO    ] release_manager        Uploaded: MiX_Encrypt_v1.0_B2512251.apk  (57,451 bytes)
2026-05-01 11:07:30 [INFO    ] release_manager      Verification PASSED — all 1 assets confirmed.
2026-05-01 11:07:30 [INFO    ] main                 ✓ Released: MiX_Encrypt v1.0
2026-05-01 11:07:30 [INFO    ] main                 ──────────────────────────────────────────────────
2026-05-01 11:07:30 [INFO    ] main                 App: MiX_Image  (Drive folder: MiX Image)
2026-05-01 11:07:30 [DEBUG   ] drive_client         list_folder(1UKzlyiBcgRQbh1waaduSLrh4Q8TbTrax): 5 items
2026-05-01 11:07:30 [INFO    ] main                 Found 5 APK(s): ['MiXImage_B2602230.apk', 'MiXImage_B2602231-arm.apk', 'MiXImage_B2602232-arm64.apk', 'MiXImage_B2602233-x86.apk', 'MiXImage_B2602234-x64.apk']
2026-05-01 11:07:30 [INFO    ] drive_client         Downloading MiXImage_B2602230.apk (attempt 1/3) …
2026-05-01 11:07:32 [INFO    ] drive_client         Downloaded MiXImage_B2602230.apk (11,108,649 bytes)
2026-05-01 11:07:32 [INFO    ] drive_client         Downloading MiXImage_B2602231-arm.apk (attempt 1/3) …
2026-05-01 11:07:32 [INFO    ] drive_client         Downloaded MiXImage_B2602231-arm.apk (2,411,016 bytes)
2026-05-01 11:07:32 [INFO    ] drive_client         Downloading MiXImage_B2602232-arm64.apk (attempt 1/3) …
2026-05-01 11:07:33 [INFO    ] drive_client         Downloaded MiXImage_B2602232-arm64.apk (3,146,009 bytes)
2026-05-01 11:07:33 [INFO    ] drive_client         Downloading MiXImage_B2602233-x86.apk (attempt 1/3) …
2026-05-01 11:07:35 [INFO    ] drive_client         Downloaded MiXImage_B2602233-x86.apk (2,630,043 bytes)
2026-05-01 11:07:35 [INFO    ] drive_client         Downloading MiXImage_B2602234-x64.apk (attempt 1/3) …
2026-05-01 11:07:36 [INFO    ] drive_client         Downloaded MiXImage_B2602234-x64.apk (3,370,477 bytes)
2026-05-01 11:07:36 [INFO    ] apk_extractor        Extracting version from MiXImage_B2602230.apk …
2026-05-01 11:07:36 [DEBUG   ] apk_extractor        [aapt] vn=2.16  vc=2602230  pkg=com.mixplorer.addon.image
2026-05-01 11:07:36 [WARNING ] apk_extractor        pyaxmlparser error on MiXImage_B2602230.apk: 'APK' object has no attribute 'get_app_version'
2026-05-01 11:07:36 [WARNING ] apk_extractor        Only 1 of 2 fast methods succeeded for MiXImage_B2602230.apk. Running tiebreaker.
2026-05-01 11:07:36 [WARNING ] androguard.core.api_specific_resources Requested API level 36 is larger than maximum we have, returning API level 28 instead.
2026-05-01 11:07:36 [DEBUG   ] apk_extractor        [androguard] vn=2.16  vc=2602230  pkg=com.mixplorer.addon.image
2026-05-01 11:07:36 [DEBUG   ] apk_extractor        arch(MiXImage_B2602230.apk) = universal  (lib dirs found: {'x64', 'arm64', 'x86', 'arm'})
2026-05-01 11:07:36 [INFO    ] apk_extractor        ✓ MiXImage_B2602230.apk: vn=2.16  vc=2602230  arch=universal  confidence=high  methods=['aapt', 'androguard']
2026-05-01 11:07:36 [INFO    ] apk_extractor        Extracting version from MiXImage_B2602231-arm.apk …
2026-05-01 11:07:36 [DEBUG   ] apk_extractor        [aapt] vn=2.16  vc=2602231  pkg=com.mixplorer.addon.image
2026-05-01 11:07:36 [WARNING ] apk_extractor        pyaxmlparser error on MiXImage_B2602231-arm.apk: 'APK' object has no attribute 'get_app_version'
2026-05-01 11:07:36 [WARNING ] apk_extractor        Only 1 of 2 fast methods succeeded for MiXImage_B2602231-arm.apk. Running tiebreaker.
2026-05-01 11:07:36 [WARNING ] androguard.core.api_specific_resources Requested API level 36 is larger than maximum we have, returning API level 28 instead.
2026-05-01 11:07:36 [DEBUG   ] apk_extractor        [androguard] vn=2.16  vc=2602231  pkg=com.mixplorer.addon.image
2026-05-01 11:07:36 [DEBUG   ] apk_extractor        arch(MiXImage_B2602231-arm.apk) = arm  (lib dirs found: {'arm'})
2026-05-01 11:07:36 [INFO    ] apk_extractor        ✓ MiXImage_B2602231-arm.apk: vn=2.16  vc=2602231  arch=arm  confidence=high  methods=['aapt', 'androguard']
2026-05-01 11:07:36 [INFO    ] apk_extractor        Extracting version from MiXImage_B2602232-arm64.apk …
2026-05-01 11:07:36 [DEBUG   ] apk_extractor        [aapt] vn=2.16  vc=2602232  pkg=com.mixplorer.addon.image
2026-05-01 11:07:36 [WARNING ] apk_extractor        pyaxmlparser error on MiXImage_B2602232-arm64.apk: 'APK' object has no attribute 'get_app_version'
2026-05-01 11:07:36 [WARNING ] apk_extractor        Only 1 of 2 fast methods succeeded for MiXImage_B2602232-arm64.apk. Running tiebreaker.
2026-05-01 11:07:36 [WARNING ] androguard.core.api_specific_resources Requested API level 36 is larger than maximum we have, returning API level 28 instead.
2026-05-01 11:07:36 [DEBUG   ] apk_extractor        [androguard] vn=2.16  vc=2602232  pkg=com.mixplorer.addon.image
2026-05-01 11:07:36 [DEBUG   ] apk_extractor        arch(MiXImage_B2602232-arm64.apk) = arm64  (lib dirs found: {'arm64'})
2026-05-01 11:07:36 [INFO    ] apk_extractor        ✓ MiXImage_B2602232-arm64.apk: vn=2.16  vc=2602232  arch=arm64  confidence=high  methods=['aapt', 'androguard']
2026-05-01 11:07:36 [INFO    ] apk_extractor        Extracting version from MiXImage_B2602233-x86.apk …
2026-05-01 11:07:36 [DEBUG   ] apk_extractor        [aapt] vn=2.16  vc=2602233  pkg=com.mixplorer.addon.image
2026-05-01 11:07:36 [WARNING ] apk_extractor        pyaxmlparser error on MiXImage_B2602233-x86.apk: 'APK' object has no attribute 'get_app_version'
2026-05-01 11:07:36 [WARNING ] apk_extractor        Only 1 of 2 fast methods succeeded for MiXImage_B2602233-x86.apk. Running tiebreaker.
2026-05-01 11:07:36 [WARNING ] androguard.core.api_specific_resources Requested API level 36 is larger than maximum we have, returning API level 28 instead.
2026-05-01 11:07:36 [DEBUG   ] apk_extractor        [androguard] vn=2.16  vc=2602233  pkg=com.mixplorer.addon.image
2026-05-01 11:07:36 [DEBUG   ] apk_extractor        arch(MiXImage_B2602233-x86.apk) = x86  (lib dirs found: {'x86'})
2026-05-01 11:07:36 [INFO    ] apk_extractor        ✓ MiXImage_B2602233-x86.apk: vn=2.16  vc=2602233  arch=x86  confidence=high  methods=['aapt', 'androguard']
2026-05-01 11:07:36 [INFO    ] apk_extractor        Extracting version from MiXImage_B2602234-x64.apk …
2026-05-01 11:07:36 [DEBUG   ] apk_extractor        [aapt] vn=2.16  vc=2602234  pkg=com.mixplorer.addon.image
2026-05-01 11:07:36 [WARNING ] apk_extractor        pyaxmlparser error on MiXImage_B2602234-x64.apk: 'APK' object has no attribute 'get_app_version'
2026-05-01 11:07:36 [WARNING ] apk_extractor        Only 1 of 2 fast methods succeeded for MiXImage_B2602234-x64.apk. Running tiebreaker.
2026-05-01 11:07:36 [WARNING ] androguard.core.api_specific_resources Requested API level 36 is larger than maximum we have, returning API level 28 instead.
2026-05-01 11:07:36 [DEBUG   ] apk_extractor        [androguard] vn=2.16  vc=2602234  pkg=com.mixplorer.addon.image
2026-05-01 11:07:36 [DEBUG   ] apk_extractor        arch(MiXImage_B2602234-x64.apk) = x64  (lib dirs found: {'x64'})
2026-05-01 11:07:36 [INFO    ] apk_extractor        ✓ MiXImage_B2602234-x64.apk: vn=2.16  vc=2602234  arch=x64  confidence=high  methods=['aapt', 'androguard']
2026-05-01 11:07:36 [INFO    ] main                   New version detected: MiX_Image v2.16
2026-05-01 11:07:36 [DEBUG   ] apk_renamer            MiXImage_B2602230.apk  →  MiX_Image_v2.16_B2602230-universal.apk
2026-05-01 11:07:36 [DEBUG   ] apk_renamer            MiXImage_B2602231-arm.apk  →  MiX_Image_v2.16_B2602231-arm.apk
2026-05-01 11:07:36 [DEBUG   ] apk_renamer            MiXImage_B2602232-arm64.apk  →  MiX_Image_v2.16_B2602232-arm64.apk
2026-05-01 11:07:36 [DEBUG   ] apk_renamer            MiXImage_B2602233-x86.apk  →  MiX_Image_v2.16_B2602233-x86.apk
2026-05-01 11:07:36 [DEBUG   ] apk_renamer            MiXImage_B2602234-x64.apk  →  MiX_Image_v2.16_B2602234-x64.apk
2026-05-01 11:07:36 [INFO    ] main                   Renamed: MiXImage_B2602230.apk  →  MiX_Image_v2.16_B2602230-universal.apk
2026-05-01 11:07:36 [INFO    ] main                   Renamed: MiXImage_B2602231-arm.apk  →  MiX_Image_v2.16_B2602231-arm.apk
2026-05-01 11:07:36 [INFO    ] main                   Renamed: MiXImage_B2602232-arm64.apk  →  MiX_Image_v2.16_B2602232-arm64.apk
2026-05-01 11:07:36 [INFO    ] main                   Renamed: MiXImage_B2602233-x86.apk  →  MiX_Image_v2.16_B2602233-x86.apk
2026-05-01 11:07:36 [INFO    ] main                   Renamed: MiXImage_B2602234-x64.apk  →  MiX_Image_v2.16_B2602234-x64.apk
2026-05-01 11:07:37 [INFO    ] release_manager      Created release: https://github.com/nOneCode4u/mixplorer-releases-google/releases/tag/MiX_Image-v2.16
2026-05-01 11:07:38 [INFO    ] release_manager        Uploaded: MiX_Image_v2.16_B2602230-universal.apk  (11,108,649 bytes)
2026-05-01 11:07:39 [INFO    ] release_manager        Uploaded: MiX_Image_v2.16_B2602231-arm.apk  (2,411,016 bytes)
2026-05-01 11:07:40 [INFO    ] release_manager        Uploaded: MiX_Image_v2.16_B2602232-arm64.apk  (3,146,009 bytes)
2026-05-01 11:07:41 [INFO    ] release_manager        Uploaded: MiX_Image_v2.16_B2602233-x86.apk  (2,630,043 bytes)
2026-05-01 11:07:41 [INFO    ] release_manager        Uploaded: MiX_Image_v2.16_B2602234-x64.apk  (3,370,477 bytes)
2026-05-01 11:07:41 [INFO    ] release_manager      Verification PASSED — all 5 assets confirmed.
2026-05-01 11:07:41 [INFO    ] main                 ✓ Released: MiX_Image v2.16
2026-05-01 11:07:41 [INFO    ] main                 ──────────────────────────────────────────────────
2026-05-01 11:07:41 [INFO    ] main                 App: MiX_PDF  (Drive folder: MiX PDF)
2026-05-01 11:07:42 [DEBUG   ] drive_client         list_folder(1cdLK7Mz-7C0gLaYHlhqsMlgpgYDrbsCh): 5 items
2026-05-01 11:07:42 [INFO    ] main                 Found 5 APK(s): ['MiXPDF_B2602260.apk', 'MiXPDF_B2602261-arm.apk', 'MiXPDF_B2602262-arm64.apk', 'MiXPDF_B2602263-x86.apk', 'MiXPDF_B2602264-x64.apk']
2026-05-01 11:07:42 [INFO    ] drive_client         Downloading MiXPDF_B2602260.apk (attempt 1/3) …
2026-05-01 11:07:43 [INFO    ] drive_client         Downloaded MiXPDF_B2602260.apk (10,777,999 bytes)
2026-05-01 11:07:43 [INFO    ] drive_client         Downloading MiXPDF_B2602261-arm.apk (attempt 1/3) …
2026-05-01 11:07:44 [INFO    ] drive_client         Downloaded MiXPDF_B2602261-arm.apk (2,728,354 bytes)
2026-05-01 11:07:44 [INFO    ] drive_client         Downloading MiXPDF_B2602262-arm64.apk (attempt 1/3) …
2026-05-01 11:07:45 [INFO    ] drive_client         Downloaded MiXPDF_B2602262-arm64.apk (2,874,272 bytes)
2026-05-01 11:07:45 [INFO    ] drive_client         Downloading MiXPDF_B2602263-x86.apk (attempt 1/3) …
2026-05-01 11:07:46 [INFO    ] drive_client         Downloaded MiXPDF_B2602263-x86.apk (2,930,346 bytes)
2026-05-01 11:07:46 [INFO    ] drive_client         Downloading MiXPDF_B2602264-x64.apk (attempt 1/3) …
2026-05-01 11:07:47 [INFO    ] drive_client         Downloaded MiXPDF_B2602264-x64.apk (2,927,181 bytes)
2026-05-01 11:07:47 [INFO    ] apk_extractor        Extracting version from MiXPDF_B2602260.apk …
2026-05-01 11:07:47 [DEBUG   ] apk_extractor        [aapt] vn=1.19  vc=2602260  pkg=com.mixplorer.addon.pdf
2026-05-01 11:07:47 [WARNING ] apk_extractor        pyaxmlparser error on MiXPDF_B2602260.apk: 'APK' object has no attribute 'get_app_version'
2026-05-01 11:07:47 [WARNING ] apk_extractor        Only 1 of 2 fast methods succeeded for MiXPDF_B2602260.apk. Running tiebreaker.
2026-05-01 11:07:47 [WARNING ] androguard.core.api_specific_resources Requested API level 36 is larger than maximum we have, returning API level 28 instead.
2026-05-01 11:07:48 [DEBUG   ] apk_extractor        [androguard] vn=1.19  vc=2602260  pkg=com.mixplorer.addon.pdf
2026-05-01 11:07:48 [DEBUG   ] apk_extractor        arch(MiXPDF_B2602260.apk) = universal  (lib dirs found: {'x64', 'arm64', 'x86', 'arm'})
2026-05-01 11:07:48 [INFO    ] apk_extractor        ✓ MiXPDF_B2602260.apk: vn=1.19  vc=2602260  arch=universal  confidence=high  methods=['aapt', 'androguard']
2026-05-01 11:07:48 [INFO    ] apk_extractor        Extracting version from MiXPDF_B2602261-arm.apk …
2026-05-01 11:07:48 [DEBUG   ] apk_extractor        [aapt] vn=1.19  vc=2602261  pkg=com.mixplorer.addon.pdf
2026-05-01 11:07:48 [WARNING ] apk_extractor        pyaxmlparser error on MiXPDF_B2602261-arm.apk: 'APK' object has no attribute 'get_app_version'
2026-05-01 11:07:48 [WARNING ] apk_extractor        Only 1 of 2 fast methods succeeded for MiXPDF_B2602261-arm.apk. Running tiebreaker.
2026-05-01 11:07:48 [WARNING ] androguard.core.api_specific_resources Requested API level 36 is larger than maximum we have, returning API level 28 instead.
2026-05-01 11:07:49 [DEBUG   ] apk_extractor        [androguard] vn=1.19  vc=2602261  pkg=com.mixplorer.addon.pdf
2026-05-01 11:07:49 [DEBUG   ] apk_extractor        arch(MiXPDF_B2602261-arm.apk) = arm  (lib dirs found: {'arm'})
2026-05-01 11:07:49 [INFO    ] apk_extractor        ✓ MiXPDF_B2602261-arm.apk: vn=1.19  vc=2602261  arch=arm  confidence=high  methods=['aapt', 'androguard']
2026-05-01 11:07:49 [INFO    ] apk_extractor        Extracting version from MiXPDF_B2602262-arm64.apk …
2026-05-01 11:07:49 [DEBUG   ] apk_extractor        [aapt] vn=1.19  vc=2602262  pkg=com.mixplorer.addon.pdf
2026-05-01 11:07:49 [WARNING ] apk_extractor        pyaxmlparser error on MiXPDF_B2602262-arm64.apk: 'APK' object has no attribute 'get_app_version'
2026-05-01 11:07:49 [WARNING ] apk_extractor        Only 1 of 2 fast methods succeeded for MiXPDF_B2602262-arm64.apk. Running tiebreaker.
2026-05-01 11:07:49 [WARNING ] androguard.core.api_specific_resources Requested API level 36 is larger than maximum we have, returning API level 28 instead.
2026-05-01 11:07:49 [DEBUG   ] apk_extractor        [androguard] vn=1.19  vc=2602262  pkg=com.mixplorer.addon.pdf
2026-05-01 11:07:49 [DEBUG   ] apk_extractor        arch(MiXPDF_B2602262-arm64.apk) = arm64  (lib dirs found: {'arm64'})
2026-05-01 11:07:49 [INFO    ] apk_extractor        ✓ MiXPDF_B2602262-arm64.apk: vn=1.19  vc=2602262  arch=arm64  confidence=high  methods=['aapt', 'androguard']
2026-05-01 11:07:49 [INFO    ] apk_extractor        Extracting version from MiXPDF_B2602263-x86.apk …
2026-05-01 11:07:49 [DEBUG   ] apk_extractor        [aapt] vn=1.19  vc=2602263  pkg=com.mixplorer.addon.pdf
2026-05-01 11:07:49 [WARNING ] apk_extractor        pyaxmlparser error on MiXPDF_B2602263-x86.apk: 'APK' object has no attribute 'get_app_version'
2026-05-01 11:07:49 [WARNING ] apk_extractor        Only 1 of 2 fast methods succeeded for MiXPDF_B2602263-x86.apk. Running tiebreaker.
2026-05-01 11:07:49 [WARNING ] androguard.core.api_specific_resources Requested API level 36 is larger than maximum we have, returning API level 28 instead.
2026-05-01 11:07:50 [DEBUG   ] apk_extractor        [androguard] vn=1.19  vc=2602263  pkg=com.mixplorer.addon.pdf
2026-05-01 11:07:50 [DEBUG   ] apk_extractor        arch(MiXPDF_B2602263-x86.apk) = x86  (lib dirs found: {'x86'})
2026-05-01 11:07:50 [INFO    ] apk_extractor        ✓ MiXPDF_B2602263-x86.apk: vn=1.19  vc=2602263  arch=x86  confidence=high  methods=['aapt', 'androguard']
2026-05-01 11:07:50 [INFO    ] apk_extractor        Extracting version from MiXPDF_B2602264-x64.apk …
2026-05-01 11:07:50 [DEBUG   ] apk_extractor        [aapt] vn=1.19  vc=2602264  pkg=com.mixplorer.addon.pdf
2026-05-01 11:07:50 [WARNING ] apk_extractor        pyaxmlparser error on MiXPDF_B2602264-x64.apk: 'APK' object has no attribute 'get_app_version'
2026-05-01 11:07:50 [WARNING ] apk_extractor        Only 1 of 2 fast methods succeeded for MiXPDF_B2602264-x64.apk. Running tiebreaker.
2026-05-01 11:07:50 [WARNING ] androguard.core.api_specific_resources Requested API level 36 is larger than maximum we have, returning API level 28 instead.
2026-05-01 11:07:51 [DEBUG   ] apk_extractor        [androguard] vn=1.19  vc=2602264  pkg=com.mixplorer.addon.pdf
2026-05-01 11:07:51 [DEBUG   ] apk_extractor        arch(MiXPDF_B2602264-x64.apk) = x64  (lib dirs found: {'x64'})
2026-05-01 11:07:51 [INFO    ] apk_extractor        ✓ MiXPDF_B2602264-x64.apk: vn=1.19  vc=2602264  arch=x64  confidence=high  methods=['aapt', 'androguard']
2026-05-01 11:07:51 [INFO    ] main                   New version detected: MiX_PDF v1.19
2026-05-01 11:07:51 [DEBUG   ] apk_renamer            MiXPDF_B2602260.apk  →  MiX_PDF_v1.19_B2602260-universal.apk
2026-05-01 11:07:51 [DEBUG   ] apk_renamer            MiXPDF_B2602261-arm.apk  →  MiX_PDF_v1.19_B2602261-arm.apk
2026-05-01 11:07:51 [DEBUG   ] apk_renamer            MiXPDF_B2602262-arm64.apk  →  MiX_PDF_v1.19_B2602262-arm64.apk
2026-05-01 11:07:51 [DEBUG   ] apk_renamer            MiXPDF_B2602263-x86.apk  →  MiX_PDF_v1.19_B2602263-x86.apk
2026-05-01 11:07:51 [DEBUG   ] apk_renamer            MiXPDF_B2602264-x64.apk  →  MiX_PDF_v1.19_B2602264-x64.apk
2026-05-01 11:07:51 [INFO    ] main                   Renamed: MiXPDF_B2602260.apk  →  MiX_PDF_v1.19_B2602260-universal.apk
2026-05-01 11:07:51 [INFO    ] main                   Renamed: MiXPDF_B2602261-arm.apk  →  MiX_PDF_v1.19_B2602261-arm.apk
2026-05-01 11:07:51 [INFO    ] main                   Renamed: MiXPDF_B2602262-arm64.apk  →  MiX_PDF_v1.19_B2602262-arm64.apk
2026-05-01 11:07:51 [INFO    ] main                   Renamed: MiXPDF_B2602263-x86.apk  →  MiX_PDF_v1.19_B2602263-x86.apk
2026-05-01 11:07:51 [INFO    ] main                   Renamed: MiXPDF_B2602264-x64.apk  →  MiX_PDF_v1.19_B2602264-x64.apk
2026-05-01 11:07:52 [INFO    ] release_manager      Created release: https://github.com/nOneCode4u/mixplorer-releases-google/releases/tag/MiX_PDF-v1.19
2026-05-01 11:07:53 [INFO    ] release_manager        Uploaded: MiX_PDF_v1.19_B2602260-universal.apk  (10,777,999 bytes)
2026-05-01 11:07:53 [INFO    ] release_manager        Uploaded: MiX_PDF_v1.19_B2602261-arm.apk  (2,728,354 bytes)
2026-05-01 11:07:54 [INFO    ] release_manager        Uploaded: MiX_PDF_v1.19_B2602262-arm64.apk  (2,874,272 bytes)
2026-05-01 11:07:55 [INFO    ] release_manager        Uploaded: MiX_PDF_v1.19_B2602263-x86.apk  (2,930,346 bytes)
2026-05-01 11:07:55 [INFO    ] release_manager        Uploaded: MiX_PDF_v1.19_B2602264-x64.apk  (2,927,181 bytes)
2026-05-01 11:07:56 [INFO    ] release_manager      Verification PASSED — all 5 assets confirmed.
2026-05-01 11:07:56 [INFO    ] main                 ✓ Released: MiX_PDF v1.19
2026-05-01 11:07:56 [INFO    ] main                 ──────────────────────────────────────────────────
2026-05-01 11:07:56 [INFO    ] main                 App: MiX_Player_Codecs  (Drive folder: MiX Player Codecs)
2026-05-01 11:07:56 [DEBUG   ] drive_client         list_folder(1ws2n74i7XiAoDMqhQjXbzpGRovCV6C2i): 5 items
2026-05-01 11:07:56 [INFO    ] main                 Found 5 APK(s): ['MiXCodecs_B2512131-universal.apk', 'MiXCodecs_B2512132-arm.apk', 'MiXCodecs_B2512133-arm64.apk', 'MiXCodecs_B2512134-x86.apk', 'MiXCodecs_B2512135-x64.apk']
2026-05-01 11:07:56 [INFO    ] drive_client         Downloading MiXCodecs_B2512131-universal.apk (attempt 1/3) …
2026-05-01 11:08:04 [INFO    ] drive_client         Downloaded MiXCodecs_B2512131-universal.apk (82,757,237 bytes)
2026-05-01 11:08:04 [INFO    ] drive_client         Downloading MiXCodecs_B2512132-arm.apk (attempt 1/3) …
2026-05-01 11:08:07 [INFO    ] drive_client         Downloaded MiXCodecs_B2512132-arm.apk (19,743,479 bytes)
2026-05-01 11:08:07 [INFO    ] drive_client         Downloading MiXCodecs_B2512133-arm64.apk (attempt 1/3) …
2026-05-01 11:08:10 [INFO    ] drive_client         Downloaded MiXCodecs_B2512133-arm64.apk (20,651,386 bytes)
2026-05-01 11:08:10 [INFO    ] drive_client         Downloading MiXCodecs_B2512134-x86.apk (attempt 1/3) …
2026-05-01 11:08:13 [INFO    ] drive_client         Downloaded MiXCodecs_B2512134-x86.apk (20,663,863 bytes)
2026-05-01 11:08:13 [INFO    ] drive_client         Downloading MiXCodecs_B2512135-x64.apk (attempt 1/3) …
2026-05-01 11:08:16 [INFO    ] drive_client         Downloaded MiXCodecs_B2512135-x64.apk (21,982,792 bytes)
2026-05-01 11:08:16 [INFO    ] apk_extractor        Extracting version from MiXCodecs_B2512131-universal.apk …
2026-05-01 11:08:16 [DEBUG   ] apk_extractor        [aapt] vn=2.9  vc=2512131  pkg=com.mixplorer.addon.codecs
2026-05-01 11:08:16 [WARNING ] apk_extractor        pyaxmlparser error on MiXCodecs_B2512131-universal.apk: 'APK' object has no attribute 'get_app_version'
2026-05-01 11:08:16 [WARNING ] apk_extractor        Only 1 of 2 fast methods succeeded for MiXCodecs_B2512131-universal.apk. Running tiebreaker.
2026-05-01 11:08:16 [WARNING ] androguard.core.api_specific_resources Requested API level 36 is larger than maximum we have, returning API level 28 instead.
2026-05-01 11:08:17 [DEBUG   ] apk_extractor        [androguard] vn=2.9  vc=2512131  pkg=com.mixplorer.addon.codecs
2026-05-01 11:08:17 [DEBUG   ] apk_extractor        arch(MiXCodecs_B2512131-universal.apk) = universal  (lib dirs found: {'x64', 'arm64', 'x86', 'arm'})
2026-05-01 11:08:17 [INFO    ] apk_extractor        ✓ MiXCodecs_B2512131-universal.apk: vn=2.9  vc=2512131  arch=universal  confidence=high  methods=['aapt', 'androguard']
2026-05-01 11:08:17 [INFO    ] apk_extractor        Extracting version from MiXCodecs_B2512132-arm.apk …
2026-05-01 11:08:17 [DEBUG   ] apk_extractor        [aapt] vn=2.9  vc=2512132  pkg=com.mixplorer.addon.codecs
2026-05-01 11:08:17 [WARNING ] apk_extractor        pyaxmlparser error on MiXCodecs_B2512132-arm.apk: 'APK' object has no attribute 'get_app_version'
2026-05-01 11:08:17 [WARNING ] apk_extractor        Only 1 of 2 fast methods succeeded for MiXCodecs_B2512132-arm.apk. Running tiebreaker.
2026-05-01 11:08:17 [WARNING ] androguard.core.api_specific_resources Requested API level 36 is larger than maximum we have, returning API level 28 instead.
2026-05-01 11:08:17 [DEBUG   ] apk_extractor        [androguard] vn=2.9  vc=2512132  pkg=com.mixplorer.addon.codecs
2026-05-01 11:08:17 [DEBUG   ] apk_extractor        arch(MiXCodecs_B2512132-arm.apk) = arm  (lib dirs found: {'arm'})
2026-05-01 11:08:17 [INFO    ] apk_extractor        ✓ MiXCodecs_B2512132-arm.apk: vn=2.9  vc=2512132  arch=arm  confidence=high  methods=['aapt', 'androguard']
2026-05-01 11:08:17 [INFO    ] apk_extractor        Extracting version from MiXCodecs_B2512133-arm64.apk …
2026-05-01 11:08:17 [DEBUG   ] apk_extractor        [aapt] vn=2.9  vc=2512133  pkg=com.mixplorer.addon.codecs
2026-05-01 11:08:17 [WARNING ] apk_extractor        pyaxmlparser error on MiXCodecs_B2512133-arm64.apk: 'APK' object has no attribute 'get_app_version'
2026-05-01 11:08:17 [WARNING ] apk_extractor        Only 1 of 2 fast methods succeeded for MiXCodecs_B2512133-arm64.apk. Running tiebreaker.
2026-05-01 11:08:17 [WARNING ] androguard.core.api_specific_resources Requested API level 36 is larger than maximum we have, returning API level 28 instead.
2026-05-01 11:08:17 [DEBUG   ] apk_extractor        [androguard] vn=2.9  vc=2512133  pkg=com.mixplorer.addon.codecs
2026-05-01 11:08:17 [DEBUG   ] apk_extractor        arch(MiXCodecs_B2512133-arm64.apk) = arm64  (lib dirs found: {'arm64'})
2026-05-01 11:08:17 [INFO    ] apk_extractor        ✓ MiXCodecs_B2512133-arm64.apk: vn=2.9  vc=2512133  arch=arm64  confidence=high  methods=['aapt', 'androguard']
2026-05-01 11:08:17 [INFO    ] apk_extractor        Extracting version from MiXCodecs_B2512134-x86.apk …
2026-05-01 11:08:17 [DEBUG   ] apk_extractor        [aapt] vn=2.9  vc=2512134  pkg=com.mixplorer.addon.codecs
2026-05-01 11:08:17 [WARNING ] apk_extractor        pyaxmlparser error on MiXCodecs_B2512134-x86.apk: 'APK' object has no attribute 'get_app_version'
2026-05-01 11:08:17 [WARNING ] apk_extractor        Only 1 of 2 fast methods succeeded for MiXCodecs_B2512134-x86.apk. Running tiebreaker.
2026-05-01 11:08:17 [WARNING ] androguard.core.api_specific_resources Requested API level 36 is larger than maximum we have, returning API level 28 instead.
2026-05-01 11:08:17 [DEBUG   ] apk_extractor        [androguard] vn=2.9  vc=2512134  pkg=com.mixplorer.addon.codecs
2026-05-01 11:08:17 [DEBUG   ] apk_extractor        arch(MiXCodecs_B2512134-x86.apk) = x86  (lib dirs found: {'x86'})
2026-05-01 11:08:17 [INFO    ] apk_extractor        ✓ MiXCodecs_B2512134-x86.apk: vn=2.9  vc=2512134  arch=x86  confidence=high  methods=['aapt', 'androguard']
2026-05-01 11:08:17 [INFO    ] apk_extractor        Extracting version from MiXCodecs_B2512135-x64.apk …
2026-05-01 11:08:17 [DEBUG   ] apk_extractor        [aapt] vn=2.9  vc=2512135  pkg=com.mixplorer.addon.codecs
2026-05-01 11:08:17 [WARNING ] apk_extractor        pyaxmlparser error on MiXCodecs_B2512135-x64.apk: 'APK' object has no attribute 'get_app_version'
2026-05-01 11:08:17 [WARNING ] apk_extractor        Only 1 of 2 fast methods succeeded for MiXCodecs_B2512135-x64.apk. Running tiebreaker.
2026-05-01 11:08:17 [WARNING ] androguard.core.api_specific_resources Requested API level 36 is larger than maximum we have, returning API level 28 instead.
2026-05-01 11:08:17 [DEBUG   ] apk_extractor        [androguard] vn=2.9  vc=2512135  pkg=com.mixplorer.addon.codecs
2026-05-01 11:08:17 [DEBUG   ] apk_extractor        arch(MiXCodecs_B2512135-x64.apk) = x64  (lib dirs found: {'x64'})
2026-05-01 11:08:17 [INFO    ] apk_extractor        ✓ MiXCodecs_B2512135-x64.apk: vn=2.9  vc=2512135  arch=x64  confidence=high  methods=['aapt', 'androguard']
2026-05-01 11:08:17 [INFO    ] main                   New version detected: MiX_Player_Codecs v2.9
2026-05-01 11:08:17 [DEBUG   ] apk_renamer            MiXCodecs_B2512131-universal.apk  →  MiX_Player_Codecs_v2.9_B2512131-universal.apk
2026-05-01 11:08:17 [DEBUG   ] apk_renamer            MiXCodecs_B2512132-arm.apk  →  MiX_Player_Codecs_v2.9_B2512132-arm.apk
2026-05-01 11:08:17 [DEBUG   ] apk_renamer            MiXCodecs_B2512133-arm64.apk  →  MiX_Player_Codecs_v2.9_B2512133-arm64.apk
2026-05-01 11:08:17 [DEBUG   ] apk_renamer            MiXCodecs_B2512134-x86.apk  →  MiX_Player_Codecs_v2.9_B2512134-x86.apk
2026-05-01 11:08:17 [DEBUG   ] apk_renamer            MiXCodecs_B2512135-x64.apk  →  MiX_Player_Codecs_v2.9_B2512135-x64.apk
2026-05-01 11:08:17 [INFO    ] main                   Renamed: MiXCodecs_B2512131-universal.apk  →  MiX_Player_Codecs_v2.9_B2512131-universal.apk
2026-05-01 11:08:17 [INFO    ] main                   Renamed: MiXCodecs_B2512132-arm.apk  →  MiX_Player_Codecs_v2.9_B2512132-arm.apk
2026-05-01 11:08:17 [INFO    ] main                   Renamed: MiXCodecs_B2512133-arm64.apk  →  MiX_Player_Codecs_v2.9_B2512133-arm64.apk
2026-05-01 11:08:17 [INFO    ] main                   Renamed: MiXCodecs_B2512134-x86.apk  →  MiX_Player_Codecs_v2.9_B2512134-x86.apk
2026-05-01 11:08:17 [INFO    ] main                   Renamed: MiXCodecs_B2512135-x64.apk  →  MiX_Player_Codecs_v2.9_B2512135-x64.apk
2026-05-01 11:08:18 [INFO    ] release_manager      Created release: https://github.com/nOneCode4u/mixplorer-releases-google/releases/tag/MiX_Player_Codecs-v2.9
2026-05-01 11:08:22 [INFO    ] release_manager        Uploaded: MiX_Player_Codecs_v2.9_B2512131-universal.apk  (82,757,237 bytes)
2026-05-01 11:08:23 [INFO    ] release_manager        Uploaded: MiX_Player_Codecs_v2.9_B2512132-arm.apk  (19,743,479 bytes)
2026-05-01 11:08:25 [INFO    ] release_manager        Uploaded: MiX_Player_Codecs_v2.9_B2512133-arm64.apk  (20,651,386 bytes)
2026-05-01 11:08:26 [INFO    ] release_manager        Uploaded: MiX_Player_Codecs_v2.9_B2512134-x86.apk  (20,663,863 bytes)
2026-05-01 11:08:28 [INFO    ] release_manager        Uploaded: MiX_Player_Codecs_v2.9_B2512135-x64.apk  (21,982,792 bytes)
2026-05-01 11:08:28 [INFO    ] release_manager      Verification PASSED — all 5 assets confirmed.
2026-05-01 11:08:28 [INFO    ] main                 ✓ Released: MiX_Player_Codecs v2.9
2026-05-01 11:08:28 [INFO    ] main                 ──────────────────────────────────────────────────
2026-05-01 11:08:28 [INFO    ] main                 App: MiX_Tagger  (Drive folder: MiX Tagger)
2026-05-01 11:08:28 [DEBUG   ] drive_client         list_folder(1U0-6e9LcJ_o7ImGeTddCcSOCVIW5FR52): 5 items
2026-05-01 11:08:28 [INFO    ] main                 Found 5 APK(s): ['MiXTagger_B2602240.apk', 'MiXTagger_B2602241-arm.apk', 'MiXTagger_B2602242-arm64.apk', 'MiXTagger_B2602243-x86.apk', 'MiXTagger_B2602244-x64.apk']
2026-05-01 11:08:28 [INFO    ] drive_client         Downloading MiXTagger_B2602240.apk (attempt 1/3) …
2026-05-01 11:08:29 [INFO    ] drive_client         Downloaded MiXTagger_B2602240.apk (1,162,024 bytes)
2026-05-01 11:08:29 [INFO    ] drive_client         Downloading MiXTagger_B2602241-arm.apk (attempt 1/3) …
2026-05-01 11:08:30 [INFO    ] drive_client         Downloaded MiXTagger_B2602241-arm.apk (890,840 bytes)
2026-05-01 11:08:30 [INFO    ] drive_client         Downloading MiXTagger_B2602242-arm64.apk (attempt 1/3) …
2026-05-01 11:08:31 [INFO    ] drive_client         Downloaded MiXTagger_B2602242-arm64.apk (918,185 bytes)
2026-05-01 11:08:31 [INFO    ] drive_client         Downloading MiXTagger_B2602243-x86.apk (attempt 1/3) …
2026-05-01 11:08:32 [INFO    ] drive_client         Downloaded MiXTagger_B2602243-x86.apk (906,073 bytes)
2026-05-01 11:08:32 [INFO    ] drive_client         Downloading MiXTagger_B2602244-x64.apk (attempt 1/3) …
2026-05-01 11:08:33 [INFO    ] drive_client         Downloaded MiXTagger_B2602244-x64.apk (921,268 bytes)
2026-05-01 11:08:33 [INFO    ] apk_extractor        Extracting version from MiXTagger_B2602240.apk …
2026-05-01 11:08:33 [DEBUG   ] apk_extractor        [aapt] vn=1.11  vc=2602240  pkg=com.mixplorer.addon.tagger
2026-05-01 11:08:33 [WARNING ] apk_extractor        pyaxmlparser error on MiXTagger_B2602240.apk: 'APK' object has no attribute 'get_app_version'
2026-05-01 11:08:33 [WARNING ] apk_extractor        Only 1 of 2 fast methods succeeded for MiXTagger_B2602240.apk. Running tiebreaker.
2026-05-01 11:08:33 [WARNING ] androguard.core.api_specific_resources Requested API level 36 is larger than maximum we have, returning API level 28 instead.
2026-05-01 11:08:36 [DEBUG   ] apk_extractor        [androguard] vn=1.11  vc=2602240  pkg=com.mixplorer.addon.tagger
2026-05-01 11:08:36 [DEBUG   ] apk_extractor        arch(MiXTagger_B2602240.apk) = universal  (lib dirs found: {'x64', 'arm64', 'x86', 'arm'})
2026-05-01 11:08:36 [INFO    ] apk_extractor        ✓ MiXTagger_B2602240.apk: vn=1.11  vc=2602240  arch=universal  confidence=high  methods=['aapt', 'androguard']
2026-05-01 11:08:36 [INFO    ] apk_extractor        Extracting version from MiXTagger_B2602241-arm.apk …
2026-05-01 11:08:36 [DEBUG   ] apk_extractor        [aapt] vn=1.11  vc=2602241  pkg=com.mixplorer.addon.tagger
2026-05-01 11:08:36 [WARNING ] apk_extractor        pyaxmlparser error on MiXTagger_B2602241-arm.apk: 'APK' object has no attribute 'get_app_version'
2026-05-01 11:08:36 [WARNING ] apk_extractor        Only 1 of 2 fast methods succeeded for MiXTagger_B2602241-arm.apk. Running tiebreaker.
2026-05-01 11:08:36 [WARNING ] androguard.core.api_specific_resources Requested API level 36 is larger than maximum we have, returning API level 28 instead.
2026-05-01 11:08:40 [DEBUG   ] apk_extractor        [androguard] vn=1.11  vc=2602241  pkg=com.mixplorer.addon.tagger
2026-05-01 11:08:40 [DEBUG   ] apk_extractor        arch(MiXTagger_B2602241-arm.apk) = arm  (lib dirs found: {'arm'})
2026-05-01 11:08:40 [INFO    ] apk_extractor        ✓ MiXTagger_B2602241-arm.apk: vn=1.11  vc=2602241  arch=arm  confidence=high  methods=['aapt', 'androguard']
2026-05-01 11:08:40 [INFO    ] apk_extractor        Extracting version from MiXTagger_B2602242-arm64.apk …
2026-05-01 11:08:40 [DEBUG   ] apk_extractor        [aapt] vn=1.11  vc=2602242  pkg=com.mixplorer.addon.tagger
2026-05-01 11:08:40 [WARNING ] apk_extractor        pyaxmlparser error on MiXTagger_B2602242-arm64.apk: 'APK' object has no attribute 'get_app_version'
2026-05-01 11:08:40 [WARNING ] apk_extractor        Only 1 of 2 fast methods succeeded for MiXTagger_B2602242-arm64.apk. Running tiebreaker.
2026-05-01 11:08:40 [WARNING ] androguard.core.api_specific_resources Requested API level 36 is larger than maximum we have, returning API level 28 instead.
2026-05-01 11:08:43 [DEBUG   ] apk_extractor        [androguard] vn=1.11  vc=2602242  pkg=com.mixplorer.addon.tagger
2026-05-01 11:08:43 [DEBUG   ] apk_extractor        arch(MiXTagger_B2602242-arm64.apk) = arm64  (lib dirs found: {'arm64'})
2026-05-01 11:08:43 [INFO    ] apk_extractor        ✓ MiXTagger_B2602242-arm64.apk: vn=1.11  vc=2602242  arch=arm64  confidence=high  methods=['aapt', 'androguard']
2026-05-01 11:08:43 [INFO    ] apk_extractor        Extracting version from MiXTagger_B2602243-x86.apk …
2026-05-01 11:08:43 [DEBUG   ] apk_extractor        [aapt] vn=1.11  vc=2602243  pkg=com.mixplorer.addon.tagger
2026-05-01 11:08:43 [WARNING ] apk_extractor        pyaxmlparser error on MiXTagger_B2602243-x86.apk: 'APK' object has no attribute 'get_app_version'
2026-05-01 11:08:43 [WARNING ] apk_extractor        Only 1 of 2 fast methods succeeded for MiXTagger_B2602243-x86.apk. Running tiebreaker.
2026-05-01 11:08:43 [WARNING ] androguard.core.api_specific_resources Requested API level 36 is larger than maximum we have, returning API level 28 instead.
2026-05-01 11:08:47 [DEBUG   ] apk_extractor        [androguard] vn=1.11  vc=2602243  pkg=com.mixplorer.addon.tagger
2026-05-01 11:08:47 [DEBUG   ] apk_extractor        arch(MiXTagger_B2602243-x86.apk) = x86  (lib dirs found: {'x86'})
2026-05-01 11:08:47 [INFO    ] apk_extractor        ✓ MiXTagger_B2602243-x86.apk: vn=1.11  vc=2602243  arch=x86  confidence=high  methods=['aapt', 'androguard']
2026-05-01 11:08:47 [INFO    ] apk_extractor        Extracting version from MiXTagger_B2602244-x64.apk …
2026-05-01 11:08:47 [DEBUG   ] apk_extractor        [aapt] vn=1.11  vc=2602244  pkg=com.mixplorer.addon.tagger
2026-05-01 11:08:47 [WARNING ] apk_extractor        pyaxmlparser error on MiXTagger_B2602244-x64.apk: 'APK' object has no attribute 'get_app_version'
2026-05-01 11:08:47 [WARNING ] apk_extractor        Only 1 of 2 fast methods succeeded for MiXTagger_B2602244-x64.apk. Running tiebreaker.
2026-05-01 11:08:47 [WARNING ] androguard.core.api_specific_resources Requested API level 36 is larger than maximum we have, returning API level 28 instead.
2026-05-01 11:08:50 [DEBUG   ] apk_extractor        [androguard] vn=1.11  vc=2602244  pkg=com.mixplorer.addon.tagger
2026-05-01 11:08:50 [DEBUG   ] apk_extractor        arch(MiXTagger_B2602244-x64.apk) = x64  (lib dirs found: {'x64'})
2026-05-01 11:08:50 [INFO    ] apk_extractor        ✓ MiXTagger_B2602244-x64.apk: vn=1.11  vc=2602244  arch=x64  confidence=high  methods=['aapt', 'androguard']
2026-05-01 11:08:50 [INFO    ] main                   New version detected: MiX_Tagger v1.11
2026-05-01 11:08:50 [DEBUG   ] apk_renamer            MiXTagger_B2602240.apk  →  MiX_Tagger_v1.11_B2602240-universal.apk
2026-05-01 11:08:50 [DEBUG   ] apk_renamer            MiXTagger_B2602241-arm.apk  →  MiX_Tagger_v1.11_B2602241-arm.apk
2026-05-01 11:08:50 [DEBUG   ] apk_renamer            MiXTagger_B2602242-arm64.apk  →  MiX_Tagger_v1.11_B2602242-arm64.apk
2026-05-01 11:08:50 [DEBUG   ] apk_renamer            MiXTagger_B2602243-x86.apk  →  MiX_Tagger_v1.11_B2602243-x86.apk
2026-05-01 11:08:50 [DEBUG   ] apk_renamer            MiXTagger_B2602244-x64.apk  →  MiX_Tagger_v1.11_B2602244-x64.apk
2026-05-01 11:08:50 [INFO    ] main                   Renamed: MiXTagger_B2602240.apk  →  MiX_Tagger_v1.11_B2602240-universal.apk
2026-05-01 11:08:50 [INFO    ] main                   Renamed: MiXTagger_B2602241-arm.apk  →  MiX_Tagger_v1.11_B2602241-arm.apk
2026-05-01 11:08:50 [INFO    ] main                   Renamed: MiXTagger_B2602242-arm64.apk  →  MiX_Tagger_v1.11_B2602242-arm64.apk
2026-05-01 11:08:50 [INFO    ] main                   Renamed: MiXTagger_B2602243-x86.apk  →  MiX_Tagger_v1.11_B2602243-x86.apk
2026-05-01 11:08:50 [INFO    ] main                   Renamed: MiXTagger_B2602244-x64.apk  →  MiX_Tagger_v1.11_B2602244-x64.apk
2026-05-01 11:08:51 [INFO    ] release_manager      Created release: https://github.com/nOneCode4u/mixplorer-releases-google/releases/tag/MiX_Tagger-v1.11
2026-05-01 11:08:52 [INFO    ] release_manager        Uploaded: MiX_Tagger_v1.11_B2602240-universal.apk  (1,162,024 bytes)
2026-05-01 11:08:52 [INFO    ] release_manager        Uploaded: MiX_Tagger_v1.11_B2602241-arm.apk  (890,840 bytes)
2026-05-01 11:08:53 [INFO    ] release_manager        Uploaded: MiX_Tagger_v1.11_B2602242-arm64.apk  (918,185 bytes)
2026-05-01 11:08:53 [INFO    ] release_manager        Uploaded: MiX_Tagger_v1.11_B2602243-x86.apk  (906,073 bytes)
2026-05-01 11:08:54 [INFO    ] release_manager        Uploaded: MiX_Tagger_v1.11_B2602244-x64.apk  (921,268 bytes)
2026-05-01 11:08:54 [INFO    ] release_manager      Verification PASSED — all 5 assets confirmed.
2026-05-01 11:08:54 [INFO    ] main                 ✓ Released: MiX_Tagger v1.11
2026-05-01 11:08:54 [INFO    ] main                 ──────────────────────────────────────────────────
2026-05-01 11:08:54 [INFO    ] main                 App: MiXplorer-v6.70.3  (Drive folder: MiXplorer-v6.70.3)
2026-05-01 11:08:54 [DEBUG   ] drive_client         list_folder(1VQTQFTUVPKGVCtKROq5J_R7CyJLDTLto): 5 items
2026-05-01 11:08:54 [INFO    ] main                 Found 5 APK(s): ['MiXplorer_v6.70.3_B26022810.apk', 'MiXplorer_v6.70.3_B26022811-arm.apk', 'MiXplorer_v6.70.3_B26022812-arm64.apk', 'MiXplorer_v6.70.3_B26022813-x86.apk', 'MiXplorer_v6.70.3_B26022814-x64.apk']
2026-05-01 11:08:54 [INFO    ] drive_client         Downloading MiXplorer_v6.70.3_B26022810.apk (attempt 1/3) …
2026-05-01 11:08:57 [INFO    ] drive_client         Downloaded MiXplorer_v6.70.3_B26022810.apk (7,987,201 bytes)
2026-05-01 11:08:57 [INFO    ] drive_client         Downloading MiXplorer_v6.70.3_B26022811-arm.apk (attempt 1/3) …
2026-05-01 11:08:58 [INFO    ] drive_client         Downloaded MiXplorer_v6.70.3_B26022811-arm.apk (4,985,410 bytes)
2026-05-01 11:08:58 [INFO    ] drive_client         Downloading MiXplorer_v6.70.3_B26022812-arm64.apk (attempt 1/3) …
2026-05-01 11:09:00 [INFO    ] drive_client         Downloaded MiXplorer_v6.70.3_B26022812-arm64.apk (5,055,131 bytes)
2026-05-01 11:09:00 [INFO    ] drive_client         Downloading MiXplorer_v6.70.3_B26022813-x86.apk (attempt 1/3) …
2026-05-01 11:09:02 [INFO    ] drive_client         Downloaded MiXplorer_v6.70.3_B26022813-x86.apk (5,151,722 bytes)
2026-05-01 11:09:02 [INFO    ] drive_client         Downloading MiXplorer_v6.70.3_B26022814-x64.apk (attempt 1/3) …
2026-05-01 11:09:03 [INFO    ] drive_client         Downloaded MiXplorer_v6.70.3_B26022814-x64.apk (5,150,442 bytes)
2026-05-01 11:09:03 [INFO    ] apk_extractor        Extracting version from MiXplorer_v6.70.3_B26022810.apk …
2026-05-01 11:09:03 [DEBUG   ] apk_extractor        [aapt] vn=6.70.3  vc=26022810  pkg=com.mixplorer
2026-05-01 11:09:03 [WARNING ] apk_extractor        pyaxmlparser error on MiXplorer_v6.70.3_B26022810.apk: 'APK' object has no attribute 'get_app_version'
2026-05-01 11:09:03 [WARNING ] apk_extractor        Only 1 of 2 fast methods succeeded for MiXplorer_v6.70.3_B26022810.apk. Running tiebreaker.
2026-05-01 11:09:03 [WARNING ] androguard.core.api_specific_resources Requested API level 36 is larger than maximum we have, returning API level 28 instead.
2026-05-01 11:09:16 [DEBUG   ] apk_extractor        [androguard] vn=6.70.3  vc=26022810  pkg=com.mixplorer
2026-05-01 11:09:16 [DEBUG   ] apk_extractor        arch(MiXplorer_v6.70.3_B26022810.apk) = universal  (lib dirs found: {'x64', 'arm64', 'x86', 'arm'})
2026-05-01 11:09:16 [INFO    ] apk_extractor        ✓ MiXplorer_v6.70.3_B26022810.apk: vn=6.70.3  vc=26022810  arch=universal  confidence=high  methods=['aapt', 'androguard']
2026-05-01 11:09:16 [INFO    ] apk_extractor        Extracting version from MiXplorer_v6.70.3_B26022811-arm.apk …
2026-05-01 11:09:16 [DEBUG   ] apk_extractor        [aapt] vn=6.70.3  vc=26022811  pkg=com.mixplorer
2026-05-01 11:09:16 [WARNING ] apk_extractor        pyaxmlparser error on MiXplorer_v6.70.3_B26022811-arm.apk: 'APK' object has no attribute 'get_app_version'
2026-05-01 11:09:16 [WARNING ] apk_extractor        Only 1 of 2 fast methods succeeded for MiXplorer_v6.70.3_B26022811-arm.apk. Running tiebreaker.
2026-05-01 11:09:16 [WARNING ] androguard.core.api_specific_resources Requested API level 36 is larger than maximum we have, returning API level 28 instead.
2026-05-01 11:09:30 [DEBUG   ] apk_extractor        [androguard] vn=6.70.3  vc=26022811  pkg=com.mixplorer
2026-05-01 11:09:30 [DEBUG   ] apk_extractor        arch(MiXplorer_v6.70.3_B26022811-arm.apk) = arm  (lib dirs found: {'arm'})
2026-05-01 11:09:30 [INFO    ] apk_extractor        ✓ MiXplorer_v6.70.3_B26022811-arm.apk: vn=6.70.3  vc=26022811  arch=arm  confidence=high  methods=['aapt', 'androguard']
2026-05-01 11:09:30 [INFO    ] apk_extractor        Extracting version from MiXplorer_v6.70.3_B26022812-arm64.apk …
2026-05-01 11:09:30 [DEBUG   ] apk_extractor        [aapt] vn=6.70.3  vc=26022812  pkg=com.mixplorer
2026-05-01 11:09:30 [WARNING ] apk_extractor        pyaxmlparser error on MiXplorer_v6.70.3_B26022812-arm64.apk: 'APK' object has no attribute 'get_app_version'
2026-05-01 11:09:30 [WARNING ] apk_extractor        Only 1 of 2 fast methods succeeded for MiXplorer_v6.70.3_B26022812-arm64.apk. Running tiebreaker.
2026-05-01 11:09:30 [WARNING ] androguard.core.api_specific_resources Requested API level 36 is larger than maximum we have, returning API level 28 instead.
2026-05-01 11:09:44 [DEBUG   ] apk_extractor        [androguard] vn=6.70.3  vc=26022812  pkg=com.mixplorer
2026-05-01 11:09:44 [DEBUG   ] apk_extractor        arch(MiXplorer_v6.70.3_B26022812-arm64.apk) = arm64  (lib dirs found: {'arm64'})
2026-05-01 11:09:44 [INFO    ] apk_extractor        ✓ MiXplorer_v6.70.3_B26022812-arm64.apk: vn=6.70.3  vc=26022812  arch=arm64  confidence=high  methods=['aapt', 'androguard']
2026-05-01 11:09:44 [INFO    ] apk_extractor        Extracting version from MiXplorer_v6.70.3_B26022813-x86.apk …
2026-05-01 11:09:44 [DEBUG   ] apk_extractor        [aapt] vn=6.70.3  vc=26022813  pkg=com.mixplorer
2026-05-01 11:09:44 [WARNING ] apk_extractor        pyaxmlparser error on MiXplorer_v6.70.3_B26022813-x86.apk: 'APK' object has no attribute 'get_app_version'
2026-05-01 11:09:44 [WARNING ] apk_extractor        Only 1 of 2 fast methods succeeded for MiXplorer_v6.70.3_B26022813-x86.apk. Running tiebreaker.
2026-05-01 11:09:44 [WARNING ] androguard.core.api_specific_resources Requested API level 36 is larger than maximum we have, returning API level 28 instead.
2026-05-01 11:09:58 [DEBUG   ] apk_extractor        [androguard] vn=6.70.3  vc=26022813  pkg=com.mixplorer
2026-05-01 11:09:58 [DEBUG   ] apk_extractor        arch(MiXplorer_v6.70.3_B26022813-x86.apk) = x86  (lib dirs found: {'x86'})
2026-05-01 11:09:58 [INFO    ] apk_extractor        ✓ MiXplorer_v6.70.3_B26022813-x86.apk: vn=6.70.3  vc=26022813  arch=x86  confidence=high  methods=['aapt', 'androguard']
2026-05-01 11:09:58 [INFO    ] apk_extractor        Extracting version from MiXplorer_v6.70.3_B26022814-x64.apk …
2026-05-01 11:09:58 [DEBUG   ] apk_extractor        [aapt] vn=6.70.3  vc=26022814  pkg=com.mixplorer
2026-05-01 11:09:58 [WARNING ] apk_extractor        pyaxmlparser error on MiXplorer_v6.70.3_B26022814-x64.apk: 'APK' object has no attribute 'get_app_version'
2026-05-01 11:09:58 [WARNING ] apk_extractor        Only 1 of 2 fast methods succeeded for MiXplorer_v6.70.3_B26022814-x64.apk. Running tiebreaker.
2026-05-01 11:09:58 [WARNING ] androguard.core.api_specific_resources Requested API level 36 is larger than maximum we have, returning API level 28 instead.
2026-05-01 11:10:12 [DEBUG   ] apk_extractor        [androguard] vn=6.70.3  vc=26022814  pkg=com.mixplorer
2026-05-01 11:10:12 [DEBUG   ] apk_extractor        arch(MiXplorer_v6.70.3_B26022814-x64.apk) = x64  (lib dirs found: {'x64'})
2026-05-01 11:10:12 [INFO    ] apk_extractor        ✓ MiXplorer_v6.70.3_B26022814-x64.apk: vn=6.70.3  vc=26022814  arch=x64  confidence=high  methods=['aapt', 'androguard']
2026-05-01 11:10:12 [INFO    ] main                   New version detected: MiXplorer-v6.70.3 v6.70.3
2026-05-01 11:10:12 [DEBUG   ] apk_renamer            MiXplorer_v6.70.3_B26022810.apk  →  MiXplorer-v6.70.3_v6.70.3_B26022810-universal.apk
2026-05-01 11:10:12 [DEBUG   ] apk_renamer            MiXplorer_v6.70.3_B26022811-arm.apk  →  MiXplorer-v6.70.3_v6.70.3_B26022811-arm.apk
2026-05-01 11:10:12 [DEBUG   ] apk_renamer            MiXplorer_v6.70.3_B26022812-arm64.apk  →  MiXplorer-v6.70.3_v6.70.3_B26022812-arm64.apk
2026-05-01 11:10:12 [DEBUG   ] apk_renamer            MiXplorer_v6.70.3_B26022813-x86.apk  →  MiXplorer-v6.70.3_v6.70.3_B26022813-x86.apk
2026-05-01 11:10:12 [DEBUG   ] apk_renamer            MiXplorer_v6.70.3_B26022814-x64.apk  →  MiXplorer-v6.70.3_v6.70.3_B26022814-x64.apk
2026-05-01 11:10:12 [INFO    ] main                   Renamed: MiXplorer_v6.70.3_B26022810.apk  →  MiXplorer-v6.70.3_v6.70.3_B26022810-universal.apk
2026-05-01 11:10:12 [INFO    ] main                   Renamed: MiXplorer_v6.70.3_B26022811-arm.apk  →  MiXplorer-v6.70.3_v6.70.3_B26022811-arm.apk
2026-05-01 11:10:12 [INFO    ] main                   Renamed: MiXplorer_v6.70.3_B26022812-arm64.apk  →  MiXplorer-v6.70.3_v6.70.3_B26022812-arm64.apk
2026-05-01 11:10:12 [INFO    ] main                   Renamed: MiXplorer_v6.70.3_B26022813-x86.apk  →  MiXplorer-v6.70.3_v6.70.3_B26022813-x86.apk
2026-05-01 11:10:12 [INFO    ] main                   Renamed: MiXplorer_v6.70.3_B26022814-x64.apk  →  MiXplorer-v6.70.3_v6.70.3_B26022814-x64.apk
2026-05-01 11:10:13 [INFO    ] release_manager      Created release: https://github.com/nOneCode4u/mixplorer-releases-google/releases/tag/MiXplorer-v6.70.3-v6.70.3
2026-05-01 11:10:14 [INFO    ] release_manager        Uploaded: MiXplorer-v6.70.3_v6.70.3_B26022810-universal.apk  (7,987,201 bytes)
2026-05-01 11:10:15 [INFO    ] release_manager        Uploaded: MiXplorer-v6.70.3_v6.70.3_B26022811-arm.apk  (4,985,410 bytes)
2026-05-01 11:10:16 [INFO    ] release_manager        Uploaded: MiXplorer-v6.70.3_v6.70.3_B26022812-arm64.apk  (5,055,131 bytes)
2026-05-01 11:10:17 [INFO    ] release_manager        Uploaded: MiXplorer-v6.70.3_v6.70.3_B26022813-x86.apk  (5,151,722 bytes)
2026-05-01 11:10:18 [INFO    ] release_manager        Uploaded: MiXplorer-v6.70.3_v6.70.3_B26022814-x64.apk  (5,150,442 bytes)
2026-05-01 11:10:18 [INFO    ] release_manager      Verification PASSED — all 5 assets confirmed.
2026-05-01 11:10:18 [INFO    ] main                 ✓ Released: MiXplorer-v6.70.3 v6.70.3
2026-05-01 11:10:18 [INFO    ] main                 ============================================================
2026-05-01 11:10:18 [INFO    ] main                 Pipeline complete — Released=7  Skipped=0  Failed=0
2026-05-01 11:10:18 [INFO    ] main                 Results: {'MiX_Archive': 'released', 'MiX_Encrypt': 'released', 'MiX_Image': 'released', 'MiX_PDF': 'released', 'MiX_Player_Codecs': 'released', 'MiX_Tagger': 'released', 'MiXplorer-v6.70.3': 'released'}
2026-05-01 11:10:18 [INFO    ] main                 ============================================================
2026-05-01 11:10:18 [INFO    ] state_manager        State → Running  |  Success
